[2024-09-04 09:50:04,769] multiqc                                            [DEBUG  ]  This is MultiQC v1.21
[2024-09-04 09:50:04,775] multiqc                                            [DEBUG  ]  Loading config settings from: multiqc_config.yml
[2024-09-04 09:50:04,775] multiqc                                            [DEBUG  ]  New config: {'report_comment': 'This report has been generated by the <a href="https://github.com/nf-core/crispriscreen/tree/dev" target="_blank">nf-core/crispriscreen</a> analysis pipeline. For information about how to interpret these results, please see the <a href="https://nf-co.re/crispriscreen/dev/docs/output" target="_blank">documentation</a>.\n', 'report_section_order': {'nf-core-crispriscreen-methods-description': {'order': -1000}, 'software_versions': {'order': -1001}, 'nf-core-crispriscreen-summary': {'order': -1002}}, 'export_plots': True, 'disable_version_detection': True}
[2024-09-04 09:50:04,776] multiqc                                            [DEBUG  ]  Loading config settings from: multiqc_config.yml
[2024-09-04 09:50:04,776] multiqc                                            [DEBUG  ]  New config: {'report_comment': 'This report has been generated by the <a href="https://github.com/nf-core/crispriscreen/tree/dev" target="_blank">nf-core/crispriscreen</a> analysis pipeline. For information about how to interpret these results, please see the <a href="https://nf-co.re/crispriscreen/dev/docs/output" target="_blank">documentation</a>.\n', 'report_section_order': {'nf-core-crispriscreen-methods-description': {'order': -1000}, 'software_versions': {'order': -1001}, 'nf-core-crispriscreen-summary': {'order': -1002}}, 'export_plots': True, 'disable_version_detection': True}
[2024-09-04 09:50:04,776] multiqc                                            [DEBUG  ]  Command used: /usr/local/bin/multiqc --force --config multiqc_config.yml .
[2024-09-04 09:50:05,146] multiqc                                            [WARNING]  MultiQC Version v1.24.1 now available!
[2024-09-04 09:50:05,146] multiqc                                            [DEBUG  ]  Latest MultiQC version is v1.24.1, released 2024-08-21
[2024-09-04 09:50:05,146] multiqc                                            [DEBUG  ]  Working dir : /home/ute/Documents/Manuscripts/2023-08_smallLibrary/nextflow_analysis/work/7d/c253d0420fa1e15ed71adec6030a44
[2024-09-04 09:50:05,146] multiqc                                            [DEBUG  ]  Template    : default
[2024-09-04 09:50:05,146] multiqc                                            [DEBUG  ]  Running Python 3.11.8 | packaged by conda-forge | (main, Feb 16 2024, 20:53:32) [GCC 12.3.0]
[2024-09-04 09:50:05,147] multiqc                                            [DEBUG  ]  Analysing modules: custom_content, ccs, ngsderive, purple, conpair, isoseq, lima, peddy, somalier, methylqa, mosdepth, phantompeakqualtools, qualimap, bamdst, preseq, hifiasm, quast, qorts, rna_seqc, rockhopper, rsem, rseqc, busco, bustools, goleft_indexcov, gffcompare, disambiguate, supernova, deeptools, sargasso, verifybamid, mirtrace, happy, mirtop, sambamba, gopeaks, homer, hops, macs2, theta2, snpeff, gatk, htseq, bcftools, featureCounts, fgbio, dragen, dragen_fastqc, dedup, pbmarkdup, damageprofiler, mapdamage, biobambam2, jcvi, mtnucratio, picard, vep, bakta, prokka, qc3C, nanostat, samblaster, samtools, sexdeterrmine, seqera_cli, eigenstratdatabasetools, bamtools, jellyfish, vcftools, longranger, stacks, varscan2, snippy, umitools, truvari, megahit, bbmap, bismark, biscuit, diamond, hicexplorer, hicup, hicpro, salmon, kallisto, slamdunk, star, hisat2, tophat, bowtie2, bowtie1, cellranger, snpsplit, odgi, pangolin, nextclade, freyja, humid, kat, leehom, librarian, nonpareil, adapterRemoval, bbduk, clipandmerge, cutadapt, flexbar, sourmash, kaiju, bracken, kraken, malt, motus, trimmomatic, sickle, skewer, sortmerna, biobloomtools, fastq_screen, afterqc, fastp, fastqc, filtlong, prinseqplusplus, pychopper, porechop, pycoqc, minionqc, anglerfish, multivcfanalyzer, clusterflow, checkqc, bcl2fastq, bclconvert, interop, ivar, flash, seqyclean, optitype, whatshap, spaceranger, xenome, xengsort, metaphlan, seqwho
[2024-09-04 09:50:05,147] multiqc                                            [DEBUG  ]  Using temporary directory for creating report: /tmp/tmpazw3syfb
[2024-09-04 09:50:05,148] multiqc                                            [INFO   ]  Search path : /home/ute/Documents/Manuscripts/2023-08_smallLibrary/nextflow_analysis/work/7d/c253d0420fa1e15ed71adec6030a44
[2024-09-04 09:50:05,376] multiqc                                            [DEBUG  ]  Summary of files that were skipped by the search: [skipped_module_specific_max_filesize: 89] // [skipped_no_match: 8]
[2024-09-04 09:50:05,394] multiqc.modules.custom_content.custom_content      [INFO   ]  nf-core-crispriscreen-summary: Found 1 sample (html)
[2024-09-04 09:50:05,394] multiqc.modules.custom_content.custom_content      [INFO   ]  nf-core-crispriscreen-methods-description: Found 1 sample (html)
[2024-09-04 09:50:05,406] multiqc.modules.featureCounts.feature_counts       [INFO   ]  Found 82 reports
[2024-09-04 09:50:05,407] multiqc.utils.util_functions                       [DEBUG  ]  Wrote data file multiqc_featureCounts.txt
[2024-09-04 09:50:05,532] multiqc.modules.cutadapt.cutadapt                  [INFO   ]  Found 82 reports
[2024-09-04 09:50:05,533] multiqc.utils.util_functions                       [DEBUG  ]  Wrote data file multiqc_cutadapt.txt
[2024-09-04 09:50:06,001] multiqc.modules.fastqc.fastqc                      [DEBUG  ]  Skipping 'HL_5N2_t7_R3_fastqc.zip' as already parsed 'HL_5N2_t7_R3'
[2024-09-04 09:50:06,036] multiqc.modules.fastqc.fastqc                      [DEBUG  ]  Skipping 'HL_5O2_t0_R4_fastqc.zip' as already parsed 'HL_5O2_t0_R4'
[2024-09-04 09:50:06,036] multiqc.modules.fastqc.fastqc                      [DEBUG  ]  Skipping 'HL_5N2_t4_R4_fastqc.zip' as already parsed 'HL_5N2_t4_R4'
[2024-09-04 09:50:06,036] multiqc.modules.fastqc.fastqc                      [DEBUG  ]  Skipping 'LD_N2_t0_R1_fastqc.zip' as already parsed 'LD_N2_t0_R1'
[2024-09-04 09:50:06,087] multiqc.modules.fastqc.fastqc                      [DEBUG  ]  Skipping 'LD_N2_t0_R2_fastqc.zip' as already parsed 'LD_N2_t0_R2'
[2024-09-04 09:50:06,158] multiqc.modules.fastqc.fastqc                      [DEBUG  ]  Skipping 'HL_5O2_t1_R4_fastqc.zip' as already parsed 'HL_5O2_t1_R4'
[2024-09-04 09:50:06,192] multiqc.modules.fastqc.fastqc                      [DEBUG  ]  Skipping 'HL_5O2_t6_R2_fastqc.zip' as already parsed 'HL_5O2_t6_R2'
[2024-09-04 09:50:06,277] multiqc.modules.fastqc.fastqc                      [DEBUG  ]  Skipping 'HL_5N2_t3_R2_fastqc.zip' as already parsed 'HL_5N2_t3_R2'
[2024-09-04 09:50:06,327] multiqc.modules.fastqc.fastqc                      [DEBUG  ]  Skipping 'HL_5O2_t3_R3_fastqc.zip' as already parsed 'HL_5O2_t3_R3'
[2024-09-04 09:50:06,344] multiqc.modules.fastqc.fastqc                      [DEBUG  ]  Skipping 'LD_N2_t1_R1_fastqc.zip' as already parsed 'LD_N2_t1_R1'
[2024-09-04 09:50:06,378] multiqc.modules.fastqc.fastqc                      [DEBUG  ]  Skipping 'HL_5N2_t4_R2_fastqc.zip' as already parsed 'HL_5N2_t4_R2'
[2024-09-04 09:50:06,397] multiqc.modules.fastqc.fastqc                      [DEBUG  ]  Skipping 'HL_5N2_t0_R1_fastqc.zip' as already parsed 'HL_5N2_t0_R1'
[2024-09-04 09:50:06,451] multiqc.modules.fastqc.fastqc                      [DEBUG  ]  Skipping 'HL_5N2_t5_R3_fastqc.zip' as already parsed 'HL_5N2_t5_R3'
[2024-09-04 09:50:06,469] multiqc.modules.fastqc.fastqc                      [DEBUG  ]  Skipping 'HL_5O2_t5_R3_fastqc.zip' as already parsed 'HL_5O2_t5_R3'
[2024-09-04 09:50:06,469] multiqc.modules.fastqc.fastqc                      [DEBUG  ]  Skipping 'HL_5O2_t0_R1_fastqc.zip' as already parsed 'HL_5O2_t0_R1'
[2024-09-04 09:50:06,469] multiqc.modules.fastqc.fastqc                      [DEBUG  ]  Skipping 'HL_5O2_t7_R1_fastqc.zip' as already parsed 'HL_5O2_t7_R1'
[2024-09-04 09:50:06,522] multiqc.modules.fastqc.fastqc                      [DEBUG  ]  Skipping 'pool_t0_R3_fastqc.zip' as already parsed 'pool_t0_R3'
[2024-09-04 09:50:06,539] multiqc.modules.fastqc.fastqc                      [DEBUG  ]  Skipping 'HL_5N2_t3_R1_fastqc.zip' as already parsed 'HL_5N2_t3_R1'
[2024-09-04 09:50:06,539] multiqc.modules.fastqc.fastqc                      [DEBUG  ]  Skipping 'HL_5O2_t7_R4_fastqc.zip' as already parsed 'HL_5O2_t7_R4'
[2024-09-04 09:50:06,593] multiqc.modules.fastqc.fastqc                      [DEBUG  ]  Skipping 'HL_5N2_t0_R4_fastqc.zip' as already parsed 'HL_5N2_t0_R4'
[2024-09-04 09:50:06,610] multiqc.modules.fastqc.fastqc                      [DEBUG  ]  Skipping 'pool_t1_R1_fastqc.zip' as already parsed 'pool_t1_R1'
[2024-09-04 09:50:06,626] multiqc.modules.fastqc.fastqc                      [DEBUG  ]  Skipping 'HL_5O2_t6_R1_fastqc.zip' as already parsed 'HL_5O2_t6_R1'
[2024-09-04 09:50:06,627] multiqc.modules.fastqc.fastqc                      [DEBUG  ]  Skipping 'LD_N2_t2_R1_fastqc.zip' as already parsed 'LD_N2_t2_R1'
[2024-09-04 09:50:06,643] multiqc.modules.fastqc.fastqc                      [DEBUG  ]  Skipping 'HL_5N2_t1_R2_fastqc.zip' as already parsed 'HL_5N2_t1_R2'
[2024-09-04 09:50:06,711] multiqc.modules.fastqc.fastqc                      [DEBUG  ]  Skipping 'pool_t1_R2_fastqc.zip' as already parsed 'pool_t1_R2'
[2024-09-04 09:50:06,711] multiqc.modules.fastqc.fastqc                      [DEBUG  ]  Skipping 'HL_5O2_t0_R2_fastqc.zip' as already parsed 'HL_5O2_t0_R2'
[2024-09-04 09:50:06,764] multiqc.modules.fastqc.fastqc                      [DEBUG  ]  Skipping 'HL_5O2_t5_R1_fastqc.zip' as already parsed 'HL_5O2_t5_R1'
[2024-09-04 09:50:06,765] multiqc.modules.fastqc.fastqc                      [DEBUG  ]  Skipping 'HL_5N2_t0_R3_fastqc.zip' as already parsed 'HL_5N2_t0_R3'
[2024-09-04 09:50:06,765] multiqc.modules.fastqc.fastqc                      [DEBUG  ]  Skipping 'HL_5O2_t2_R2_fastqc.zip' as already parsed 'HL_5O2_t2_R2'
[2024-09-04 09:50:06,781] multiqc.modules.fastqc.fastqc                      [DEBUG  ]  Skipping 'LD_N2_t3_R1_fastqc.zip' as already parsed 'LD_N2_t3_R1'
[2024-09-04 09:50:06,781] multiqc.modules.fastqc.fastqc                      [DEBUG  ]  Skipping 'HL_5O2_t1_R3_fastqc.zip' as already parsed 'HL_5O2_t1_R3'
[2024-09-04 09:50:06,798] multiqc.modules.fastqc.fastqc                      [DEBUG  ]  Skipping 'HL_5O2_t0_R3_fastqc.zip' as already parsed 'HL_5O2_t0_R3'
[2024-09-04 09:50:06,815] multiqc.modules.fastqc.fastqc                      [DEBUG  ]  Skipping 'pool_t0_R1_fastqc.zip' as already parsed 'pool_t0_R1'
[2024-09-04 09:50:06,856] multiqc.modules.fastqc.fastqc                      [DEBUG  ]  Skipping 'pool_t1_R3_fastqc.zip' as already parsed 'pool_t1_R3'
[2024-09-04 09:50:06,856] multiqc.modules.fastqc.fastqc                      [DEBUG  ]  Skipping 'HL_5N2_t4_R1_fastqc.zip' as already parsed 'HL_5N2_t4_R1'
[2024-09-04 09:50:06,856] multiqc.modules.fastqc.fastqc                      [DEBUG  ]  Skipping 'HL_5N2_t7_R4_fastqc.zip' as already parsed 'HL_5N2_t7_R4'
[2024-09-04 09:50:06,856] multiqc.modules.fastqc.fastqc                      [DEBUG  ]  Skipping 'HL_5O2_t7_R2_fastqc.zip' as already parsed 'HL_5O2_t7_R2'
[2024-09-04 09:50:06,856] multiqc.modules.fastqc.fastqc                      [DEBUG  ]  Skipping 'HL_5N2_t5_R1_fastqc.zip' as already parsed 'HL_5N2_t5_R1'
[2024-09-04 09:50:06,872] multiqc.modules.fastqc.fastqc                      [DEBUG  ]  Skipping 'HL_5N2_t4_R3_fastqc.zip' as already parsed 'HL_5N2_t4_R3'
[2024-09-04 09:50:06,873] multiqc.modules.fastqc.fastqc                      [DEBUG  ]  Skipping 'HL_5N2_t6_R1_fastqc.zip' as already parsed 'HL_5N2_t6_R1'
[2024-09-04 09:50:06,873] multiqc.modules.fastqc.fastqc                      [DEBUG  ]  Skipping 'HL_5N2_t3_R3_fastqc.zip' as already parsed 'HL_5N2_t3_R3'
[2024-09-04 09:50:06,873] multiqc.modules.fastqc.fastqc                      [DEBUG  ]  Skipping 'HL_5O2_t6_R3_fastqc.zip' as already parsed 'HL_5O2_t6_R3'
[2024-09-04 09:50:06,890] multiqc.modules.fastqc.fastqc                      [DEBUG  ]  Skipping 'HL_5N2_t0_R2_fastqc.zip' as already parsed 'HL_5N2_t0_R2'
[2024-09-04 09:50:06,890] multiqc.modules.fastqc.fastqc                      [DEBUG  ]  Skipping 'HL_5N2_t5_R2_fastqc.zip' as already parsed 'HL_5N2_t5_R2'
[2024-09-04 09:50:06,890] multiqc.modules.fastqc.fastqc                      [DEBUG  ]  Skipping 'HL_5N2_t1_R1_fastqc.zip' as already parsed 'HL_5N2_t1_R1'
[2024-09-04 09:50:06,890] multiqc.modules.fastqc.fastqc                      [DEBUG  ]  Skipping 'HL_5O2_t3_R1_fastqc.zip' as already parsed 'HL_5O2_t3_R1'
[2024-09-04 09:50:06,890] multiqc.modules.fastqc.fastqc                      [DEBUG  ]  Skipping 'LD_N2_t4_R1_fastqc.zip' as already parsed 'LD_N2_t4_R1'
[2024-09-04 09:50:06,890] multiqc.modules.fastqc.fastqc                      [DEBUG  ]  Skipping 'HL_5N2_t6_R3_fastqc.zip' as already parsed 'HL_5N2_t6_R3'
[2024-09-04 09:50:06,890] multiqc.modules.fastqc.fastqc                      [DEBUG  ]  Skipping 'HL_5N2_t2_R3_fastqc.zip' as already parsed 'HL_5N2_t2_R3'
[2024-09-04 09:50:06,891] multiqc.modules.fastqc.fastqc                      [DEBUG  ]  Skipping 'LD_N2_t1_R2_fastqc.zip' as already parsed 'LD_N2_t1_R2'
[2024-09-04 09:50:06,908] multiqc.modules.fastqc.fastqc                      [DEBUG  ]  Skipping 'HL_5O2_t6_R4_fastqc.zip' as already parsed 'HL_5O2_t6_R4'
[2024-09-04 09:50:06,908] multiqc.modules.fastqc.fastqc                      [DEBUG  ]  Skipping 'HL_5N2_t5_R4_fastqc.zip' as already parsed 'HL_5N2_t5_R4'
[2024-09-04 09:50:06,926] multiqc.modules.fastqc.fastqc                      [DEBUG  ]  Skipping 'HL_5N2_t2_R4_fastqc.zip' as already parsed 'HL_5N2_t2_R4'
[2024-09-04 09:50:06,926] multiqc.modules.fastqc.fastqc                      [DEBUG  ]  Skipping 'HL_5O2_t4_R4_fastqc.zip' as already parsed 'HL_5O2_t4_R4'
[2024-09-04 09:50:06,961] multiqc.modules.fastqc.fastqc                      [DEBUG  ]  Skipping 'HL_5O2_t1_R1_fastqc.zip' as already parsed 'HL_5O2_t1_R1'
[2024-09-04 09:50:06,961] multiqc.modules.fastqc.fastqc                      [DEBUG  ]  Skipping 'HL_5O2_t7_R3_fastqc.zip' as already parsed 'HL_5O2_t7_R3'
[2024-09-04 09:50:06,961] multiqc.modules.fastqc.fastqc                      [DEBUG  ]  Skipping 'HL_5N2_t1_R3_fastqc.zip' as already parsed 'HL_5N2_t1_R3'
[2024-09-04 09:50:06,961] multiqc.modules.fastqc.fastqc                      [DEBUG  ]  Skipping 'HL_5N2_t7_R2_fastqc.zip' as already parsed 'HL_5N2_t7_R2'
[2024-09-04 09:50:06,961] multiqc.modules.fastqc.fastqc                      [DEBUG  ]  Skipping 'HL_5N2_t3_R4_fastqc.zip' as already parsed 'HL_5N2_t3_R4'
[2024-09-04 09:50:06,980] multiqc.modules.fastqc.fastqc                      [DEBUG  ]  Skipping 'HL_5N2_t7_R1_fastqc.zip' as already parsed 'HL_5N2_t7_R1'
[2024-09-04 09:50:06,980] multiqc.modules.fastqc.fastqc                      [DEBUG  ]  Skipping 'LD_N2_t5_R1_fastqc.zip' as already parsed 'LD_N2_t5_R1'
[2024-09-04 09:50:06,980] multiqc.modules.fastqc.fastqc                      [DEBUG  ]  Skipping 'HL_5N2_t6_R4_fastqc.zip' as already parsed 'HL_5N2_t6_R4'
[2024-09-04 09:50:06,999] multiqc.modules.fastqc.fastqc                      [DEBUG  ]  Skipping 'HL_5N2_t2_R2_fastqc.zip' as already parsed 'HL_5N2_t2_R2'
[2024-09-04 09:50:06,999] multiqc.modules.fastqc.fastqc                      [DEBUG  ]  Skipping 'HL_5O2_t5_R4_fastqc.zip' as already parsed 'HL_5O2_t5_R4'
[2024-09-04 09:50:06,999] multiqc.modules.fastqc.fastqc                      [DEBUG  ]  Skipping 'LD_N2_t3_R2_fastqc.zip' as already parsed 'LD_N2_t3_R2'
[2024-09-04 09:50:06,999] multiqc.modules.fastqc.fastqc                      [DEBUG  ]  Skipping 'HL_5O2_t4_R1_fastqc.zip' as already parsed 'HL_5O2_t4_R1'
[2024-09-04 09:50:06,999] multiqc.modules.fastqc.fastqc                      [DEBUG  ]  Skipping 'HL_5O2_t2_R1_fastqc.zip' as already parsed 'HL_5O2_t2_R1'
[2024-09-04 09:50:07,000] multiqc.modules.fastqc.fastqc                      [DEBUG  ]  Skipping 'HL_5O2_t4_R2_fastqc.zip' as already parsed 'HL_5O2_t4_R2'
[2024-09-04 09:50:07,000] multiqc.modules.fastqc.fastqc                      [DEBUG  ]  Skipping 'HL_5O2_t2_R3_fastqc.zip' as already parsed 'HL_5O2_t2_R3'
[2024-09-04 09:50:07,000] multiqc.modules.fastqc.fastqc                      [DEBUG  ]  Skipping 'HL_5N2_t6_R2_fastqc.zip' as already parsed 'HL_5N2_t6_R2'
[2024-09-04 09:50:07,000] multiqc.modules.fastqc.fastqc                      [DEBUG  ]  Skipping 'HL_5O2_t5_R2_fastqc.zip' as already parsed 'HL_5O2_t5_R2'
[2024-09-04 09:50:07,000] multiqc.modules.fastqc.fastqc                      [DEBUG  ]  Skipping 'HL_5O2_t4_R3_fastqc.zip' as already parsed 'HL_5O2_t4_R3'
[2024-09-04 09:50:07,000] multiqc.modules.fastqc.fastqc                      [DEBUG  ]  Skipping 'LD_N2_t5_R2_fastqc.zip' as already parsed 'LD_N2_t5_R2'
[2024-09-04 09:50:07,000] multiqc.modules.fastqc.fastqc                      [DEBUG  ]  Skipping 'HL_5O2_t3_R2_fastqc.zip' as already parsed 'HL_5O2_t3_R2'
[2024-09-04 09:50:07,000] multiqc.modules.fastqc.fastqc                      [DEBUG  ]  Skipping 'HL_5N2_t2_R1_fastqc.zip' as already parsed 'HL_5N2_t2_R1'
[2024-09-04 09:50:07,000] multiqc.modules.fastqc.fastqc                      [DEBUG  ]  Skipping 'HL_5O2_t3_R4_fastqc.zip' as already parsed 'HL_5O2_t3_R4'
[2024-09-04 09:50:07,000] multiqc.modules.fastqc.fastqc                      [DEBUG  ]  Skipping 'LD_N2_t4_R2_fastqc.zip' as already parsed 'LD_N2_t4_R2'
[2024-09-04 09:50:07,000] multiqc.modules.fastqc.fastqc                      [DEBUG  ]  Skipping 'LD_N2_t2_R2_fastqc.zip' as already parsed 'LD_N2_t2_R2'
[2024-09-04 09:50:07,000] multiqc.modules.fastqc.fastqc                      [DEBUG  ]  Skipping 'pool_t0_R2_fastqc.zip' as already parsed 'pool_t0_R2'
[2024-09-04 09:50:07,000] multiqc.modules.fastqc.fastqc                      [DEBUG  ]  Skipping 'HL_5O2_t1_R2_fastqc.zip' as already parsed 'HL_5O2_t1_R2'
[2024-09-04 09:50:07,000] multiqc.modules.fastqc.fastqc                      [DEBUG  ]  Skipping 'HL_5N2_t1_R4_fastqc.zip' as already parsed 'HL_5N2_t1_R4'
[2024-09-04 09:50:07,000] multiqc.modules.fastqc.fastqc                      [DEBUG  ]  Skipping 'HL_5O2_t2_R4_fastqc.zip' as already parsed 'HL_5O2_t2_R4'
[2024-09-04 09:50:07,000] multiqc.modules.fastqc.fastqc                      [INFO   ]  Found 82 reports
[2024-09-04 09:50:07,001] multiqc.utils.util_functions                       [DEBUG  ]  Wrote data file multiqc_fastqc.txt
[2024-09-04 09:50:07,184] multiqc.plots.plotly.heatmap                       [DEBUG  ]  Resizing from 495x902 to fit the maximum size 900x500
[2024-09-04 09:50:07,184] multiqc.plots.plotly.heatmap                       [DEBUG  ]  Heatmap size: 900x500, px per element: 81.82x6.10
[2024-09-04 09:50:07,189] multiqc.utils.software_versions                    [DEBUG  ]  Reading software versions from config.software_versions
[2024-09-04 09:50:07,189] multiqc.utils.software_versions                    [DEBUG  ]  Reading software versions settings from: 331/nf_core_pipeline_software_mqc_versions.yml
[2024-09-04 09:50:07,192] multiqc.utils.util_functions                       [DEBUG  ]  Wrote data file multiqc_software_versions.txt
[2024-09-04 09:50:07,192] multiqc                                            [DEBUG  ]  Reordering sections: anchor 'software_versions' not found.
[2024-09-04 09:50:07,193] multiqc                                            [DEBUG  ]  Reordering sections: anchor 'nf-core-crispriscreen-methods-description' not found for module 'featureCounts'.
[2024-09-04 09:50:07,193] multiqc                                            [DEBUG  ]  Reordering sections: anchor 'software_versions' not found for module 'featureCounts'.
[2024-09-04 09:50:07,193] multiqc                                            [DEBUG  ]  Reordering sections: anchor 'nf-core-crispriscreen-summary' not found for module 'featureCounts'.
[2024-09-04 09:50:07,193] multiqc                                            [DEBUG  ]  Reordering sections: anchor 'nf-core-crispriscreen-methods-description' not found for module 'Cutadapt'.
[2024-09-04 09:50:07,193] multiqc                                            [DEBUG  ]  Reordering sections: anchor 'software_versions' not found for module 'Cutadapt'.
[2024-09-04 09:50:07,193] multiqc                                            [DEBUG  ]  Reordering sections: anchor 'nf-core-crispriscreen-summary' not found for module 'Cutadapt'.
[2024-09-04 09:50:07,193] multiqc                                            [DEBUG  ]  Reordering sections: anchor 'nf-core-crispriscreen-methods-description' not found for module 'FastQC'.
[2024-09-04 09:50:07,193] multiqc                                            [DEBUG  ]  Reordering sections: anchor 'software_versions' not found for module 'FastQC'.
[2024-09-04 09:50:07,193] multiqc                                            [DEBUG  ]  Reordering sections: anchor 'nf-core-crispriscreen-summary' not found for module 'FastQC'.
[2024-09-04 09:50:07,193] multiqc                                            [DEBUG  ]  Reordering sections: anchor 'nf-core-crispriscreen-methods-description' not found for module 'Software Versions'.
[2024-09-04 09:50:07,193] multiqc                                            [DEBUG  ]  Reordering sections: anchor 'software_versions' not found for module 'Software Versions'.
[2024-09-04 09:50:07,193] multiqc                                            [DEBUG  ]  Reordering sections: anchor 'nf-core-crispriscreen-summary' not found for module 'Software Versions'.
[2024-09-04 09:50:07,193] multiqc                                            [DEBUG  ]  Reordering sections: anchor 'nf-core-crispriscreen-methods-description' not found for module 'nf-core/crispriscreen Methods Description'.
[2024-09-04 09:50:07,193] multiqc                                            [DEBUG  ]  Reordering sections: anchor 'software_versions' not found for module 'nf-core/crispriscreen Methods Description'.
[2024-09-04 09:50:07,193] multiqc                                            [DEBUG  ]  Reordering sections: anchor 'nf-core-crispriscreen-summary' not found for module 'nf-core/crispriscreen Methods Description'.
[2024-09-04 09:50:07,193] multiqc                                            [DEBUG  ]  Reordering sections: anchor 'nf-core-crispriscreen-methods-description' not found for module 'nf-core/crispriscreen Workflow Summary'.
[2024-09-04 09:50:07,193] multiqc                                            [DEBUG  ]  Reordering sections: anchor 'software_versions' not found for module 'nf-core/crispriscreen Workflow Summary'.
[2024-09-04 09:50:07,193] multiqc                                            [DEBUG  ]  Reordering sections: anchor 'nf-core-crispriscreen-summary' not found for module 'nf-core/crispriscreen Workflow Summary'.
[2024-09-04 09:50:07,305] multiqc.utils.util_functions                       [DEBUG  ]  Wrote data file multiqc_general_stats.txt
[2024-09-04 09:50:07,305] multiqc                                            [DEBUG  ]  Compressing plot data
[2024-09-04 09:50:08,069] multiqc.utils.util_functions                       [DEBUG  ]  Wrote data file multiqc_data.json
[2024-09-04 09:50:08,070] multiqc                                            [INFO   ]  Report      : multiqc_report.html
[2024-09-04 09:50:08,070] multiqc                                            [INFO   ]  Data        : multiqc_data
[2024-09-04 09:50:08,070] multiqc                                            [DEBUG  ]  Moving data file from '/tmp/tmpazw3syfb/multiqc_data' to '/home/ute/Documents/Manuscripts/2023-08_smallLibrary/nextflow_analysis/work/7d/c253d0420fa1e15ed71adec6030a44/multiqc_data'
[2024-09-04 09:50:08,077] multiqc                                            [DEBUG  ]  Full report path: /home/ute/Documents/Manuscripts/2023-08_smallLibrary/nextflow_analysis/work/7d/c253d0420fa1e15ed71adec6030a44/multiqc_report.html
[2024-09-04 09:50:08,077] multiqc                                            [INFO   ]  Plots       : multiqc_plots
[2024-09-04 09:50:08,077] multiqc                                            [DEBUG  ]  Moving plots directory from '/tmp/tmpazw3syfb/multiqc_plots' to '/home/ute/Documents/Manuscripts/2023-08_smallLibrary/nextflow_analysis/work/7d/c253d0420fa1e15ed71adec6030a44/multiqc_plots'
[2024-09-04 09:50:08,240] multiqc                                            [INFO   ]  MultiQC complete
