This is cutadapt 4.6 with Python 3.9.18
Command line parameters: -Z --cores 5 -g GTCTAGAatcgccgaaagtaattcaactccattaa...TCTAGATGCTTACTAGTTACCGCGGCCA -e 0.2 -o HL_5N2_t5_R2.trim.fastq.gz HL_5N2_t5_R2_trimmed.fq.gz
Processing single-end reads on 5 cores ...
Finished in 0.434 s (8.929 µs/read; 6.72 M reads/minute).

=== Summary ===

Total reads processed:                  48,650
Reads with adapters:                    46,888 (96.4%)
Reads written (passing filters):        48,650 (100.0%)

Total basepairs processed:     4,183,191 bp
Total written (filtered):      1,098,191 bp (26.3%)

=== Adapter 1 ===

Sequence: GTCTAGAATCGCCGAAAGTAATTCAACTCCATTAA...TCTAGATGCTTACTAGTTACCGCGGCCA; Type: linked; Length: 35+28; 5' trimmed: 46888 times; 3' trimmed: 46888 times

Minimum overlap: 3+3
No. of allowed errors:
1-4 bp: 0; 5-9 bp: 1; 10-14 bp: 2; 15-19 bp: 3; 20-24 bp: 4; 25-29 bp: 5; 30-34 bp: 6; 35 bp: 7

No. of allowed errors:
1-4 bp: 0; 5-9 bp: 1; 10-14 bp: 2; 15-19 bp: 3; 20-24 bp: 4; 25-28 bp: 5

Overview of removed sequences at 5' end
length	count	expect	max.err	error counts
3	1	760.2	0	1
25	4	0.0	5	0 0 0 0 1 3
26	67	0.0	5	1 2 8 13 21 22
34	2	0.0	6	0 0 0 0 2
35	143	0.0	7	1 4 9 5 18 45 32 29
36	12378	0.0	7	254 1013 1563 2557 2868 2163 1508 452
37	18123	0.0	7	52 257 948 2703 4728 5145 3020 1270
38	16127	0.0	7	319 2485 6604 3583 1754 875 359 148
39	43	0.0	7	1 2 13 10 11 2 4



Overview of removed sequences at 3' end
length	count	expect	max.err	error counts
3	1	760.2	0	1
4	10	190.0	0	0 10
5	8	47.5	1	0 8
6	6	11.9	1	0 6
7	1	3.0	1	1
11	1	0.0	2	0 0 1
14	1	0.0	2	0 0 1
15	3	0.0	3	0 1 2
16	1	0.0	3	0 0 0 1
19	5	0.0	3	0 1 2 2
20	3	0.0	4	0 0 2 1
21	5	0.0	4	1 2 0 1 1
22	4	0.0	4	0 1 1 2
23	3	0.0	4	1 2
24	30	0.0	4	7 9 8 4 2
25	119	0.0	5	27 30 31 13 10 8
26	136	0.0	5	26 48 28 23 9 2
27	5846	0.0	5	4083 1157 376 147 65 18
28	37503	0.0	5	22218 11595 2502 779 275 134
29	91	0.0	5	10 49 20 7 5
30	12	0.0	5	1 5 1 0 2 3
31	17	0.0	5	0 4 2 4 4 3
32	17	0.0	5	1 3 4 3 4 2
33	8	0.0	5	1 0 2 2 1 2
34	9	0.0	5	0 2 1 1 1 4
35	7	0.0	5	2 0 1 2 0 2
36	34	0.0	5	2 4 9 10 4 5
37	32	0.0	5	3 5 3 8 5 8
38	56	0.0	5	5 5 7 18 11 10
39	141	0.0	5	26 33 26 32 11 13
40	378	0.0	5	62 55 74 76 53 58
41	733	0.0	5	119 142 152 129 109 82
42	432	0.0	5	47 58 98 94 76 59
43	1161	0.0	5	140 259 271 237 141 113
44	5	0.0	5	1 0 0 1 2 1
45	5	0.0	5	0 0 0 5
46	5	0.0	5	0 0 0 5
47	55	0.0	5	0 0 1 51 2 1
53	2	0.0	5	0 0 0 1 1
54	2	0.0	5	0 0 1 1
