This is cutadapt 4.6 with Python 3.9.18
Command line parameters: -Z --cores 5 -g GTCTAGAatcgccgaaagtaattcaactccattaa...TCTAGATGCTTACTAGTTACCGCGGCCA -e 0.2 -o HL_5N2_t4_R2.trim.fastq.gz HL_5N2_t4_R2_trimmed.fq.gz
Processing single-end reads on 5 cores ...
Finished in 0.132 s (42.662 µs/read; 1.41 M reads/minute).

=== Summary ===

Total reads processed:                   3,088
Reads with adapters:                     2,964 (96.0%)
Reads written (passing filters):         3,088 (100.0%)

Total basepairs processed:       265,927 bp
Total written (filtered):         69,954 bp (26.3%)

=== Adapter 1 ===

Sequence: GTCTAGAATCGCCGAAAGTAATTCAACTCCATTAA...TCTAGATGCTTACTAGTTACCGCGGCCA; Type: linked; Length: 35+28; 5' trimmed: 2964 times; 3' trimmed: 2964 times

Minimum overlap: 3+3
No. of allowed errors:
1-4 bp: 0; 5-9 bp: 1; 10-14 bp: 2; 15-19 bp: 3; 20-24 bp: 4; 25-29 bp: 5; 30-34 bp: 6; 35 bp: 7

No. of allowed errors:
1-4 bp: 0; 5-9 bp: 1; 10-14 bp: 2; 15-19 bp: 3; 20-24 bp: 4; 25-28 bp: 5

Overview of removed sequences at 5' end
length	count	expect	max.err	error counts
25	2	0.0	5	0 0 0 0 0 2
26	91	0.0	5	2 3 10 20 30 26
27	1	0.0	5	0 0 0 0 0 1
35	8	0.0	7	0 1 1 0 1 3 1 1
36	735	0.0	7	12 55 107 160 178 115 81 27
37	1156	0.0	7	0 22 67 167 295 378 160 67
38	968	0.0	7	20 132 416 217 102 52 21 8
39	3	0.0	7	0 1 0 0 1 1



Overview of removed sequences at 3' end
length	count	expect	max.err	error counts
3	1	48.2	0	1
5	3	3.0	1	0 3
7	1	0.2	1	1
21	1	0.0	4	1
24	1	0.0	4	1
25	2	0.0	5	1 1
26	3	0.0	5	0 2 1
27	366	0.0	5	254 81 21 8 2
28	2277	0.0	5	1449 666 124 22 12 4
29	3	0.0	5	0 1 2
31	2	0.0	5	0 1 0 0 1
32	1	0.0	5	0 0 1
34	1	0.0	5	0 0 0 1
35	1	0.0	5	1
36	2	0.0	5	0 0 1 0 1
37	3	0.0	5	0 0 1 1 1
38	1	0.0	5	0 0 0 1
39	10	0.0	5	1 3 1 2 1 2
40	35	0.0	5	5 8 5 5 8 4
41	39	0.0	5	3 5 14 7 3 7
42	47	0.0	5	2 3 10 21 9 2
43	70	0.0	5	9 22 12 20 5 2
44	3	0.0	5	0 1 0 1 1
45	2	0.0	5	0 0 0 2
46	2	0.0	5	0 0 1 1
47	80	0.0	5	0 0 0 71 7 2
49	1	0.0	5	0 0 0 0 1
50	1	0.0	5	0 0 0 0 1
51	2	0.0	5	0 0 0 1 1
54	3	0.0	5	0 0 0 3
