This is cutadapt 4.6 with Python 3.9.18
Command line parameters: -Z --cores 5 -g GTCTAGAatcgccgaaagtaattcaactccattaa...TCTAGATGCTTACTAGTTACCGCGGCCA -e 0.2 -o HL_5N2_t1_R1.trim.fastq.gz HL_5N2_t1_R1_trimmed.fq.gz
Processing single-end reads on 5 cores ...
Finished in 0.376 s (8.891 µs/read; 6.75 M reads/minute).

=== Summary ===

Total reads processed:                  42,264
Reads with adapters:                    40,026 (94.7%)
Reads written (passing filters):        42,264 (100.0%)

Total basepairs processed:     3,633,348 bp
Total written (filtered):        997,374 bp (27.5%)

=== Adapter 1 ===

Sequence: GTCTAGAATCGCCGAAAGTAATTCAACTCCATTAA...TCTAGATGCTTACTAGTTACCGCGGCCA; Type: linked; Length: 35+28; 5' trimmed: 40026 times; 3' trimmed: 40026 times

Minimum overlap: 3+3
No. of allowed errors:
1-4 bp: 0; 5-9 bp: 1; 10-14 bp: 2; 15-19 bp: 3; 20-24 bp: 4; 25-29 bp: 5; 30-34 bp: 6; 35 bp: 7

No. of allowed errors:
1-4 bp: 0; 5-9 bp: 1; 10-14 bp: 2; 15-19 bp: 3; 20-24 bp: 4; 25-28 bp: 5

Overview of removed sequences at 5' end
length	count	expect	max.err	error counts
3	3	660.4	0	3
25	2	0.0	5	0 0 0 0 1 1
26	117	0.0	5	1 6 10 28 40 32
35	161	0.0	7	1 1 12 12 19 45 24 47
36	10462	0.0	7	272 989 1607 2102 2354 1639 1136 363
37	15359	0.0	7	33 251 773 2390 4002 4369 2485 1056
38	13885	0.0	7	284 2077 5745 3116 1554 717 269 123
39	37	0.0	7	0 3 10 7 11 4 2



Overview of removed sequences at 3' end
length	count	expect	max.err	error counts
3	2	660.4	0	2
4	6	165.1	0	1 5
5	16	41.3	1	0 16
6	2	10.3	1	0 2
7	3	2.6	1	1 2
9	3	0.2	1	1 1 1
12	1	0.0	2	1
13	1	0.0	2	0 0 1
14	1	0.0	2	1
15	5	0.0	3	0 4 1
16	5	0.0	3	1 1 2 1
19	3	0.0	3	1 1 0 1
20	4	0.0	4	0 2 1 1
21	1	0.0	4	0 0 0 1
22	6	0.0	4	1 0 3 1 1
23	16	0.0	4	2 6 2 4 2
24	20	0.0	4	5 6 3 3 3
25	82	0.0	5	16 27 17 14 6 2
26	104	0.0	5	27 30 28 13 6
27	5185	0.0	5	3633 1071 314 116 39 12
28	31592	0.0	5	21726 7505 1594 489 197 81
29	71	0.0	5	9 35 15 9 1 2
30	6	0.0	5	1 1 1 2 1
31	5	0.0	5	0 0 1 0 1 3
32	16	0.0	5	0 4 7 1 1 3
33	14	0.0	5	0 2 2 1 1 8
34	8	0.0	5	1 2 0 1 3 1
35	13	0.0	5	2 2 2 1 3 3
36	26	0.0	5	1 3 10 6 3 3
37	31	0.0	5	0 3 6 8 7 7
38	64	0.0	5	5 9 9 11 14 16
39	119	0.0	5	16 33 28 22 7 13
40	376	0.0	5	52 86 69 61 61 47
41	717	0.0	5	116 162 182 108 84 65
42	374	0.0	5	40 76 76 83 65 34
43	997	0.0	5	191 257 203 163 119 64
44	14	0.0	5	4 3 2 3 1 1
45	6	0.0	5	1 0 0 5
46	13	0.0	5	0 0 1 11 1
47	88	0.0	5	0 0 0 77 11
52	1	0.0	5	0 0 0 1
53	2	0.0	5	0 0 0 2
54	7	0.0	5	0 0 1 3 3
