This is cutadapt 4.6 with Python 3.9.18
Command line parameters: -Z --cores 5 -g GTCTAGAatcgccgaaagtaattcaactccattaa...TCTAGATGCTTACTAGTTACCGCGGCCA -e 0.2 -o HL_5N2_t7_R2.trim.fastq.gz HL_5N2_t7_R2_trimmed.fq.gz
Processing single-end reads on 5 cores ...
Finished in 0.397 s (11.900 µs/read; 5.04 M reads/minute).

=== Summary ===

Total reads processed:                  33,322
Reads with adapters:                    31,259 (93.8%)
Reads written (passing filters):        33,322 (100.0%)

Total basepairs processed:     2,858,147 bp
Total written (filtered):        801,705 bp (28.0%)

=== Adapter 1 ===

Sequence: GTCTAGAATCGCCGAAAGTAATTCAACTCCATTAA...TCTAGATGCTTACTAGTTACCGCGGCCA; Type: linked; Length: 35+28; 5' trimmed: 31259 times; 3' trimmed: 31259 times

Minimum overlap: 3+3
No. of allowed errors:
1-4 bp: 0; 5-9 bp: 1; 10-14 bp: 2; 15-19 bp: 3; 20-24 bp: 4; 25-29 bp: 5; 30-34 bp: 6; 35 bp: 7

No. of allowed errors:
1-4 bp: 0; 5-9 bp: 1; 10-14 bp: 2; 15-19 bp: 3; 20-24 bp: 4; 25-28 bp: 5

Overview of removed sequences at 5' end
length	count	expect	max.err	error counts
3	3	520.7	0	3
35	127	0.0	7	1 1 6 8 14 45 34 18
36	7840	0.0	7	203 700 1071 1602 1722 1383 919 240
37	12496	0.0	7	38 219 670 1910 3259 3550 1976 874
38	10773	0.0	7	212 1689 4630 2354 1104 509 192 83
39	20	0.0	7	0 3 3 6 2 5 0 1



Overview of removed sequences at 3' end
length	count	expect	max.err	error counts
4	5	130.2	0	1 4
5	13	32.5	1	0 13
6	3	8.1	1	0 3
7	1	2.0	1	0 1
9	2	0.1	1	0 1 1
11	1	0.0	2	1
12	1	0.0	2	1
14	1	0.0	2	0 1
15	4	0.0	3	3 1
16	3	0.0	3	0 0 3
18	1	0.0	3	0 0 1
19	3	0.0	3	0 2 1
20	2	0.0	4	0 0 2
21	3	0.0	4	1 1 1
22	2	0.0	4	0 0 1 0 1
23	2	0.0	4	0 2
24	15	0.0	4	2 3 6 1 3
25	75	0.0	5	20 18 14 12 5 6
26	72	0.0	5	21 19 8 13 7 4
27	3826	0.0	5	2669 757 255 93 37 15
28	25139	0.0	5	14776 7941 1651 498 193 80
29	62	0.0	5	5 32 15 7 3
30	15	0.0	5	1 1 2 1 2 8
31	11	0.0	5	0 1 3 2 3 2
32	10	0.0	5	2 2 4 0 0 2
33	5	0.0	5	1 0 1 0 2 1
34	7	0.0	5	1 0 1 1 2 2
35	8	0.0	5	0 2 3 1 2
36	20	0.0	5	4 1 0 4 2 9
37	15	0.0	5	0 2 4 4 2 3
38	28	0.0	5	0 6 6 7 7 2
39	98	0.0	5	21 22 18 11 16 10
40	230	0.0	5	35 28 51 52 37 27
41	544	0.0	5	86 102 143 76 74 63
42	245	0.0	5	27 47 62 38 40 31
43	778	0.0	5	94 190 175 142 111 66
44	6	0.0	5	2 0 0 1 3
45	3	0.0	5	0 1 1 1
