This is cutadapt 4.6 with Python 3.9.18
Command line parameters: -Z --cores 5 -g GTCTAGAatcgccgaaagtaattcaactccattaa...TCTAGATGCTTACTAGTTACCGCGGCCA -e 0.2 -o HL_5N2_t0_R3.trim.fastq.gz HL_5N2_t0_R3_trimmed.fq.gz
Processing single-end reads on 5 cores ...
Finished in 0.909 s (8.825 µs/read; 6.80 M reads/minute).

=== Summary ===

Total reads processed:                 102,950
Reads with adapters:                    99,794 (96.9%)
Reads written (passing filters):       102,950 (100.0%)

Total basepairs processed:     8,840,720 bp
Total written (filtered):      2,290,100 bp (25.9%)

=== Adapter 1 ===

Sequence: GTCTAGAATCGCCGAAAGTAATTCAACTCCATTAA...TCTAGATGCTTACTAGTTACCGCGGCCA; Type: linked; Length: 35+28; 5' trimmed: 99794 times; 3' trimmed: 99794 times

Minimum overlap: 3+3
No. of allowed errors:
1-4 bp: 0; 5-9 bp: 1; 10-14 bp: 2; 15-19 bp: 3; 20-24 bp: 4; 25-29 bp: 5; 30-34 bp: 6; 35 bp: 7

No. of allowed errors:
1-4 bp: 0; 5-9 bp: 1; 10-14 bp: 2; 15-19 bp: 3; 20-24 bp: 4; 25-28 bp: 5

Overview of removed sequences at 5' end
length	count	expect	max.err	error counts
3	2	1608.6	0	2
5	1	100.5	1	0 1
6	1	25.1	1	0 1
26	1	0.0	5	0 0 0 0 0 1
32	2	0.0	6	0 0 0 0 0 0 1 1
33	1	0.0	6	0 0 0 0 0 0 0 1
35	388	0.0	7	0 9 23 30 42 122 75 87
36	26133	0.0	7	652 2671 4166 5380 5722 3941 2780 821
37	38819	0.0	7	134 713 2249 6506 10448 10729 5622 2418
38	34340	0.0	7	771 5578 14128 7567 3708 1717 602 269
39	105	0.0	7	1 9 24 23 24 14 7 3
40	1	0.0	7	0 0 0 0 1



Overview of removed sequences at 3' end
length	count	expect	max.err	error counts
3	3	1608.6	0	3
4	8	402.1	0	2 6
5	29	100.5	1	0 29
6	8	25.1	1	0 8
7	5	6.3	1	1 4
8	1	1.6	1	1
9	6	0.4	1	0 2 4
12	1	0.0	2	0 0 1
14	1	0.0	2	0 1
15	10	0.0	3	4 2 2 2
16	6	0.0	3	2 2 0 2
17	1	0.0	3	1
19	7	0.0	3	2 2 0 3
20	11	0.0	4	1 5 1 1 3
21	6	0.0	4	1 1 2 0 2
22	6	0.0	4	0 0 1 2 3
23	13	0.0	4	1 4 5 2 1
24	56	0.0	4	23 17 7 3 6
25	176	0.0	5	41 46 33 35 11 10
26	254	0.0	5	69 75 67 26 12 5
27	12794	0.0	5	9085 2537 787 258 88 39
28	80774	0.0	5	50713 23517 4496 1334 519 195
29	180	0.0	5	14 100 44 12 9 1
30	19	0.0	5	1 2 4 0 8 4
31	29	0.0	5	1 3 9 3 4 9
32	20	0.0	5	1 3 8 4 2 2
33	13	0.0	5	0 1 5 2 3 2
34	15	0.0	5	0 3 5 3 1 3
35	15	0.0	5	2 3 2 1 5 2
36	66	0.0	5	5 7 15 12 14 13
37	44	0.0	5	5 3 5 12 9 10
38	95	0.0	5	8 19 17 15 17 19
39	246	0.0	5	39 53 49 47 32 26
40	744	0.0	5	95 131 143 145 128 102
41	1511	0.0	5	250 337 299 262 224 139
42	680	0.0	5	74 143 143 153 99 68
43	1915	0.0	5	282 476 438 338 240 141
44	22	0.0	5	4 4 7 2 3 2
45	3	0.0	5	1 1 0 1
46	1	0.0	5	0 0 0 1
