This is cutadapt 4.6 with Python 3.9.18
Command line parameters: -Z --cores 5 -g GTCTAGAatcgccgaaagtaattcaactccattaa...TCTAGATGCTTACTAGTTACCGCGGCCA -e 0.2 -o HL_5N2_t6_R4.trim.fastq.gz HL_5N2_t6_R4_trimmed.fq.gz
Processing single-end reads on 5 cores ...
Finished in 0.854 s (7.350 µs/read; 8.16 M reads/minute).

=== Summary ===

Total reads processed:                 116,197
Reads with adapters:                   113,020 (97.3%)
Reads written (passing filters):       116,197 (100.0%)

Total basepairs processed:     9,977,603 bp
Total written (filtered):      2,553,529 bp (25.6%)

=== Adapter 1 ===

Sequence: GTCTAGAATCGCCGAAAGTAATTCAACTCCATTAA...TCTAGATGCTTACTAGTTACCGCGGCCA; Type: linked; Length: 35+28; 5' trimmed: 113020 times; 3' trimmed: 113020 times

Minimum overlap: 3+3
No. of allowed errors:
1-4 bp: 0; 5-9 bp: 1; 10-14 bp: 2; 15-19 bp: 3; 20-24 bp: 4; 25-29 bp: 5; 30-34 bp: 6; 35 bp: 7

No. of allowed errors:
1-4 bp: 0; 5-9 bp: 1; 10-14 bp: 2; 15-19 bp: 3; 20-24 bp: 4; 25-28 bp: 5

Overview of removed sequences at 5' end
length	count	expect	max.err	error counts
3	2	1815.6	0	2
12	1	0.0	2	0 0 1
25	10	0.0	5	0 0 1 0 2 7
26	133	0.0	5	2 3 14 37 41 36
32	1	0.0	6	0 0 0 0 0 0 0 1
33	1	0.0	6	0 0 0 1
35	430	0.0	7	2 7 18 29 46 133 86 109
36	29233	0.0	7	708 2674 4140 6153 6669 4723 3195 971
37	44455	0.0	7	125 792 2497 7243 11992 12499 6565 2742
38	38664	0.0	7	801 6213 16250 8337 4192 1871 730 270
39	89	0.0	7	0 14 26 22 9 10 6 2
40	1	0.0	7	0 0 0 0 0 0 0 1



Overview of removed sequences at 3' end
length	count	expect	max.err	error counts
3	2	1815.6	0	2
4	7	453.9	0	2 5
5	20	113.5	1	0 20
6	5	28.4	1	0 5
7	4	7.1	1	0 4
8	2	1.8	1	0 1 1
11	2	0.0	2	1 1
12	1	0.0	2	0 1
15	5	0.0	3	2 2 1
16	4	0.0	3	0 1 1 2
18	1	0.0	3	0 0 1
19	14	0.0	3	6 2 5 1
20	3	0.0	4	3
21	6	0.0	4	2 3 1
22	10	0.0	4	1 3 0 3 3
23	14	0.0	4	1 3 3 6 1
24	56	0.0	4	18 19 11 5 3
25	199	0.0	5	60 51 49 24 7 8
26	241	0.0	5	70 77 56 27 11
27	14085	0.0	5	10372 2735 676 210 74 18
28	91703	0.0	5	66872 19562 3643 1050 408 168
29	165	0.0	5	18 99 36 6 5 1
30	26	0.0	5	4 4 2 4 7 5
31	17	0.0	5	0 3 3 5 5 1
32	37	0.0	5	6 7 9 6 5 4
33	16	0.0	5	1 2 4 6 2 1
34	16	0.0	5	2 3 1 5 4 1
35	10	0.0	5	0 2 2 2 2 2
36	50	0.0	5	4 10 9 9 7 11
37	68	0.0	5	4 8 14 11 18 13
38	102	0.0	5	15 13 22 15 23 14
39	279	0.0	5	58 71 67 37 28 18
40	759	0.0	5	116 160 164 130 110 79
41	1714	0.0	5	322 408 375 279 191 139
42	1014	0.0	5	229 212 218 183 106 66
43	2097	0.0	5	449 566 448 311 200 123
44	123	0.0	5	55 26 19 10 8 5
45	5	0.0	5	0 0 1 4
46	9	0.0	5	0 0 0 7 1 1
47	123	0.0	5	0 0 0 114 7 2
48	1	0.0	5	0 0 0 1
51	1	0.0	5	0 0 0 0 0 1
53	1	0.0	5	0 0 0 0 0 1
54	3	0.0	5	0 0 0 1 1 1
