This is cutadapt 4.6 with Python 3.9.18
Command line parameters: -Z --cores 5 -g GTCTAGAatcgccgaaagtaattcaactccattaa...TCTAGATGCTTACTAGTTACCGCGGCCA -e 0.2 -o LD_N2_t4_R3.trim.fastq.gz LD_N2_t4_R3_trimmed.fq.gz
Processing single-end reads on 5 cores ...
Finished in 9.275 s (36.909 µs/read; 1.63 M reads/minute).

=== Summary ===

Total reads processed:                 251,287
Reads with adapters:                   244,461 (97.3%)
Reads written (passing filters):       251,287 (100.0%)

Total basepairs processed:    21,622,942 bp
Total written (filtered):      5,525,891 bp (25.6%)

=== Adapter 1 ===

Sequence: GTCTAGAATCGCCGAAAGTAATTCAACTCCATTAA...TCTAGATGCTTACTAGTTACCGCGGCCA; Type: linked; Length: 35+28; 5' trimmed: 244461 times; 3' trimmed: 244461 times

Minimum overlap: 3+3
No. of allowed errors:
1-4 bp: 0; 5-9 bp: 1; 10-14 bp: 2; 15-19 bp: 3; 20-24 bp: 4; 25-29 bp: 5; 30-34 bp: 6; 35 bp: 7

No. of allowed errors:
1-4 bp: 0; 5-9 bp: 1; 10-14 bp: 2; 15-19 bp: 3; 20-24 bp: 4; 25-28 bp: 5

Overview of removed sequences at 5' end
length	count	expect	max.err	error counts
3	7	3926.4	0	7
29	1	0.0	5	0 0 0 0 0 1
30	1	0.0	6	0 0 0 0 1
35	438	0.0	7	1 10 24 28 52 133 97 93
36	29108	0.0	7	598 2438 4160 6389 6737 4719 3100 967
37	104576	0.0	7	305 1805 6099 17681 28851 28883 14947 6005
38	110103	0.0	7	2230 17433 47125 23961 11480 5234 1853 787
39	224	0.0	7	3 33 55 45 47 22 13 6
40	2	0.0	7	0 1 1
45	1	0.0	7	0 0 1



Overview of removed sequences at 3' end
length	count	expect	max.err	error counts
3	10	3926.4	0	10
4	13	981.6	0	2 11
5	67	245.4	1	0 67
6	19	61.3	1	0 19
7	6	15.3	1	1 5
9	9	1.0	1	2 3 4
10	2	0.2	2	0 1 1
12	5	0.0	2	2 0 3
13	2	0.0	2	1 0 1
14	3	0.0	2	2 1
15	37	0.0	3	8 15 9 5
16	20	0.0	3	2 5 3 10
17	3	0.0	3	1 2
18	3	0.0	3	0 1 0 2
19	15	0.0	3	3 8 3 1
20	21	0.0	4	6 7 5 0 3
21	17	0.0	4	3 3 6 2 3
22	13	0.0	4	5 1 3 3 1
23	33	0.0	4	4 9 8 8 4
24	134	0.0	4	48 34 20 21 11
25	501	0.0	5	134 143 118 63 28 15
26	649	0.0	5	161 209 155 76 36 12
27	38269	0.0	5	28225 7039 2015 681 229 80
28	190993	0.0	5	124654 51796 10001 2897 1118 527
29	421	0.0	5	47 222 98 26 19 9
30	54	0.0	5	7 9 5 9 15 9
31	64	0.0	5	1 6 11 9 21 16
32	79	0.0	5	10 20 15 16 9 9
33	39	0.0	5	0 3 6 3 16 11
34	63	0.0	5	5 9 11 11 13 14
35	48	0.0	5	2 3 10 12 10 11
36	176	0.0	5	17 25 30 45 23 36
37	139	0.0	5	5 24 24 19 29 38
38	243	0.0	5	18 38 49 57 42 39
39	722	0.0	5	145 191 146 109 69 62
40	1868	0.0	5	287 386 344 352 293 206
41	4321	0.0	5	807 1024 881 707 533 369
42	1490	0.0	5	214 328 332 254 234 128
43	3852	0.0	5	603 1062 866 643 405 273
44	33	0.0	5	14 7 6 3 1 2
45	5	0.0	5	1 1 2 1
