This is cutadapt 4.6 with Python 3.9.18
Command line parameters: -Z --cores 5 -g GTCTAGAatcgccgaaagtaattcaactccattaa...TCTAGATGCTTACTAGTTACCGCGGCCA -e 0.2 -o LD_N2_t5_R1.trim.fastq.gz LD_N2_t5_R1_trimmed.fq.gz
Processing single-end reads on 5 cores ...
Finished in 0.396 s (16.752 µs/read; 3.58 M reads/minute).

=== Summary ===

Total reads processed:                  23,636
Reads with adapters:                    22,736 (96.2%)
Reads written (passing filters):        23,636 (100.0%)

Total basepairs processed:     2,039,272 bp
Total written (filtered):        537,808 bp (26.4%)

=== Adapter 1 ===

Sequence: GTCTAGAATCGCCGAAAGTAATTCAACTCCATTAA...TCTAGATGCTTACTAGTTACCGCGGCCA; Type: linked; Length: 35+28; 5' trimmed: 22736 times; 3' trimmed: 22736 times

Minimum overlap: 3+3
No. of allowed errors:
1-4 bp: 0; 5-9 bp: 1; 10-14 bp: 2; 15-19 bp: 3; 20-24 bp: 4; 25-29 bp: 5; 30-34 bp: 6; 35 bp: 7

No. of allowed errors:
1-4 bp: 0; 5-9 bp: 1; 10-14 bp: 2; 15-19 bp: 3; 20-24 bp: 4; 25-28 bp: 5

Overview of removed sequences at 5' end
length	count	expect	max.err	error counts
3	2	369.3	0	2
25	1	0.0	5	0 0 0 0 1
26	61	0.0	5	1 3 3 14 19 21
35	51	0.0	7	0 1 3 4 3 12 12 16
36	2736	0.0	7	59 272 426 621 580 395 280 103
37	9586	0.0	7	22 150 484 1406 2522 2841 1483 678
38	10272	0.0	7	189 1460 4626 2250 1054 471 155 67
39	27	0.0	7	0 4 7 7 4 3 2



Overview of removed sequences at 3' end
length	count	expect	max.err	error counts
4	1	92.3	0	0 1
5	8	23.1	1	0 8
6	1	5.8	1	0 1
7	4	1.4	1	0 4
8	2	0.4	1	0 2
9	1	0.1	1	0 1
13	1	0.0	2	0 0 1
15	3	0.0	3	3
16	2	0.0	3	0 2
19	3	0.0	3	0 1 1 1
21	2	0.0	4	1 0 1
22	4	0.0	4	0 1 2 0 1
23	1	0.0	4	0 0 1
24	13	0.0	4	1 4 5 2 1
25	39	0.0	5	4 12 10 7 2 4
26	93	0.0	5	24 29 25 10 3 2
27	3647	0.0	5	2431 827 268 85 29 7
28	17256	0.0	5	10086 5380 1150 399 167 74
29	39	0.0	5	3 18 10 4 2 2
30	1	0.0	5	0 0 0 1
31	5	0.0	5	1 0 1 1 2
32	10	0.0	5	0 5 1 3 1
33	5	0.0	5	0 1 0 1 2 1
34	10	0.0	5	1 1 2 3 3
35	6	0.0	5	0 1 0 1 2 2
36	24	0.0	5	3 3 3 6 6 3
37	23	0.0	5	0 6 3 3 4 7
38	35	0.0	5	3 5 5 5 11 6
39	89	0.0	5	14 21 21 17 12 4
40	250	0.0	5	33 44 39 46 51 37
41	475	0.0	5	79 99 101 84 58 54
42	219	0.0	5	20 43 45 49 34 28
43	399	0.0	5	57 93 87 68 49 45
44	5	0.0	5	0 0 1 3 0 1
45	4	0.0	5	0 0 0 4
46	4	0.0	5	0 0 0 3 1
47	48	0.0	5	0 0 0 46 0 2
51	1	0.0	5	0 0 0 0 0 1
54	3	0.0	5	0 0 0 0 1 2
