This is cutadapt 4.6 with Python 3.9.18
Command line parameters: -Z --cores 5 -g GTCTAGAatcgccgaaagtaattcaactccattaa...TCTAGATGCTTACTAGTTACCGCGGCCA -e 0.2 -o LD_N2_t1_R2.trim.fastq.gz LD_N2_t1_R2_trimmed.fq.gz
Processing single-end reads on 5 cores ...
Finished in 0.366 s (9.721 µs/read; 6.17 M reads/minute).

=== Summary ===

Total reads processed:                  37,677
Reads with adapters:                    36,516 (96.9%)
Reads written (passing filters):        37,677 (100.0%)

Total basepairs processed:     3,245,630 bp
Total written (filtered):        838,125 bp (25.8%)

=== Adapter 1 ===

Sequence: GTCTAGAATCGCCGAAAGTAATTCAACTCCATTAA...TCTAGATGCTTACTAGTTACCGCGGCCA; Type: linked; Length: 35+28; 5' trimmed: 36516 times; 3' trimmed: 36516 times

Minimum overlap: 3+3
No. of allowed errors:
1-4 bp: 0; 5-9 bp: 1; 10-14 bp: 2; 15-19 bp: 3; 20-24 bp: 4; 25-29 bp: 5; 30-34 bp: 6; 35 bp: 7

No. of allowed errors:
1-4 bp: 0; 5-9 bp: 1; 10-14 bp: 2; 15-19 bp: 3; 20-24 bp: 4; 25-28 bp: 5

Overview of removed sequences at 5' end
length	count	expect	max.err	error counts
3	1	588.7	0	1
35	54	0.0	7	0 2 3 4 8 15 9 13
36	4358	0.0	7	107 481 738 931 903 642 417 139
37	15540	0.0	7	61 349 1000 2734 4325 3998 2177 896
38	16534	0.0	7	368 2928 6701 3620 1758 756 292 111
39	29	0.0	7	0 2 8 6 5 4 3 1



Overview of removed sequences at 3' end
length	count	expect	max.err	error counts
3	2	588.7	0	2
4	2	147.2	0	1 1
5	9	36.8	1	0 9
6	3	9.2	1	0 3
7	1	2.3	1	1
9	2	0.1	1	0 1 1
10	1	0.0	2	0 1
11	1	0.0	2	1
13	1	0.0	2	1
14	1	0.0	2	0 1
15	1	0.0	3	0 1
16	1	0.0	3	0 0 0 1
17	1	0.0	3	0 0 0 1
19	3	0.0	3	1 0 2
20	5	0.0	4	4 0 1
21	2	0.0	4	1 1
22	5	0.0	4	0 0 2 2 1
23	5	0.0	4	0 1 1 2 1
24	20	0.0	4	8 4 4 3 1
25	75	0.0	5	12 20 21 9 8 5
26	100	0.0	5	27 32 22 9 7 3
27	5432	0.0	5	3773 1133 347 118 52 9
28	28614	0.0	5	17219 8638 1869 596 208 84
29	57	0.0	5	4 29 14 5 3 2
30	8	0.0	5	1 0 1 1 5
31	5	0.0	5	0 0 3 0 1 1
32	15	0.0	5	0 2 2 7 4
33	10	0.0	5	1 0 1 5 3
34	8	0.0	5	2 1 1 2 1 1
35	5	0.0	5	2 0 1 0 0 2
36	24	0.0	5	3 4 4 5 1 7
37	34	0.0	5	1 2 6 6 8 11
38	37	0.0	5	4 4 9 5 10 5
39	120	0.0	5	26 30 28 18 10 8
40	314	0.0	5	48 44 63 67 57 35
41	711	0.0	5	115 148 138 143 91 76
42	224	0.0	5	15 48 57 44 41 19
43	653	0.0	5	81 161 173 113 73 52
44	3	0.0	5	2 0 1
45	1	0.0	5	0 0 0 0 0 1
