This is cutadapt 4.6 with Python 3.9.18
Command line parameters: -Z --cores 5 -g GTCTAGAatcgccgaaagtaattcaactccattaa...TCTAGATGCTTACTAGTTACCGCGGCCA -e 0.2 -o LD_N2_t3_R3.trim.fastq.gz LD_N2_t3_R3_trimmed.fq.gz
Processing single-end reads on 5 cores ...
Finished in 1.268 s (5.325 µs/read; 11.27 M reads/minute).

=== Summary ===

Total reads processed:                 238,056
Reads with adapters:                   229,201 (96.3%)
Reads written (passing filters):       238,056 (100.0%)

Total basepairs processed:    20,474,897 bp
Total written (filtered):      5,409,048 bp (26.4%)

=== Adapter 1 ===

Sequence: GTCTAGAATCGCCGAAAGTAATTCAACTCCATTAA...TCTAGATGCTTACTAGTTACCGCGGCCA; Type: linked; Length: 35+28; 5' trimmed: 229201 times; 3' trimmed: 229201 times

Minimum overlap: 3+3
No. of allowed errors:
1-4 bp: 0; 5-9 bp: 1; 10-14 bp: 2; 15-19 bp: 3; 20-24 bp: 4; 25-29 bp: 5; 30-34 bp: 6; 35 bp: 7

No. of allowed errors:
1-4 bp: 0; 5-9 bp: 1; 10-14 bp: 2; 15-19 bp: 3; 20-24 bp: 4; 25-28 bp: 5

Overview of removed sequences at 5' end
length	count	expect	max.err	error counts
3	4	3719.6	0	4
5	1	232.5	1	0 1
26	1	0.0	5	0 0 0 0 1
32	1	0.0	6	0 0 0 0 0 0 0 1
33	1	0.0	6	0 0 0 0 0 0 1
34	3	0.0	6	0 0 1 0 0 0 2
35	412	0.0	7	1 8 13 17 56 129 82 106
36	28049	0.0	7	699 2893 4709 6239 6154 3947 2597 811
37	95943	0.0	7	296 1797 5681 16117 26140 25297 14290 6325
38	104570	0.0	7	2249 17095 44690 21864 10793 5027 2014 838
39	215	0.0	7	0 22 57 38 52 27 14 5
40	1	0.0	7	0 0 0 0 0 0 1



Overview of removed sequences at 3' end
length	count	expect	max.err	error counts
3	15	3719.6	0	15
4	32	929.9	0	5 27
5	79	232.5	1	5 74
6	25	58.1	1	1 24
7	17	14.5	1	5 12
8	1	3.6	1	0 1
9	12	0.9	1	2 4 6
10	4	0.2	2	2 2
11	5	0.1	2	2 3
12	3	0.0	2	3
13	6	0.0	2	1 3 2
14	10	0.0	2	6 3 1
15	111	0.0	3	54 28 13 16
16	66	0.0	3	13 11 26 16
17	4	0.0	3	1 2 1
18	17	0.0	3	3 5 4 5
19	77	0.0	3	25 27 17 8
20	25	0.0	4	6 10 6 1 2
21	89	0.0	4	31 31 16 11
22	105	0.0	4	29 29 23 12 12
23	215	0.0	4	46 63 58 31 17
24	304	0.0	4	73 101 65 40 24 1
25	3509	0.0	5	1746 939 463 231 91 39
26	3644	0.0	5	1565 1270 525 183 73 28
27	56047	0.0	5	42508 9839 2513 819 275 93
28	150901	0.0	5	90507 44123 9927 3871 1716 757
29	297	0.0	5	34 116 80 35 21 11
30	58	0.0	5	4 16 4 11 13 10
31	48	0.0	5	0 5 8 10 12 13
32	44	0.0	5	3 10 9 7 9 6
33	60	0.0	5	1 7 8 12 21 11
34	44	0.0	5	2 4 3 4 5 26
35	54	0.0	5	2 5 11 12 11 13
36	206	0.0	5	9 23 53 45 34 42
37	184	0.0	5	2 30 24 26 53 49
38	262	0.0	5	21 35 53 55 53 45
39	779	0.0	5	102 189 164 139 103 82
40	2078	0.0	5	183 306 385 436 407 361
41	4472	0.0	5	581 942 989 844 644 472
42	1510	0.0	5	137 255 333 305 282 198
43	3751	0.0	5	464 833 889 682 547 336
44	25	0.0	5	4 9 3 3 3 3
45	5	0.0	5	4 0 0 0 1
47	1	0.0	5	0 0 0 0 1
