This is cutadapt 4.6 with Python 3.9.18
Command line parameters: -Z --cores 5 -g GTCTAGAatcgccgaaagtaattcaactccattaa...TCTAGATGCTTACTAGTTACCGCGGCCA -e 0.2 -o LD_N2_t2_R1.trim.fastq.gz LD_N2_t2_R1_trimmed.fq.gz
Processing single-end reads on 5 cores ...
Finished in 0.482 s (7.924 µs/read; 7.57 M reads/minute).

=== Summary ===

Total reads processed:                  60,887
Reads with adapters:                    59,208 (97.2%)
Reads written (passing filters):        60,887 (100.0%)

Total basepairs processed:     5,243,169 bp
Total written (filtered):      1,340,543 bp (25.6%)

=== Adapter 1 ===

Sequence: GTCTAGAATCGCCGAAAGTAATTCAACTCCATTAA...TCTAGATGCTTACTAGTTACCGCGGCCA; Type: linked; Length: 35+28; 5' trimmed: 59208 times; 3' trimmed: 59208 times

Minimum overlap: 3+3
No. of allowed errors:
1-4 bp: 0; 5-9 bp: 1; 10-14 bp: 2; 15-19 bp: 3; 20-24 bp: 4; 25-29 bp: 5; 30-34 bp: 6; 35 bp: 7

No. of allowed errors:
1-4 bp: 0; 5-9 bp: 1; 10-14 bp: 2; 15-19 bp: 3; 20-24 bp: 4; 25-28 bp: 5

Overview of removed sequences at 5' end
length	count	expect	max.err	error counts
3	3	951.4	0	3
32	1	0.0	6	0 0 0 0 0 0 0 1
33	1	0.0	6	0 0 0 0 0 0 0 1
35	94	0.0	7	0 3 6 2 25 26 13 19
36	7329	0.0	7	215 849 1318 1621 1488 982 646 210
37	24788	0.0	7	94 521 1655 4392 6867 6426 3387 1446
38	26940	0.0	7	681 4556 11493 5623 2711 1234 471 171
39	52	0.0	7	1 5 10 8 14 8 5 1



Overview of removed sequences at 3' end
length	count	expect	max.err	error counts
3	3	951.4	0	3
4	4	237.8	0	0 4
5	9	59.5	1	0 9
6	2	14.9	1	0 2
7	1	3.7	1	0 1
8	1	0.9	1	1
9	2	0.2	1	0 2
10	1	0.1	2	0 1
11	1	0.0	2	0 1
12	1	0.0	2	1
13	1	0.0	2	0 0 1
14	2	0.0	2	0 1 1
15	10	0.0	3	1 7 2
16	5	0.0	3	1 2 1 1
18	2	0.0	3	0 2
19	9	0.0	3	2 4 1 2
20	3	0.0	4	0 1 1 0 1
21	8	0.0	4	1 3 1 1 2
22	6	0.0	4	1 1 2 1 1
23	11	0.0	4	0 6 4 0 1
24	30	0.0	4	9 7 9 3 2
25	169	0.0	5	48 48 40 19 9 5
26	225	0.0	5	60 76 45 28 9 7
27	10892	0.0	5	8178 1947 515 167 56 29
28	44052	0.0	5	29241 11550 2162 709 261 129
29	99	0.0	5	16 44 22 9 5 3
30	10	0.0	5	0 3 0 2 2 3
31	14	0.0	5	0 2 2 6 3 1
32	24	0.0	5	2 3 11 3 5
33	15	0.0	5	1 3 1 3 4 3
34	20	0.0	5	1 2 2 6 5 4
35	23	0.0	5	1 2 4 3 5 8
36	64	0.0	5	4 8 17 16 10 9
37	43	0.0	5	1 5 7 7 11 12
38	65	0.0	5	8 15 11 12 12 7
39	228	0.0	5	51 60 44 35 23 15
40	540	0.0	5	82 110 94 84 96 74
41	1105	0.0	5	195 272 222 204 133 79
42	425	0.0	5	63 90 93 70 62 47
43	1078	0.0	5	155 299 251 183 114 76
44	4	0.0	5	1 0 1 2
45	1	0.0	5	0 1
