This is cutadapt 4.6 with Python 3.9.18
Command line parameters: -Z --cores 5 -g GTCTAGAatcgccgaaagtaattcaactccattaa...TCTAGATGCTTACTAGTTACCGCGGCCA -e 0.2 -o LD_N2_t5_R3.trim.fastq.gz LD_N2_t5_R3_trimmed.fq.gz
Processing single-end reads on 5 cores ...
Finished in 0.377 s (7.406 µs/read; 8.10 M reads/minute).

=== Summary ===

Total reads processed:                  50,859
Reads with adapters:                    49,245 (96.8%)
Reads written (passing filters):        50,859 (100.0%)

Total basepairs processed:     4,383,992 bp
Total written (filtered):      1,133,770 bp (25.9%)

=== Adapter 1 ===

Sequence: GTCTAGAATCGCCGAAAGTAATTCAACTCCATTAA...TCTAGATGCTTACTAGTTACCGCGGCCA; Type: linked; Length: 35+28; 5' trimmed: 49245 times; 3' trimmed: 49245 times

Minimum overlap: 3+3
No. of allowed errors:
1-4 bp: 0; 5-9 bp: 1; 10-14 bp: 2; 15-19 bp: 3; 20-24 bp: 4; 25-29 bp: 5; 30-34 bp: 6; 35 bp: 7

No. of allowed errors:
1-4 bp: 0; 5-9 bp: 1; 10-14 bp: 2; 15-19 bp: 3; 20-24 bp: 4; 25-28 bp: 5

Overview of removed sequences at 5' end
length	count	expect	max.err	error counts
3	1	794.7	0	1
35	83	0.0	7	0 1 6 1 8 21 20 26
36	5896	0.0	7	114 409 796 1356 1407 990 632 192
37	21219	0.0	7	46 269 1038 3166 5731 6152 3350 1467
38	22008	0.0	7	371 2963 9546 4849 2518 1134 445 182
39	38	0.0	7	1 5 10 8 7 2 3 2



Overview of removed sequences at 3' end
length	count	expect	max.err	error counts
3	2	794.7	0	2
4	1	198.7	0	0 1
5	7	49.7	1	0 7
6	5	12.4	1	0 5
7	2	3.1	1	2
9	2	0.2	1	0 0 2
15	6	0.0	3	0 3 3
16	3	0.0	3	0 0 1 2
19	1	0.0	3	0 0 1
20	4	0.0	4	1 1 1 1
21	7	0.0	4	3 2 0 0 2
22	9	0.0	4	2 2 3 2
23	6	0.0	4	0 1 4 1
24	29	0.0	4	10 10 5 3 1
25	138	0.0	5	37 45 29 19 6 2
26	165	0.0	5	48 55 32 24 3 3
27	7920	0.0	5	5915 1443 389 123 45 5
28	37572	0.0	5	26170 8673 1791 624 215 99
29	93	0.0	5	8 60 15 6 3 1
30	10	0.0	5	1 2 0 2 2 3
31	14	0.0	5	2 2 1 5 2 2
32	25	0.0	5	2 6 6 7 1 3
33	9	0.0	5	1 1 2 2 2 1
34	20	0.0	5	1 4 3 4 4 4
35	18	0.0	5	0 3 1 4 3 7
36	32	0.0	5	3 4 4 9 7 5
37	37	0.0	5	3 5 7 6 5 11
38	61	0.0	5	8 3 5 17 16 12
39	213	0.0	5	32 68 50 21 30 12
40	473	0.0	5	87 81 102 84 61 58
41	1015	0.0	5	196 237 208 173 128 73
42	357	0.0	5	65 86 61 64 43 38
43	980	0.0	5	163 267 255 160 79 56
44	8	0.0	5	2 0 1 2 0 3
45	1	0.0	5	0 0 0 0 1
