This is cutadapt 4.6 with Python 3.9.18
Command line parameters: -Z --cores 5 -g GTCTAGAatcgccgaaagtaattcaactccattaa...TCTAGATGCTTACTAGTTACCGCGGCCA -e 0.2 -o LD_N2_t2_R3.trim.fastq.gz LD_N2_t2_R3_trimmed.fq.gz
Processing single-end reads on 5 cores ...
Finished in 2.108 s (6.556 µs/read; 9.15 M reads/minute).

=== Summary ===

Total reads processed:                 321,560
Reads with adapters:                   312,230 (97.1%)
Reads written (passing filters):       321,560 (100.0%)

Total basepairs processed:    27,684,592 bp
Total written (filtered):      7,119,941 bp (25.7%)

=== Adapter 1 ===

Sequence: GTCTAGAATCGCCGAAAGTAATTCAACTCCATTAA...TCTAGATGCTTACTAGTTACCGCGGCCA; Type: linked; Length: 35+28; 5' trimmed: 312230 times; 3' trimmed: 312230 times

Minimum overlap: 3+3
No. of allowed errors:
1-4 bp: 0; 5-9 bp: 1; 10-14 bp: 2; 15-19 bp: 3; 20-24 bp: 4; 25-29 bp: 5; 30-34 bp: 6; 35 bp: 7

No. of allowed errors:
1-4 bp: 0; 5-9 bp: 1; 10-14 bp: 2; 15-19 bp: 3; 20-24 bp: 4; 25-28 bp: 5

Overview of removed sequences at 5' end
length	count	expect	max.err	error counts
3	10	5024.4	0	10
5	1	314.0	1	1
31	1	0.0	6	0 1
33	1	0.0	6	0 0 0 0 0 0 0 1
34	3	0.0	6	0 0 0 0 0 2 0 1
35	585	0.0	7	2 10 21 23 68 193 133 135
36	35735	0.0	7	764 3129 5430 6997 8118 6252 3879 1166
37	135148	0.0	7	291 1779 6383 19838 37663 41174 19795 8225
38	140479	0.0	7	2177 19352 63266 31885 14521 6396 2052 830
39	265	0.0	7	1 24 67 64 48 28 22 11
40	1	0.0	7	0 0 0 0 1
49	1	0.0	7	1



Overview of removed sequences at 3' end
length	count	expect	max.err	error counts
3	4	5024.4	0	4
4	23	1256.1	0	3 20
5	94	314.0	1	1 93
6	16	78.5	1	0 16
7	7	19.6	1	4 3
8	3	4.9	1	1 2
9	9	1.2	1	0 3 6
11	2	0.1	2	1 1
12	4	0.0	2	0 2 2
14	3	0.0	2	0 3
15	35	0.0	3	15 12 2 6
16	22	0.0	3	0 7 7 8
17	7	0.0	3	3 1 1 2
18	5	0.0	3	2 1 0 2
19	36	0.0	3	5 10 18 3
20	12	0.0	4	4 4 1 3
21	17	0.0	4	2 6 4 5
22	15	0.0	4	0 3 5 2 5
23	43	0.0	4	4 12 12 10 5
24	165	0.0	4	56 40 34 23 12
25	605	0.0	5	97 149 156 108 62 33
26	800	0.0	5	145 231 212 129 56 27
27	43122	0.0	5	28106 9939 3237 1188 466 186
28	249923	0.0	5	139474 82327 19194 5753 2262 913
29	577	0.0	5	43 290 149 47 38 10
30	77	0.0	5	7 8 17 14 10 21
31	57	0.0	5	2 8 11 10 19 7
32	81	0.0	5	7 20 18 18 13 5
33	43	0.0	5	2 3 11 4 11 12
34	53	0.0	5	5 12 4 11 12 9
35	53	0.0	5	1 9 9 11 12 11
36	224	0.0	5	19 44 38 46 49 28
37	183	0.0	5	9 26 25 32 45 46
38	293	0.0	5	16 35 58 59 61 64
39	955	0.0	5	158 225 207 169 127 69
40	2490	0.0	5	355 493 437 479 400 326
41	5553	0.0	5	887 1209 1189 995 739 534
42	1860	0.0	5	189 370 406 373 312 210
43	4719	0.0	5	593 1092 1163 853 648 370
44	35	0.0	5	11 5 7 5 3 4
45	4	0.0	5	2 1 1
46	1	0.0	5	0 1
