This is cutadapt 4.6 with Python 3.9.18
Command line parameters: -Z --cores 5 -g GTCTAGAatcgccgaaagtaattcaactccattaa...TCTAGATGCTTACTAGTTACCGCGGCCA -e 0.2 -o LD_N2_t3_R2.trim.fastq.gz LD_N2_t3_R2_trimmed.fq.gz
Processing single-end reads on 5 cores ...
Finished in 0.139 s (48.879 µs/read; 1.23 M reads/minute).

=== Summary ===

Total reads processed:                   2,835
Reads with adapters:                     2,701 (95.3%)
Reads written (passing filters):         2,835 (100.0%)

Total basepairs processed:       242,747 bp
Total written (filtered):         65,223 bp (26.9%)

=== Adapter 1 ===

Sequence: GTCTAGAATCGCCGAAAGTAATTCAACTCCATTAA...TCTAGATGCTTACTAGTTACCGCGGCCA; Type: linked; Length: 35+28; 5' trimmed: 2701 times; 3' trimmed: 2701 times

Minimum overlap: 3+3
No. of allowed errors:
1-4 bp: 0; 5-9 bp: 1; 10-14 bp: 2; 15-19 bp: 3; 20-24 bp: 4; 25-29 bp: 5; 30-34 bp: 6; 35 bp: 7

No. of allowed errors:
1-4 bp: 0; 5-9 bp: 1; 10-14 bp: 2; 15-19 bp: 3; 20-24 bp: 4; 25-28 bp: 5

Overview of removed sequences at 5' end
length	count	expect	max.err	error counts
5	1	2.8	1	0 1
26	1	0.0	5	0 0 0 0 0 1
35	3	0.0	7	0 0 0 1 0 0 0 2
36	359	0.0	7	14 37 63 78 70 52 36 9
37	1131	0.0	7	5 26 65 208 292 291 166 78
38	1204	0.0	7	28 222 511 252 111 55 13 12
39	2	0.0	7	0 0 0 1 1



Overview of removed sequences at 3' end
length	count	expect	max.err	error counts
14	1	0.0	2	1
16	3	0.0	3	0 0 2 1
19	1	0.0	3	1
21	1	0.0	4	0 1
23	3	0.0	4	0 0 2 1
24	2	0.0	4	0 1 1
25	22	0.0	5	12 6 3 0 0 1
26	34	0.0	5	11 12 5 4 2
27	661	0.0	5	496 121 33 9 1 1
28	1811	0.0	5	1102 526 109 47 17 10
29	4	0.0	5	0 0 2 2
31	2	0.0	5	0 0 0 0 1 1
32	1	0.0	5	0 0 0 0 1
33	1	0.0	5	0 0 0 0 0 1
35	1	0.0	5	0 0 0 1
37	7	0.0	5	0 1 0 1 2 3
38	1	0.0	5	1
39	10	0.0	5	2 0 2 3 1 2
40	26	0.0	5	0 7 7 5 2 5
41	50	0.0	5	6 7 14 11 6 6
42	17	0.0	5	4 1 3 6 3
43	41	0.0	5	3 7 8 11 9 3
47	1	0.0	5	0 0 0 1
