[2024-09-04 10:58:16,914] multiqc                                            [DEBUG  ]  This is MultiQC v1.21
[2024-09-04 10:58:16,915] multiqc                                            [DEBUG  ]  Loading config settings from: multiqc_config.yml
[2024-09-04 10:58:16,915] multiqc                                            [DEBUG  ]  New config: {'report_comment': 'This report has been generated by the <a href="https://github.com/nf-core/crispriscreen/tree/dev" target="_blank">nf-core/crispriscreen</a> analysis pipeline. For information about how to interpret these results, please see the <a href="https://nf-co.re/crispriscreen/dev/docs/output" target="_blank">documentation</a>.\n', 'report_section_order': {'nf-core-crispriscreen-methods-description': {'order': -1000}, 'software_versions': {'order': -1001}, 'nf-core-crispriscreen-summary': {'order': -1002}}, 'export_plots': True, 'disable_version_detection': True}
[2024-09-04 10:58:16,916] multiqc                                            [DEBUG  ]  Loading config settings from: multiqc_config.yml
[2024-09-04 10:58:16,916] multiqc                                            [DEBUG  ]  New config: {'report_comment': 'This report has been generated by the <a href="https://github.com/nf-core/crispriscreen/tree/dev" target="_blank">nf-core/crispriscreen</a> analysis pipeline. For information about how to interpret these results, please see the <a href="https://nf-co.re/crispriscreen/dev/docs/output" target="_blank">documentation</a>.\n', 'report_section_order': {'nf-core-crispriscreen-methods-description': {'order': -1000}, 'software_versions': {'order': -1001}, 'nf-core-crispriscreen-summary': {'order': -1002}}, 'export_plots': True, 'disable_version_detection': True}
[2024-09-04 10:58:16,916] multiqc                                            [DEBUG  ]  Command used: /usr/local/bin/multiqc --force --config multiqc_config.yml .
[2024-09-04 10:58:19,581] multiqc                                            [DEBUG  ]  Timed out after waiting for 2s for multiqc.info to check latest version: HTTPSConnectionPool(host='api.multiqc.info', port=443): Read timed out. (read timeout=2)
[2024-09-04 10:58:19,581] multiqc                                            [DEBUG  ]  Working dir : /home/ute/Documents/Manuscripts/2023-08_smallLibrary/nextflow_analysis/work/ec/c1e281f0d9f3ff07b9fbdee4bca0f8
[2024-09-04 10:58:19,581] multiqc                                            [DEBUG  ]  Template    : default
[2024-09-04 10:58:19,581] multiqc                                            [DEBUG  ]  Running Python 3.11.8 | packaged by conda-forge | (main, Feb 16 2024, 20:53:32) [GCC 12.3.0]
[2024-09-04 10:58:19,584] multiqc                                            [DEBUG  ]  Analysing modules: custom_content, ccs, ngsderive, purple, conpair, isoseq, lima, peddy, somalier, methylqa, mosdepth, phantompeakqualtools, qualimap, bamdst, preseq, hifiasm, quast, qorts, rna_seqc, rockhopper, rsem, rseqc, busco, bustools, goleft_indexcov, gffcompare, disambiguate, supernova, deeptools, sargasso, verifybamid, mirtrace, happy, mirtop, sambamba, gopeaks, homer, hops, macs2, theta2, snpeff, gatk, htseq, bcftools, featureCounts, fgbio, dragen, dragen_fastqc, dedup, pbmarkdup, damageprofiler, mapdamage, biobambam2, jcvi, mtnucratio, picard, vep, bakta, prokka, qc3C, nanostat, samblaster, samtools, sexdeterrmine, seqera_cli, eigenstratdatabasetools, bamtools, jellyfish, vcftools, longranger, stacks, varscan2, snippy, umitools, truvari, megahit, bbmap, bismark, biscuit, diamond, hicexplorer, hicup, hicpro, salmon, kallisto, slamdunk, star, hisat2, tophat, bowtie2, bowtie1, cellranger, snpsplit, odgi, pangolin, nextclade, freyja, humid, kat, leehom, librarian, nonpareil, adapterRemoval, bbduk, clipandmerge, cutadapt, flexbar, sourmash, kaiju, bracken, kraken, malt, motus, trimmomatic, sickle, skewer, sortmerna, biobloomtools, fastq_screen, afterqc, fastp, fastqc, filtlong, prinseqplusplus, pychopper, porechop, pycoqc, minionqc, anglerfish, multivcfanalyzer, clusterflow, checkqc, bcl2fastq, bclconvert, interop, ivar, flash, seqyclean, optitype, whatshap, spaceranger, xenome, xengsort, metaphlan, seqwho
[2024-09-04 10:58:19,584] multiqc                                            [DEBUG  ]  Using temporary directory for creating report: /tmp/tmp6jpr5x46
[2024-09-04 10:58:19,585] multiqc                                            [INFO   ]  Search path : /home/ute/Documents/Manuscripts/2023-08_smallLibrary/nextflow_analysis/work/ec/c1e281f0d9f3ff07b9fbdee4bca0f8
[2024-09-04 10:58:19,712] multiqc                                            [DEBUG  ]  Summary of files that were skipped by the search: [skipped_module_specific_max_filesize: 57] // [skipped_no_match: 8]
[2024-09-04 10:58:19,724] multiqc.modules.custom_content.custom_content      [INFO   ]  nf-core-crispriscreen-summary: Found 1 sample (html)
[2024-09-04 10:58:19,725] multiqc.modules.custom_content.custom_content      [INFO   ]  nf-core-crispriscreen-methods-description: Found 1 sample (html)
[2024-09-04 10:58:19,729] multiqc.modules.featureCounts.feature_counts       [INFO   ]  Found 50 reports
[2024-09-04 10:58:19,729] multiqc.utils.util_functions                       [DEBUG  ]  Wrote data file multiqc_featureCounts.txt
[2024-09-04 10:58:19,782] multiqc.modules.cutadapt.cutadapt                  [INFO   ]  Found 50 reports
[2024-09-04 10:58:19,782] multiqc.utils.util_functions                       [DEBUG  ]  Wrote data file multiqc_cutadapt.txt
[2024-09-04 10:58:19,930] multiqc.modules.fastqc.fastqc                      [DEBUG  ]  Skipping 'HL_5N2_t1_R3_fastqc.zip' as already parsed 'HL_5N2_t1_R3'
[2024-09-04 10:58:19,942] multiqc.modules.fastqc.fastqc                      [DEBUG  ]  Skipping 'HL_5N2_t6_R3_fastqc.zip' as already parsed 'HL_5N2_t6_R3'
[2024-09-04 10:58:19,999] multiqc.modules.fastqc.fastqc                      [DEBUG  ]  Skipping 'HL_5N2_t6_R1_fastqc.zip' as already parsed 'HL_5N2_t6_R1'
[2024-09-04 10:58:20,173] multiqc.modules.fastqc.fastqc                      [DEBUG  ]  Skipping 'LD_N2_t4_R2_fastqc.zip' as already parsed 'LD_N2_t4_R2'
[2024-09-04 10:58:20,265] multiqc.modules.fastqc.fastqc                      [DEBUG  ]  Skipping 'LD_N2_t2_R3_fastqc.zip' as already parsed 'LD_N2_t2_R3'
[2024-09-04 10:58:20,265] multiqc.modules.fastqc.fastqc                      [DEBUG  ]  Skipping 'HL_5N2_t0_R2_fastqc.zip' as already parsed 'HL_5N2_t0_R2'
[2024-09-04 10:58:20,277] multiqc.modules.fastqc.fastqc                      [DEBUG  ]  Skipping 'HL_5N2_t0_R1_fastqc.zip' as already parsed 'HL_5N2_t0_R1'
[2024-09-04 10:58:20,301] multiqc.modules.fastqc.fastqc                      [DEBUG  ]  Skipping 'LD_N2_t2_R2_fastqc.zip' as already parsed 'LD_N2_t2_R2'
[2024-09-04 10:58:20,301] multiqc.modules.fastqc.fastqc                      [DEBUG  ]  Skipping 'LD_N2_t1_R1_fastqc.zip' as already parsed 'LD_N2_t1_R1'
[2024-09-04 10:58:20,313] multiqc.modules.fastqc.fastqc                      [DEBUG  ]  Skipping 'LD_N2_t0_R1_fastqc.zip' as already parsed 'LD_N2_t0_R1'
[2024-09-04 10:58:20,336] multiqc.modules.fastqc.fastqc                      [DEBUG  ]  Skipping 'LD_N2_t3_R2_fastqc.zip' as already parsed 'LD_N2_t3_R2'
[2024-09-04 10:58:20,336] multiqc.modules.fastqc.fastqc                      [DEBUG  ]  Skipping 'HL_5N2_t0_R3_fastqc.zip' as already parsed 'HL_5N2_t0_R3'
[2024-09-04 10:58:20,336] multiqc.modules.fastqc.fastqc                      [DEBUG  ]  Skipping 'HL_5N2_t3_R2_fastqc.zip' as already parsed 'HL_5N2_t3_R2'
[2024-09-04 10:58:20,336] multiqc.modules.fastqc.fastqc                      [DEBUG  ]  Skipping 'LD_N2_t5_R3_fastqc.zip' as already parsed 'LD_N2_t5_R3'
[2024-09-04 10:58:20,348] multiqc.modules.fastqc.fastqc                      [DEBUG  ]  Skipping 'HL_5N2_t7_R4_fastqc.zip' as already parsed 'HL_5N2_t7_R4'
[2024-09-04 10:58:20,348] multiqc.modules.fastqc.fastqc                      [DEBUG  ]  Skipping 'HL_5N2_t7_R2_fastqc.zip' as already parsed 'HL_5N2_t7_R2'
[2024-09-04 10:58:20,348] multiqc.modules.fastqc.fastqc                      [DEBUG  ]  Skipping 'HL_5N2_t1_R1_fastqc.zip' as already parsed 'HL_5N2_t1_R1'
[2024-09-04 10:58:20,348] multiqc.modules.fastqc.fastqc                      [DEBUG  ]  Skipping 'HL_5N2_t2_R4_fastqc.zip' as already parsed 'HL_5N2_t2_R4'
[2024-09-04 10:58:20,348] multiqc.modules.fastqc.fastqc                      [DEBUG  ]  Skipping 'LD_N2_t3_R3_fastqc.zip' as already parsed 'LD_N2_t3_R3'
[2024-09-04 10:58:20,348] multiqc.modules.fastqc.fastqc                      [DEBUG  ]  Skipping 'HL_5N2_t4_R1_fastqc.zip' as already parsed 'HL_5N2_t4_R1'
[2024-09-04 10:58:20,348] multiqc.modules.fastqc.fastqc                      [DEBUG  ]  Skipping 'LD_N2_t1_R2_fastqc.zip' as already parsed 'LD_N2_t1_R2'
[2024-09-04 10:58:20,361] multiqc.modules.fastqc.fastqc                      [DEBUG  ]  Skipping 'HL_5N2_t5_R3_fastqc.zip' as already parsed 'HL_5N2_t5_R3'
[2024-09-04 10:58:20,361] multiqc.modules.fastqc.fastqc                      [DEBUG  ]  Skipping 'LD_N2_t5_R2_fastqc.zip' as already parsed 'LD_N2_t5_R2'
[2024-09-04 10:58:20,361] multiqc.modules.fastqc.fastqc                      [DEBUG  ]  Skipping 'HL_5N2_t4_R3_fastqc.zip' as already parsed 'HL_5N2_t4_R3'
[2024-09-04 10:58:20,361] multiqc.modules.fastqc.fastqc                      [DEBUG  ]  Skipping 'LD_N2_t4_R3_fastqc.zip' as already parsed 'LD_N2_t4_R3'
[2024-09-04 10:58:20,361] multiqc.modules.fastqc.fastqc                      [DEBUG  ]  Skipping 'HL_5N2_t6_R2_fastqc.zip' as already parsed 'HL_5N2_t6_R2'
[2024-09-04 10:58:20,361] multiqc.modules.fastqc.fastqc                      [DEBUG  ]  Skipping 'HL_5N2_t3_R4_fastqc.zip' as already parsed 'HL_5N2_t3_R4'
[2024-09-04 10:58:20,362] multiqc.modules.fastqc.fastqc                      [DEBUG  ]  Skipping 'HL_5N2_t7_R3_fastqc.zip' as already parsed 'HL_5N2_t7_R3'
[2024-09-04 10:58:20,362] multiqc.modules.fastqc.fastqc                      [DEBUG  ]  Skipping 'LD_N2_t4_R1_fastqc.zip' as already parsed 'LD_N2_t4_R1'
[2024-09-04 10:58:20,362] multiqc.modules.fastqc.fastqc                      [DEBUG  ]  Skipping 'HL_5N2_t1_R4_fastqc.zip' as already parsed 'HL_5N2_t1_R4'
[2024-09-04 10:58:20,362] multiqc.modules.fastqc.fastqc                      [DEBUG  ]  Skipping 'HL_5N2_t4_R2_fastqc.zip' as already parsed 'HL_5N2_t4_R2'
[2024-09-04 10:58:20,373] multiqc.modules.fastqc.fastqc                      [DEBUG  ]  Skipping 'HL_5N2_t0_R4_fastqc.zip' as already parsed 'HL_5N2_t0_R4'
[2024-09-04 10:58:20,373] multiqc.modules.fastqc.fastqc                      [DEBUG  ]  Skipping 'LD_N2_t5_R1_fastqc.zip' as already parsed 'LD_N2_t5_R1'
[2024-09-04 10:58:20,387] multiqc.modules.fastqc.fastqc                      [DEBUG  ]  Skipping 'HL_5N2_t5_R1_fastqc.zip' as already parsed 'HL_5N2_t5_R1'
[2024-09-04 10:58:20,387] multiqc.modules.fastqc.fastqc                      [DEBUG  ]  Skipping 'LD_N2_t1_R3_fastqc.zip' as already parsed 'LD_N2_t1_R3'
[2024-09-04 10:58:20,387] multiqc.modules.fastqc.fastqc                      [DEBUG  ]  Skipping 'HL_5N2_t3_R1_fastqc.zip' as already parsed 'HL_5N2_t3_R1'
[2024-09-04 10:58:20,387] multiqc.modules.fastqc.fastqc                      [DEBUG  ]  Skipping 'HL_5N2_t5_R4_fastqc.zip' as already parsed 'HL_5N2_t5_R4'
[2024-09-04 10:58:20,387] multiqc.modules.fastqc.fastqc                      [DEBUG  ]  Skipping 'HL_5N2_t5_R2_fastqc.zip' as already parsed 'HL_5N2_t5_R2'
[2024-09-04 10:58:20,387] multiqc.modules.fastqc.fastqc                      [DEBUG  ]  Skipping 'HL_5N2_t7_R1_fastqc.zip' as already parsed 'HL_5N2_t7_R1'
[2024-09-04 10:58:20,387] multiqc.modules.fastqc.fastqc                      [DEBUG  ]  Skipping 'HL_5N2_t3_R3_fastqc.zip' as already parsed 'HL_5N2_t3_R3'
[2024-09-04 10:58:20,387] multiqc.modules.fastqc.fastqc                      [DEBUG  ]  Skipping 'LD_N2_t0_R3_fastqc.zip' as already parsed 'LD_N2_t0_R3'
[2024-09-04 10:58:20,387] multiqc.modules.fastqc.fastqc                      [DEBUG  ]  Skipping 'HL_5N2_t2_R2_fastqc.zip' as already parsed 'HL_5N2_t2_R2'
[2024-09-04 10:58:20,387] multiqc.modules.fastqc.fastqc                      [DEBUG  ]  Skipping 'LD_N2_t2_R1_fastqc.zip' as already parsed 'LD_N2_t2_R1'
[2024-09-04 10:58:20,387] multiqc.modules.fastqc.fastqc                      [DEBUG  ]  Skipping 'LD_N2_t0_R2_fastqc.zip' as already parsed 'LD_N2_t0_R2'
[2024-09-04 10:58:20,387] multiqc.modules.fastqc.fastqc                      [DEBUG  ]  Skipping 'HL_5N2_t4_R4_fastqc.zip' as already parsed 'HL_5N2_t4_R4'
[2024-09-04 10:58:20,400] multiqc.modules.fastqc.fastqc                      [DEBUG  ]  Skipping 'HL_5N2_t2_R1_fastqc.zip' as already parsed 'HL_5N2_t2_R1'
[2024-09-04 10:58:20,400] multiqc.modules.fastqc.fastqc                      [DEBUG  ]  Skipping 'LD_N2_t3_R1_fastqc.zip' as already parsed 'LD_N2_t3_R1'
[2024-09-04 10:58:20,400] multiqc.modules.fastqc.fastqc                      [DEBUG  ]  Skipping 'HL_5N2_t1_R2_fastqc.zip' as already parsed 'HL_5N2_t1_R2'
[2024-09-04 10:58:20,400] multiqc.modules.fastqc.fastqc                      [DEBUG  ]  Skipping 'HL_5N2_t6_R4_fastqc.zip' as already parsed 'HL_5N2_t6_R4'
[2024-09-04 10:58:20,401] multiqc.modules.fastqc.fastqc                      [DEBUG  ]  Skipping 'HL_5N2_t2_R3_fastqc.zip' as already parsed 'HL_5N2_t2_R3'
[2024-09-04 10:58:20,401] multiqc.modules.fastqc.fastqc                      [INFO   ]  Found 50 reports
[2024-09-04 10:58:20,401] multiqc.utils.util_functions                       [DEBUG  ]  Wrote data file multiqc_fastqc.txt
[2024-09-04 10:58:20,493] multiqc.plots.plotly.heatmap                       [DEBUG  ]  Resizing from 495x550 to fit the maximum size 900x500
[2024-09-04 10:58:20,493] multiqc.plots.plotly.heatmap                       [DEBUG  ]  Heatmap size: 900x500, px per element: 81.82x10.00
[2024-09-04 10:58:20,496] multiqc.utils.software_versions                    [DEBUG  ]  Reading software versions from config.software_versions
[2024-09-04 10:58:20,496] multiqc.utils.software_versions                    [DEBUG  ]  Reading software versions settings from: 203/nf_core_pipeline_software_mqc_versions.yml
[2024-09-04 10:58:20,498] multiqc.utils.util_functions                       [DEBUG  ]  Wrote data file multiqc_software_versions.txt
[2024-09-04 10:58:20,498] multiqc                                            [DEBUG  ]  Reordering sections: anchor 'software_versions' not found.
[2024-09-04 10:58:20,498] multiqc                                            [DEBUG  ]  Reordering sections: anchor 'nf-core-crispriscreen-methods-description' not found for module 'featureCounts'.
[2024-09-04 10:58:20,498] multiqc                                            [DEBUG  ]  Reordering sections: anchor 'software_versions' not found for module 'featureCounts'.
[2024-09-04 10:58:20,498] multiqc                                            [DEBUG  ]  Reordering sections: anchor 'nf-core-crispriscreen-summary' not found for module 'featureCounts'.
[2024-09-04 10:58:20,498] multiqc                                            [DEBUG  ]  Reordering sections: anchor 'nf-core-crispriscreen-methods-description' not found for module 'Cutadapt'.
[2024-09-04 10:58:20,498] multiqc                                            [DEBUG  ]  Reordering sections: anchor 'software_versions' not found for module 'Cutadapt'.
[2024-09-04 10:58:20,498] multiqc                                            [DEBUG  ]  Reordering sections: anchor 'nf-core-crispriscreen-summary' not found for module 'Cutadapt'.
[2024-09-04 10:58:20,498] multiqc                                            [DEBUG  ]  Reordering sections: anchor 'nf-core-crispriscreen-methods-description' not found for module 'FastQC'.
[2024-09-04 10:58:20,498] multiqc                                            [DEBUG  ]  Reordering sections: anchor 'software_versions' not found for module 'FastQC'.
[2024-09-04 10:58:20,498] multiqc                                            [DEBUG  ]  Reordering sections: anchor 'nf-core-crispriscreen-summary' not found for module 'FastQC'.
[2024-09-04 10:58:20,498] multiqc                                            [DEBUG  ]  Reordering sections: anchor 'nf-core-crispriscreen-methods-description' not found for module 'Software Versions'.
[2024-09-04 10:58:20,498] multiqc                                            [DEBUG  ]  Reordering sections: anchor 'software_versions' not found for module 'Software Versions'.
[2024-09-04 10:58:20,498] multiqc                                            [DEBUG  ]  Reordering sections: anchor 'nf-core-crispriscreen-summary' not found for module 'Software Versions'.
[2024-09-04 10:58:20,498] multiqc                                            [DEBUG  ]  Reordering sections: anchor 'nf-core-crispriscreen-methods-description' not found for module 'nf-core/crispriscreen Methods Description'.
[2024-09-04 10:58:20,498] multiqc                                            [DEBUG  ]  Reordering sections: anchor 'software_versions' not found for module 'nf-core/crispriscreen Methods Description'.
[2024-09-04 10:58:20,498] multiqc                                            [DEBUG  ]  Reordering sections: anchor 'nf-core-crispriscreen-summary' not found for module 'nf-core/crispriscreen Methods Description'.
[2024-09-04 10:58:20,499] multiqc                                            [DEBUG  ]  Reordering sections: anchor 'nf-core-crispriscreen-methods-description' not found for module 'nf-core/crispriscreen Workflow Summary'.
[2024-09-04 10:58:20,499] multiqc                                            [DEBUG  ]  Reordering sections: anchor 'software_versions' not found for module 'nf-core/crispriscreen Workflow Summary'.
[2024-09-04 10:58:20,499] multiqc                                            [DEBUG  ]  Reordering sections: anchor 'nf-core-crispriscreen-summary' not found for module 'nf-core/crispriscreen Workflow Summary'.
[2024-09-04 10:58:20,542] multiqc.utils.util_functions                       [DEBUG  ]  Wrote data file multiqc_general_stats.txt
[2024-09-04 10:58:20,543] multiqc                                            [DEBUG  ]  Compressing plot data
[2024-09-04 10:58:20,835] multiqc.utils.util_functions                       [DEBUG  ]  Wrote data file multiqc_data.json
[2024-09-04 10:58:20,835] multiqc                                            [INFO   ]  Report      : multiqc_report.html
[2024-09-04 10:58:20,835] multiqc                                            [INFO   ]  Data        : multiqc_data
[2024-09-04 10:58:20,835] multiqc                                            [DEBUG  ]  Moving data file from '/tmp/tmp6jpr5x46/multiqc_data' to '/home/ute/Documents/Manuscripts/2023-08_smallLibrary/nextflow_analysis/work/ec/c1e281f0d9f3ff07b9fbdee4bca0f8/multiqc_data'
[2024-09-04 10:58:20,837] multiqc                                            [DEBUG  ]  Full report path: /home/ute/Documents/Manuscripts/2023-08_smallLibrary/nextflow_analysis/work/ec/c1e281f0d9f3ff07b9fbdee4bca0f8/multiqc_report.html
[2024-09-04 10:58:20,837] multiqc                                            [INFO   ]  Plots       : multiqc_plots
[2024-09-04 10:58:20,837] multiqc                                            [DEBUG  ]  Moving plots directory from '/tmp/tmp6jpr5x46/multiqc_plots' to '/home/ute/Documents/Manuscripts/2023-08_smallLibrary/nextflow_analysis/work/ec/c1e281f0d9f3ff07b9fbdee4bca0f8/multiqc_plots'
[2024-09-04 10:58:20,902] multiqc                                            [INFO   ]  MultiQC complete
