This is cutadapt 4.6 with Python 3.9.18
Command line parameters: -Z --cores 5 -g GTCTAGAatcgccgaaagtaattcaactccattaa...TCTAGATGCTTACTAGTTACCGCGGCCA -e 0.2 -o HL_5O2_t1_R4.trim.fastq.gz HL_5O2_t1_R4_trimmed.fq.gz
Processing single-end reads on 5 cores ...
Finished in 1.248 s (6.689 µs/read; 8.97 M reads/minute).

=== Summary ===

Total reads processed:                 186,626
Reads with adapters:                   180,991 (97.0%)
Reads written (passing filters):       186,626 (100.0%)

Total basepairs processed:    16,012,879 bp
Total written (filtered):      4,142,965 bp (25.9%)

=== Adapter 1 ===

Sequence: GTCTAGAATCGCCGAAAGTAATTCAACTCCATTAA...TCTAGATGCTTACTAGTTACCGCGGCCA; Type: linked; Length: 35+28; 5' trimmed: 180991 times; 3' trimmed: 180991 times

Minimum overlap: 3+3
No. of allowed errors:
1-4 bp: 0; 5-9 bp: 1; 10-14 bp: 2; 15-19 bp: 3; 20-24 bp: 4; 25-29 bp: 5; 30-34 bp: 6; 35 bp: 7

No. of allowed errors:
1-4 bp: 0; 5-9 bp: 1; 10-14 bp: 2; 15-19 bp: 3; 20-24 bp: 4; 25-28 bp: 5

Overview of removed sequences at 5' end
length	count	expect	max.err	error counts
3	7	2916.0	0	7
26	1	0.0	5	0 0 0 0 1
31	1	0.0	6	0 0 0 0 1
34	3	0.0	6	0 0 0 0 0 1 2
35	691	0.0	7	3 20 33 48 84 184 154 165
36	48097	0.0	7	1156 5044 7848 9964 10545 7204 4758 1578
37	70282	0.0	7	220 1304 4168 11661 18861 19281 10372 4415
38	61738	0.0	7	1424 10409 25499 13230 6646 2928 1165 437
39	171	0.0	7	1 15 43 37 37 24 11 3



Overview of removed sequences at 3' end
length	count	expect	max.err	error counts
3	3	2916.0	0	3
4	15	729.0	0	2 13
5	43	182.3	1	1 42
6	5	45.6	1	0 5
7	6	11.4	1	3 3
8	1	2.8	1	1
9	1	0.7	1	1
10	2	0.2	2	0 2
11	2	0.0	2	1 1
12	4	0.0	2	1 2 1
13	2	0.0	2	1 0 1
14	5	0.0	2	0 2 3
15	26	0.0	3	13 7 4 2
16	13	0.0	3	2 2 4 5
17	2	0.0	3	1 0 1
18	4	0.0	3	0 2 1 1
19	11	0.0	3	2 3 3 3
20	10	0.0	4	3 2 4 1
21	20	0.0	4	6 10 1 2 1
22	16	0.0	4	4 2 6 2 2
23	39	0.0	4	4 14 8 9 4
24	79	0.0	4	21 15 19 15 9
25	621	0.0	5	211 184 132 54 28 12
26	1028	0.0	5	335 355 195 100 34 9
27	31651	0.0	5	23573 5917 1540 438 150 33
28	137266	0.0	5	88693 38815 6792 1923 725 318
29	277	0.0	5	25 144 73 22 11 2
30	26	0.0	5	3 2 3 5 7 6
31	36	0.0	5	0 5 4 9 11 7
32	41	0.0	5	1 9 16 5 6 4
33	28	0.0	5	3 2 4 3 7 9
34	29	0.0	5	5 5 5 4 5 5
35	25	0.0	5	1 1 4 6 8 5
36	110	0.0	5	9 18 17 25 21 20
37	108	0.0	5	7 15 18 21 24 23
38	147	0.0	5	14 19 34 32 23 25
39	431	0.0	5	96 104 92 67 36 36
40	1195	0.0	5	157 231 221 232 196 158
41	2514	0.0	5	454 572 529 440 311 208
42	1330	0.0	5	172 288 272 262 195 141
43	3764	0.0	5	604 1027 848 600 401 284
44	45	0.0	5	12 13 10 2 5 3
45	9	0.0	5	4 4 1
47	1	0.0	5	0 0 0 1
