This is cutadapt 4.6 with Python 3.9.18
Command line parameters: -Z --cores 5 -g GTCTAGAatcgccgaaagtaattcaactccattaa...TCTAGATGCTTACTAGTTACCGCGGCCA -e 0.2 -o HL_5N2_t4_R4.trim.fastq.gz HL_5N2_t4_R4_trimmed.fq.gz
Processing single-end reads on 5 cores ...
Finished in 0.518 s (7.834 µs/read; 7.66 M reads/minute).

=== Summary ===

Total reads processed:                  66,170
Reads with adapters:                    63,267 (95.6%)
Reads written (passing filters):        66,170 (100.0%)

Total basepairs processed:     5,691,960 bp
Total written (filtered):      1,528,913 bp (26.9%)

=== Adapter 1 ===

Sequence: GTCTAGAATCGCCGAAAGTAATTCAACTCCATTAA...TCTAGATGCTTACTAGTTACCGCGGCCA; Type: linked; Length: 35+28; 5' trimmed: 63267 times; 3' trimmed: 63267 times

Minimum overlap: 3+3
No. of allowed errors:
1-4 bp: 0; 5-9 bp: 1; 10-14 bp: 2; 15-19 bp: 3; 20-24 bp: 4; 25-29 bp: 5; 30-34 bp: 6; 35 bp: 7

No. of allowed errors:
1-4 bp: 0; 5-9 bp: 1; 10-14 bp: 2; 15-19 bp: 3; 20-24 bp: 4; 25-28 bp: 5

Overview of removed sequences at 5' end
length	count	expect	max.err	error counts
3	3	1033.9	0	3
6	1	16.2	1	0 1
26	54	0.0	5	1 5 3 14 18 13
34	1	0.0	6	0 0 0 1
35	217	0.0	7	0 5 11 17 21 67 57 39
36	16159	0.0	7	319 1390 2251 3292 3723 2687 1854 643
37	25230	0.0	7	61 379 1272 3809 6792 7410 3858 1649
38	21540	0.0	7	389 3042 9067 4954 2415 1126 389 158
39	62	0.0	7	1 4 15 13 13 9 4 3



Overview of removed sequences at 3' end
length	count	expect	max.err	error counts
3	2	1033.9	0	2
4	5	258.5	0	1 4
5	18	64.6	1	0 18
6	4	16.2	1	0 4
7	1	4.0	1	1
8	1	1.0	1	0 1
9	4	0.3	1	0 1 3
13	2	0.0	2	0 0 2
14	2	0.0	2	0 0 2
15	5	0.0	3	1 4
16	4	0.0	3	0 1 1 2
17	2	0.0	3	1 0 1
18	3	0.0	3	0 0 2 1
19	7	0.0	3	1 2 1 3
20	6	0.0	4	1 1 3 0 1
21	9	0.0	4	0 3 4 1 1
22	1	0.0	4	0 0 0 1
23	6	0.0	4	1 3 1 0 1
24	43	0.0	4	6 14 10 8 5
25	137	0.0	5	20 33 28 35 14 7
26	134	0.0	5	27 39 36 21 10 1
27	7055	0.0	5	4476 1693 567 212 74 33
28	51564	0.0	5	28777 16872 4013 1219 479 204
29	118	0.0	5	10 54 37 9 4 4
30	15	0.0	5	4 1 1 2 4 3
31	12	0.0	5	0 2 2 2 3 3
32	13	0.0	5	2 1 4 3 2 1
33	6	0.0	5	0 2 1 1 0 2
34	23	0.0	5	0 3 3 7 5 5
35	14	0.0	5	0 3 1 4 4 2
36	51	0.0	5	3 8 8 10 8 14
37	41	0.0	5	1 3 10 7 13 7
38	71	0.0	5	6 11 3 20 18 13
39	196	0.0	5	28 45 32 35 26 30
40	540	0.0	5	65 99 106 104 97 69
41	1078	0.0	5	144 234 238 203 149 110
42	551	0.0	5	60 106 132 101 85 67
43	1423	0.0	5	146 322 356 279 184 136
44	45	0.0	5	12 10 10 3 6 4
45	3	0.0	5	1 1 0 1
46	3	0.0	5	0 0 0 3
47	45	0.0	5	0 0 1 40 4
53	3	0.0	5	0 0 0 3
54	1	0.0	5	0 0 0 0 1
