This is cutadapt 4.6 with Python 3.9.18
Command line parameters: -Z --cores 5 -g GTCTAGAatcgccgaaagtaattcaactccattaa...TCTAGATGCTTACTAGTTACCGCGGCCA -e 0.2 -o HL_5O2_t3_R1.trim.fastq.gz HL_5O2_t3_R1_trimmed.fq.gz
Processing single-end reads on 5 cores ...
Finished in 0.394 s (15.922 µs/read; 3.77 M reads/minute).

=== Summary ===

Total reads processed:                  24,762
Reads with adapters:                    23,129 (93.4%)
Reads written (passing filters):        24,762 (100.0%)

Total basepairs processed:     2,126,516 bp
Total written (filtered):        603,124 bp (28.4%)

=== Adapter 1 ===

Sequence: GTCTAGAATCGCCGAAAGTAATTCAACTCCATTAA...TCTAGATGCTTACTAGTTACCGCGGCCA; Type: linked; Length: 35+28; 5' trimmed: 23129 times; 3' trimmed: 23129 times

Minimum overlap: 3+3
No. of allowed errors:
1-4 bp: 0; 5-9 bp: 1; 10-14 bp: 2; 15-19 bp: 3; 20-24 bp: 4; 25-29 bp: 5; 30-34 bp: 6; 35 bp: 7

No. of allowed errors:
1-4 bp: 0; 5-9 bp: 1; 10-14 bp: 2; 15-19 bp: 3; 20-24 bp: 4; 25-28 bp: 5

Overview of removed sequences at 5' end
length	count	expect	max.err	error counts
3	1	386.9	0	1
25	4	0.0	5	0 0 0 0 0 4
26	114	0.0	5	3 4 12 25 45 25
34	1	0.0	6	0 0 0 0 0 1
35	89	0.0	7	1 3 9 2 13 21 20 20
36	5951	0.0	7	150 522 914 1217 1343 963 655 187
37	9015	0.0	7	26 108 443 1334 2350 2639 1468 647
38	7939	0.0	7	146 1108 3372 1740 878 461 172 62
39	15	0.0	7	0 4 2 6 2 1



Overview of removed sequences at 3' end
length	count	expect	max.err	error counts
3	1	386.9	0	1
5	14	24.2	1	0 14
6	2	6.0	1	0 2
7	1	1.5	1	0 1
12	1	0.0	2	1
15	3	0.0	3	2 1
16	2	0.0	3	1 0 0 1
17	1	0.0	3	0 1
18	1	0.0	3	0 0 1
19	3	0.0	3	1 1 1
21	3	0.0	4	0 2 0 0 1
22	2	0.0	4	0 1 0 0 1
24	16	0.0	4	2 6 2 4 2
25	63	0.0	5	18 15 13 4 10 3
26	65	0.0	5	15 23 16 8 1 2
27	2977	0.0	5	2092 602 185 75 16 7
28	18254	0.0	5	12544 4336 897 301 123 53
29	25	0.0	5	4 14 4 3
30	7	0.0	5	3 1 0 0 2 1
31	4	0.0	5	0 1 1 0 2
32	6	0.0	5	1 1 1 2 1
33	10	0.0	5	1 0 1 3 1 4
34	8	0.0	5	0 1 3 3 1
35	5	0.0	5	0 0 1 1 2 1
36	17	0.0	5	0 1 5 2 6 3
37	11	0.0	5	1 0 2 2 4 2
38	22	0.0	5	1 4 5 4 5 3
39	60	0.0	5	8 14 10 8 10 10
40	183	0.0	5	30 36 44 29 31 13
41	416	0.0	5	53 106 90 75 53 39
42	245	0.0	5	23 47 48 71 35 21
43	573	0.0	5	97 138 118 99 78 43
44	11	0.0	5	3 1 1 4 1 1
45	4	0.0	5	0 1 0 2 1
46	8	0.0	5	0 0 1 6 1
47	90	0.0	5	0 0 0 86 4
53	2	0.0	5	0 0 0 1 1
54	13	0.0	5	0 0 1 6 3 3
