This is cutadapt 4.6 with Python 3.9.18
Command line parameters: -Z --cores 5 -g GTCTAGAatcgccgaaagtaattcaactccattaa...TCTAGATGCTTACTAGTTACCGCGGCCA -e 0.2 -o HL_5O2_t7_R1.trim.fastq.gz HL_5O2_t7_R1_trimmed.fq.gz
Processing single-end reads on 5 cores ...
Finished in 0.123 s (50.319 µs/read; 1.19 M reads/minute).

=== Summary ===

Total reads processed:                   2,437
Reads with adapters:                     1,511 (62.0%)
Reads written (passing filters):         2,437 (100.0%)

Total basepairs processed:       206,357 bp
Total written (filtered):        104,127 bp (50.5%)

=== Adapter 1 ===

Sequence: GTCTAGAATCGCCGAAAGTAATTCAACTCCATTAA...TCTAGATGCTTACTAGTTACCGCGGCCA; Type: linked; Length: 35+28; 5' trimmed: 1511 times; 3' trimmed: 1511 times

Minimum overlap: 3+3
No. of allowed errors:
1-4 bp: 0; 5-9 bp: 1; 10-14 bp: 2; 15-19 bp: 3; 20-24 bp: 4; 25-29 bp: 5; 30-34 bp: 6; 35 bp: 7

No. of allowed errors:
1-4 bp: 0; 5-9 bp: 1; 10-14 bp: 2; 15-19 bp: 3; 20-24 bp: 4; 25-28 bp: 5

Overview of removed sequences at 5' end
length	count	expect	max.err	error counts
25	1	0.0	5	0 0 0 0 0 1
26	134	0.0	5	1 5 11 47 45 25
35	8	0.0	7	0 0 0 3 0 4 0 1
36	389	0.0	7	10 28 56 86 92 68 39 10
37	515	0.0	7	0 7 17 66 135 165 79 46
38	464	0.0	7	13 52 172 112 59 37 12 7



Overview of removed sequences at 3' end
length	count	expect	max.err	error counts
5	8	2.4	1	0 8
15	1	0.0	3	0 0 1
16	1	0.0	3	1
19	1	0.0	3	0 1
23	1	0.0	4	0 0 0 1
25	3	0.0	5	0 2 1
26	2	0.0	5	0 0 1 0 1
27	112	0.0	5	72 29 9 1 1
28	1008	0.0	5	618 295 70 17 6 2
29	4	0.0	5	0 2 1 0 0 1
32	2	0.0	5	1 0 0 1
33	1	0.0	5	0 0 1
34	2	0.0	5	0 1 0 1
35	3	0.0	5	0 0 1 0 2
36	4	0.0	5	0 1 0 2 0 1
37	2	0.0	5	0 0 1 1
38	7	0.0	5	0 2 1 3 1
39	9	0.0	5	0 4 2 1 0 2
40	19	0.0	5	2 4 9 2 0 2
41	57	0.0	5	9 11 10 13 10 4
42	52	0.0	5	3 5 6 24 8 6
43	77	0.0	5	8 21 10 25 10 3
44	2	0.0	5	0 0 0 2
45	3	0.0	5	0 0 1 1 0 1
46	13	0.0	5	0 0 0 11 2
47	98	0.0	5	0 0 1 89 7 1
53	4	0.0	5	0 0 0 3 1
54	15	0.0	5	0 0 0 6 6 3
