This is cutadapt 4.6 with Python 3.9.18
Command line parameters: -Z --cores 5 -g GTCTAGAatcgccgaaagtaattcaactccattaa...TCTAGATGCTTACTAGTTACCGCGGCCA -e 0.2 -o HL_5N2_t4_R3.trim.fastq.gz HL_5N2_t4_R3_trimmed.fq.gz
Processing single-end reads on 5 cores ...
Finished in 0.479 s (12.088 µs/read; 4.96 M reads/minute).

=== Summary ===

Total reads processed:                  39,586
Reads with adapters:                    38,350 (96.9%)
Reads written (passing filters):        39,586 (100.0%)

Total basepairs processed:     3,401,484 bp
Total written (filtered):        882,272 bp (25.9%)

=== Adapter 1 ===

Sequence: GTCTAGAATCGCCGAAAGTAATTCAACTCCATTAA...TCTAGATGCTTACTAGTTACCGCGGCCA; Type: linked; Length: 35+28; 5' trimmed: 38350 times; 3' trimmed: 38350 times

Minimum overlap: 3+3
No. of allowed errors:
1-4 bp: 0; 5-9 bp: 1; 10-14 bp: 2; 15-19 bp: 3; 20-24 bp: 4; 25-29 bp: 5; 30-34 bp: 6; 35 bp: 7

No. of allowed errors:
1-4 bp: 0; 5-9 bp: 1; 10-14 bp: 2; 15-19 bp: 3; 20-24 bp: 4; 25-28 bp: 5

Overview of removed sequences at 5' end
length	count	expect	max.err	error counts
3	4	618.5	0	4
5	1	38.7	1	0 1
32	1	0.0	6	0 0 0 0 0 1
34	2	0.0	6	0 0 0 0 1 0 0 1
35	152	0.0	7	2 6 7 7 12 51 27 40
36	9774	0.0	7	227 899 1462 2008 2218 1575 1044 341
37	15329	0.0	7	57 243 794 2276 4106 4577 2279 997
38	13050	0.0	7	258 1903 5623 2925 1369 620 254 98
39	37	0.0	7	0 3 9 11 10 3 0 1



Overview of removed sequences at 3' end
length	count	expect	max.err	error counts
4	1	154.6	0	1
5	8	38.7	1	0 8
6	4	9.7	1	0 4
7	1	2.4	1	0 1
9	2	0.2	1	0 1 1
12	2	0.0	2	1 1
14	1	0.0	2	1
15	4	0.0	3	1 0 3
19	3	0.0	3	1 1 1
20	3	0.0	4	0 0 3
22	6	0.0	4	0 2 1 0 3
23	5	0.0	4	0 2 1 2
24	18	0.0	4	3 1 8 4 1 1
25	75	0.0	5	11 20 22 16 5 1
26	111	0.0	5	24 35 23 19 5 5
27	4651	0.0	5	3062 1052 342 136 44 15
28	31179	0.0	5	18113 9854 2187 641 265 119
29	71	0.0	5	4 41 16 4 4 2
30	4	0.0	5	0 1 2 1
31	12	0.0	5	0 0 2 2 5 3
32	15	0.0	5	0 4 6 2 2 1
33	6	0.0	5	0 3 0 1 1 1
34	3	0.0	5	0 0 0 0 2 1
35	10	0.0	5	0 1 4 3 2
36	30	0.0	5	1 5 5 7 7 5
37	18	0.0	5	0 3 3 6 3 3
38	37	0.0	5	2 4 9 5 6 11
39	95	0.0	5	13 22 28 17 3 12
40	305	0.0	5	40 59 60 54 39 53
41	621	0.0	5	86 128 157 114 83 53
42	263	0.0	5	27 52 70 44 46 24
43	774	0.0	5	83 174 192 153 104 68
44	9	0.0	5	3 3 1 1 1
45	3	0.0	5	0 1 0 1 0 1
