This is cutadapt 4.6 with Python 3.9.18
Command line parameters: -Z --cores 5 -g GTCTAGAatcgccgaaagtaattcaactccattaa...TCTAGATGCTTACTAGTTACCGCGGCCA -e 0.2 -o HL_5N2_t3_R2.trim.fastq.gz HL_5N2_t3_R2_trimmed.fq.gz
Processing single-end reads on 5 cores ...
Finished in 0.817 s (7.592 µs/read; 7.90 M reads/minute).

=== Summary ===

Total reads processed:                 107,569
Reads with adapters:                   103,545 (96.3%)
Reads written (passing filters):       107,569 (100.0%)

Total basepairs processed:     9,261,605 bp
Total written (filtered):      2,443,712 bp (26.4%)

=== Adapter 1 ===

Sequence: GTCTAGAATCGCCGAAAGTAATTCAACTCCATTAA...TCTAGATGCTTACTAGTTACCGCGGCCA; Type: linked; Length: 35+28; 5' trimmed: 103545 times; 3' trimmed: 103545 times

Minimum overlap: 3+3
No. of allowed errors:
1-4 bp: 0; 5-9 bp: 1; 10-14 bp: 2; 15-19 bp: 3; 20-24 bp: 4; 25-29 bp: 5; 30-34 bp: 6; 35 bp: 7

No. of allowed errors:
1-4 bp: 0; 5-9 bp: 1; 10-14 bp: 2; 15-19 bp: 3; 20-24 bp: 4; 25-28 bp: 5

Overview of removed sequences at 5' end
length	count	expect	max.err	error counts
3	3	1680.8	0	3
4	1	420.2	0	1
25	1	0.0	5	0 0 0 0 1
26	126	0.0	5	2 3 16 24 49 32
32	1	0.0	6	0 0 0 1
35	416	0.0	7	1 7 20 28 37 128 98 97
36	26531	0.0	7	577 2245 3668 5602 5974 4473 3040 952
37	40813	0.0	7	107 649 2047 6017 10780 11798 6482 2933
38	35576	0.0	7	652 5204 14904 7889 4001 1933 693 300
39	77	0.0	7	2 5 24 17 14 7 5 3



Overview of removed sequences at 3' end
length	count	expect	max.err	error counts
3	3	1680.8	0	3
4	8	420.2	0	0 8
5	39	105.0	1	1 38
6	6	26.3	1	0 6
7	4	6.6	1	2 2
9	4	0.4	1	0 0 4
10	2	0.1	2	1 1
11	2	0.0	2	1 1
12	3	0.0	2	1 2
13	1	0.0	2	1
14	1	0.0	2	1
15	9	0.0	3	4 4 1
16	7	0.0	3	1 2 2 2
17	1	0.0	3	0 1
18	2	0.0	3	0 2
19	9	0.0	3	2 3 2 2
20	11	0.0	4	0 6 4 1
21	8	0.0	4	2 1 2 3
22	13	0.0	4	1 2 4 2 4
23	12	0.0	4	0 1 3 2 6
24	70	0.0	4	14 23 17 14 2
25	242	0.0	5	51 71 57 32 24 7
26	306	0.0	5	58 88 79 42 28 11
27	13029	0.0	5	8724 2842 953 330 135 45
28	82337	0.0	5	47444 26256 5779 1786 762 310
29	182	0.0	5	20 93 45 10 10 4
30	19	0.0	5	2 5 1 4 3 4
31	22	0.0	5	2 2 5 7 4 2
32	46	0.0	5	2 12 13 10 5 4
33	23	0.0	5	1 0 4 8 6 4
34	28	0.0	5	1 5 6 3 8 5
35	25	0.0	5	0 1 1 8 11 4
36	68	0.0	5	5 12 15 17 10 9
37	73	0.0	5	0 6 10 15 21 21
38	113	0.0	5	5 21 21 28 20 18
39	335	0.0	5	62 63 77 63 36 34
40	871	0.0	5	107 147 167 171 149 130
41	1822	0.0	5	250 407 360 347 276 182
42	1020	0.0	5	90 175 209 223 201 122
43	2618	0.0	5	306 605 602 511 347 247
44	23	0.0	5	4 5 6 3 2 3
45	7	0.0	5	1 1 1 4
46	3	0.0	5	0 0 0 2 1
47	108	0.0	5	0 0 1 96 10 1
53	1	0.0	5	0 0 0 1
54	9	0.0	5	0 0 2 5 1 1
