This is cutadapt 4.6 with Python 3.9.18
Command line parameters: -Z --cores 5 -g GTCTAGAatcgccgaaagtaattcaactccattaa...TCTAGATGCTTACTAGTTACCGCGGCCA -e 0.2 -o HL_5O2_t1_R2.trim.fastq.gz HL_5O2_t1_R2_trimmed.fq.gz
Processing single-end reads on 5 cores ...
Finished in 0.531 s (7.690 µs/read; 7.80 M reads/minute).

=== Summary ===

Total reads processed:                  69,009
Reads with adapters:                    65,727 (95.2%)
Reads written (passing filters):        69,009 (100.0%)

Total basepairs processed:     5,930,301 bp
Total written (filtered):      1,605,455 bp (27.1%)

=== Adapter 1 ===

Sequence: GTCTAGAATCGCCGAAAGTAATTCAACTCCATTAA...TCTAGATGCTTACTAGTTACCGCGGCCA; Type: linked; Length: 35+28; 5' trimmed: 65727 times; 3' trimmed: 65727 times

Minimum overlap: 3+3
No. of allowed errors:
1-4 bp: 0; 5-9 bp: 1; 10-14 bp: 2; 15-19 bp: 3; 20-24 bp: 4; 25-29 bp: 5; 30-34 bp: 6; 35 bp: 7

No. of allowed errors:
1-4 bp: 0; 5-9 bp: 1; 10-14 bp: 2; 15-19 bp: 3; 20-24 bp: 4; 25-28 bp: 5

Overview of removed sequences at 5' end
length	count	expect	max.err	error counts
3	5	1078.3	0	5
26	91	0.0	5	1 1 8 20 37 24
33	2	0.0	6	0 0 0 0 0 0 0 2
34	1	0.0	6	0 0 0 0 0 1
35	266	0.0	7	0 5 11 20 34 85 55 56
36	17378	0.0	7	419 1745 2956 3772 3751 2509 1663 563
37	25564	0.0	7	64 436 1418 4101 6815 7082 3907 1741
38	22367	0.0	7	453 3538 9295 4810 2470 1144 459 198
39	52	0.0	7	0 6 11 11 10 4 6 4
42	1	0.0	7	0 0 1



Overview of removed sequences at 3' end
length	count	expect	max.err	error counts
3	5	1078.3	0	5
4	5	269.6	0	0 5
5	24	67.4	1	0 24
6	3	16.8	1	1 2
7	1	4.2	1	1
8	1	1.1	1	1
9	2	0.3	1	0 0 2
14	1	0.0	2	0 1
15	2	0.0	3	0 1 1
16	6	0.0	3	0 1 3 2
18	1	0.0	3	0 1
19	11	0.0	3	1 6 3 1
20	8	0.0	4	2 4 1 1
21	8	0.0	4	0 5 2 1
22	11	0.0	4	2 2 2 2 3
23	10	0.0	4	0 6 1 2 1
24	42	0.0	4	9 11 9 12 1
25	168	0.0	5	41 47 47 18 11 4
26	172	0.0	5	42 52 47 17 11 3
27	9083	0.0	5	6617 1734 495 186 37 14
28	51534	0.0	5	33060 14559 2630 814 327 144
29	119	0.0	5	12 68 23 7 6 3
30	17	0.0	5	1 2 3 1 7 3
31	9	0.0	5	0 2 3 1 0 3
32	26	0.0	5	3 2 7 3 8 3
33	13	0.0	5	0 2 1 1 5 4
34	15	0.0	5	0 4 2 4 4 1
35	16	0.0	5	0 4 1 6 5
36	63	0.0	5	3 11 19 4 11 15
37	39	0.0	5	0 3 7 5 10 14
38	83	0.0	5	6 14 20 13 18 12
39	203	0.0	5	35 54 32 28 29 25
40	578	0.0	5	96 96 125 115 76 70
41	1121	0.0	5	203 271 242 179 135 91
42	623	0.0	5	83 108 149 125 93 65
43	1588	0.0	5	290 378 350 282 169 119
44	22	0.0	5	8 8 1 3 1 1
45	5	0.0	5	0 2 0 1 2
46	3	0.0	5	0 0 0 3
47	77	0.0	5	0 0 1 69 7
52	1	0.0	5	0 0 0 1
53	1	0.0	5	0 0 0 0 1
54	7	0.0	5	0 0 0 3 3 1
