This is cutadapt 4.6 with Python 3.9.18
Command line parameters: -Z --cores 5 -g GTCTAGAatcgccgaaagtaattcaactccattaa...TCTAGATGCTTACTAGTTACCGCGGCCA -e 0.2 -o HL_5O2_t2_R4.trim.fastq.gz HL_5O2_t2_R4_trimmed.fq.gz
Processing single-end reads on 5 cores ...
Finished in 0.958 s (7.564 µs/read; 7.93 M reads/minute).

=== Summary ===

Total reads processed:                 126,627
Reads with adapters:                   121,144 (95.7%)
Reads written (passing filters):       126,627 (100.0%)

Total basepairs processed:    10,915,800 bp
Total written (filtered):      2,935,868 bp (26.9%)

=== Adapter 1 ===

Sequence: GTCTAGAATCGCCGAAAGTAATTCAACTCCATTAA...TCTAGATGCTTACTAGTTACCGCGGCCA; Type: linked; Length: 35+28; 5' trimmed: 121144 times; 3' trimmed: 121144 times

Minimum overlap: 3+3
No. of allowed errors:
1-4 bp: 0; 5-9 bp: 1; 10-14 bp: 2; 15-19 bp: 3; 20-24 bp: 4; 25-29 bp: 5; 30-34 bp: 6; 35 bp: 7

No. of allowed errors:
1-4 bp: 0; 5-9 bp: 1; 10-14 bp: 2; 15-19 bp: 3; 20-24 bp: 4; 25-28 bp: 5

Overview of removed sequences at 5' end
length	count	expect	max.err	error counts
3	5	1978.5	0	5
5	1	123.7	1	0 1
26	1	0.0	5	0 0 0 1
32	1	0.0	6	0 0 0 0 0 0 0 1
33	1	0.0	6	0 0 0 0 0 0 0 1
34	2	0.0	6	0 0 0 0 0 1 0 1
35	446	0.0	7	1 11 23 28 49 122 108 104
36	31753	0.0	7	696 2683 4694 6870 7249 5050 3386 1125
37	47426	0.0	7	142 922 2761 7843 12692 12953 7051 3062
38	41420	0.0	7	875 6458 16538 9248 4786 2254 889 372
39	88	0.0	7	1 1 15 24 20 17 5 5



Overview of removed sequences at 3' end
length	count	expect	max.err	error counts
3	9	1978.5	0	9
4	13	494.6	0	5 8
5	63	123.7	1	2 61
6	15	30.9	1	1 14
7	3	7.7	1	0 3
8	2	1.9	1	1 1
9	4	0.5	1	2 1 1
10	1	0.1	2	0 0 1
11	2	0.0	2	0 2
12	1	0.0	2	0 0 1
14	1	0.0	2	0 1
15	17	0.0	3	6 3 7 1
16	11	0.0	3	1 3 1 6
17	1	0.0	3	0 0 0 1
18	4	0.0	3	1 1 1 1
19	13	0.0	3	5 3 3 2
20	5	0.0	4	0 1 3 0 1
21	6	0.0	4	3 1 2
22	10	0.0	4	0 4 0 2 4
23	25	0.0	4	2 5 5 7 6
24	83	0.0	4	17 26 24 10 6
25	283	0.0	5	44 71 70 45 37 16
26	350	0.0	5	76 104 89 42 27 12
27	14530	0.0	5	9316 3325 1190 462 180 57
28	96700	0.0	5	60909 25952 6261 2164 981 433
29	242	0.0	5	18 123 59 18 15 9
30	24	0.0	5	3 2 3 2 8 6
31	36	0.0	5	0 3 7 10 10 6
32	31	0.0	5	0 11 6 6 1 7
33	28	0.0	5	1 4 6 2 5 10
34	31	0.0	5	1 2 7 8 6 7
35	26	0.0	5	2 2 3 6 8 5
36	99	0.0	5	0 9 14 27 27 22
37	84	0.0	5	8 11 12 20 22 11
38	160	0.0	5	4 14 36 38 32 36
39	426	0.0	5	61 98 86 79 63 39
40	1125	0.0	5	121 210 226 204 190 174
41	2423	0.0	5	326 500 558 437 367 235
42	1140	0.0	5	127 231 234 223 176 149
43	3078	0.0	5	404 702 733 565 425 249
44	33	0.0	5	11 9 4 2 5 2
45	5	0.0	5	1 1 1 1 0 1
47	1	0.0	5	0 0 0 1
