This is cutadapt 4.6 with Python 3.9.18
Command line parameters: -Z --cores 5 -g GTCTAGAatcgccgaaagtaattcaactccattaa...TCTAGATGCTTACTAGTTACCGCGGCCA -e 0.2 -o HL_5O2_t5_R1.trim.fastq.gz HL_5O2_t5_R1_trimmed.fq.gz
Processing single-end reads on 5 cores ...
Finished in 0.415 s (10.929 µs/read; 5.49 M reads/minute).

=== Summary ===

Total reads processed:                  37,967
Reads with adapters:                    35,961 (94.7%)
Reads written (passing filters):        37,967 (100.0%)

Total basepairs processed:     3,271,915 bp
Total written (filtered):        898,848 bp (27.5%)

=== Adapter 1 ===

Sequence: GTCTAGAATCGCCGAAAGTAATTCAACTCCATTAA...TCTAGATGCTTACTAGTTACCGCGGCCA; Type: linked; Length: 35+28; 5' trimmed: 35961 times; 3' trimmed: 35961 times

Minimum overlap: 3+3
No. of allowed errors:
1-4 bp: 0; 5-9 bp: 1; 10-14 bp: 2; 15-19 bp: 3; 20-24 bp: 4; 25-29 bp: 5; 30-34 bp: 6; 35 bp: 7

No. of allowed errors:
1-4 bp: 0; 5-9 bp: 1; 10-14 bp: 2; 15-19 bp: 3; 20-24 bp: 4; 25-28 bp: 5

Overview of removed sequences at 5' end
length	count	expect	max.err	error counts
3	3	593.2	0	3
25	3	0.0	5	0 0 0 0 1 2
26	256	0.0	5	3 13 35 61 81 63
35	155	0.0	7	0 4 6 10 21 40 44 30
36	9173	0.0	7	212 830 1336 1908 2039 1447 1053 348
37	14010	0.0	7	38 250 710 2174 3729 3937 2255 917
38	12348	0.0	7	225 1826 5343 2628 1322 661 250 93
39	13	0.0	7	0 1 3 4 4 1



Overview of removed sequences at 3' end
length	count	expect	max.err	error counts
3	1	593.2	0	1
4	8	148.3	0	0 8
5	16	37.1	1	0 16
6	5	9.3	1	0 5
9	2	0.1	1	1 0 1
12	1	0.0	2	0 0 1
13	2	0.0	2	0 1 1
14	2	0.0	2	0 1 1
15	2	0.0	3	2
16	3	0.0	3	1 0 0 2
18	1	0.0	3	0 0 1
19	4	0.0	3	2 1 1
20	1	0.0	4	1
21	3	0.0	4	1 0 1 1
22	5	0.0	4	0 0 1 1 3
23	2	0.0	4	1 0 0 1
24	22	0.0	4	9 7 3 3
25	104	0.0	5	14 33 19 16 9 13
26	107	0.0	5	22 35 28 9 8 5
27	4239	0.0	5	2842 877 343 119 48 10
28	28360	0.0	5	16152 9117 1986 700 287 118
29	63	0.0	5	5 29 20 5 3 1
30	13	0.0	5	0 2 2 2 2 5
31	12	0.0	5	1 1 1 2 2 5
32	19	0.0	5	1 4 4 4 6
33	11	0.0	5	1 1 1 3 3 2
34	9	0.0	5	0 2 0 2 0 5
35	7	0.0	5	1 1 1 1 1 2
36	34	0.0	5	3 4 3 12 5 7
37	36	0.0	5	1 3 9 9 4 10
38	44	0.0	5	2 4 11 7 12 8
39	131	0.0	5	24 29 29 15 16 18
40	346	0.0	5	41 66 69 59 67 44
41	691	0.0	5	91 157 146 138 88 71
42	450	0.0	5	40 74 83 116 83 54
43	943	0.0	5	120 193 213 191 156 70
44	13	0.0	5	4 0 1 5 2 1
45	8	0.0	5	1 0 0 6 1
46	14	0.0	5	0 0 0 13 1
47	199	0.0	5	0 0 1 182 14 2
51	5	0.0	5	0 0 0 2 2 1
53	4	0.0	5	0 0 0 2 1 1
54	19	0.0	5	0 0 1 10 4 4
