This is cutadapt 4.6 with Python 3.9.18
Command line parameters: -Z --cores 5 -g GTCTAGAatcgccgaaagtaattcaactccattaa...TCTAGATGCTTACTAGTTACCGCGGCCA -e 0.2 -o HL_5O2_t7_R3.trim.fastq.gz HL_5O2_t7_R3_trimmed.fq.gz
Processing single-end reads on 5 cores ...
Finished in 0.421 s (8.517 µs/read; 7.04 M reads/minute).

=== Summary ===

Total reads processed:                  49,388
Reads with adapters:                    47,256 (95.7%)
Reads written (passing filters):        49,388 (100.0%)

Total basepairs processed:     4,222,427 bp
Total written (filtered):      1,127,028 bp (26.7%)

=== Adapter 1 ===

Sequence: GTCTAGAATCGCCGAAAGTAATTCAACTCCATTAA...TCTAGATGCTTACTAGTTACCGCGGCCA; Type: linked; Length: 35+28; 5' trimmed: 47256 times; 3' trimmed: 47256 times

Minimum overlap: 3+3
No. of allowed errors:
1-4 bp: 0; 5-9 bp: 1; 10-14 bp: 2; 15-19 bp: 3; 20-24 bp: 4; 25-29 bp: 5; 30-34 bp: 6; 35 bp: 7

No. of allowed errors:
1-4 bp: 0; 5-9 bp: 1; 10-14 bp: 2; 15-19 bp: 3; 20-24 bp: 4; 25-28 bp: 5

Overview of removed sequences at 5' end
length	count	expect	max.err	error counts
3	3	771.7	0	3
25	6	0.0	5	0 0 0 0 0 6
26	206	0.0	5	0 7 26 54 67 52
32	1	0.0	6	0 0 0 0 0 0 1
34	2	0.0	6	0 0 0 0 0 1 1
35	171	0.0	7	1 2 9 3 21 61 38 36
36	12108	0.0	7	179 889 1831 2664 2858 1853 1365 469
37	19385	0.0	7	25 228 910 2945 5291 5703 3067 1216
38	15349	0.0	7	221 2054 6774 3407 1628 811 335 119
39	25	0.0	7	0 4 6 7 3 5



Overview of removed sequences at 3' end
length	count	expect	max.err	error counts
4	2	192.9	0	0 2
5	18	48.2	1	1 17
7	1	3.0	1	0 1
9	1	0.2	1	0 1
10	1	0.0	2	0 0 1
15	4	0.0	3	2 1 0 1
16	3	0.0	3	0 0 2 1
19	1	0.0	3	0 0 1
20	4	0.0	4	2 2
21	1	0.0	4	1
22	5	0.0	4	2 2 0 1
23	1	0.0	4	0 0 0 1
24	16	0.0	4	3 5 5 1 2
25	60	0.0	5	21 16 10 6 2 5
26	92	0.0	5	15 39 17 10 7 4
27	4736	0.0	5	3667 730 235 68 30 6
28	40159	0.0	5	26872 11050 1651 394 138 54
29	81	0.0	5	9 47 21 0 3 1
30	5	0.0	5	0 0 2 0 2 1
31	3	0.0	5	0 1 0 0 1 1
32	6	0.0	5	1 1 1 3
33	4	0.0	5	0 0 0 1 3
34	3	0.0	5	0 1 1 1
35	5	0.0	5	0 2 0 2 0 1
36	13	0.0	5	0 3 3 0 6 1
37	15	0.0	5	1 0 1 3 6 4
38	35	0.0	5	3 5 11 3 9 4
39	77	0.0	5	20 19 9 16 10 3
40	236	0.0	5	31 55 45 42 40 23
41	500	0.0	5	103 118 105 75 56 43
42	247	0.0	5	43 58 56 52 22 16
43	710	0.0	5	122 191 172 114 68 43
44	12	0.0	5	4 2 1 4 1
45	4	0.0	5	0 0 1 3
46	9	0.0	5	0 0 1 8
47	172	0.0	5	0 1 1 160 7 3
48	1	0.0	5	0 0 0 1
51	1	0.0	5	0 0 0 0 0 1
53	2	0.0	5	0 0 0 1 1
54	10	0.0	5	0 0 1 6 2 1
