This is cutadapt 4.6 with Python 3.9.18
Command line parameters: -Z --cores 5 -g GTCTAGAatcgccgaaagtaattcaactccattaa...TCTAGATGCTTACTAGTTACCGCGGCCA -e 0.2 -o HL_5O2_t6_R4.trim.fastq.gz HL_5O2_t6_R4_trimmed.fq.gz
Processing single-end reads on 5 cores ...
Finished in 0.532 s (7.654 µs/read; 7.84 M reads/minute).

=== Summary ===

Total reads processed:                  69,568
Reads with adapters:                    65,931 (94.8%)
Reads written (passing filters):        69,568 (100.0%)

Total basepairs processed:     5,973,953 bp
Total written (filtered):      1,638,063 bp (27.4%)

=== Adapter 1 ===

Sequence: GTCTAGAATCGCCGAAAGTAATTCAACTCCATTAA...TCTAGATGCTTACTAGTTACCGCGGCCA; Type: linked; Length: 35+28; 5' trimmed: 65931 times; 3' trimmed: 65931 times

Minimum overlap: 3+3
No. of allowed errors:
1-4 bp: 0; 5-9 bp: 1; 10-14 bp: 2; 15-19 bp: 3; 20-24 bp: 4; 25-29 bp: 5; 30-34 bp: 6; 35 bp: 7

No. of allowed errors:
1-4 bp: 0; 5-9 bp: 1; 10-14 bp: 2; 15-19 bp: 3; 20-24 bp: 4; 25-28 bp: 5

Overview of removed sequences at 5' end
length	count	expect	max.err	error counts
3	2	1087.0	0	2
6	1	17.0	1	0 1
26	3	0.0	5	0 0 0 0 2 1
32	2	0.0	6	0 1 0 0 0 0 0 1
33	1	0.0	6	0 0 0 0 0 0 1
34	1	0.0	6	0 0 0 0 0 0 0 1
35	216	0.0	7	0 6 8 15 26 62 42 57
36	16910	0.0	7	319 1267 2155 3416 3931 3074 2129 619
37	26113	0.0	7	75 420 1241 3763 6862 7732 4217 1803
38	22622	0.0	7	405 3214 9768 4993 2476 1155 451 160
39	60	0.0	7	1 4 14 12 18 5 3 3



Overview of removed sequences at 3' end
length	count	expect	max.err	error counts
3	5	1087.0	0	5
4	9	271.8	0	2 7
5	30	67.9	1	0 30
6	5	17.0	1	0 5
9	6	0.3	1	0 4 2
10	1	0.1	2	1
11	1	0.0	2	1
12	2	0.0	2	0 2
14	5	0.0	2	1 0 4
15	9	0.0	3	4 3 0 2
16	2	0.0	3	0 0 2
17	1	0.0	3	0 1
19	9	0.0	3	0 2 2 5
20	9	0.0	4	1 3 3 2
21	2	0.0	4	1 0 0 0 1
22	5	0.0	4	2 0 0 1 2
23	8	0.0	4	1 2 4 0 1
24	37	0.0	4	8 11 10 4 4
25	161	0.0	5	19 44 38 35 20 5
26	144	0.0	5	18 48 40 27 9 2
27	7553	0.0	5	4766 1771 627 237 105 47
28	53671	0.0	5	28895 18360 4267 1388 552 209
29	127	0.0	5	8 57 40 9 7 6
30	13	0.0	5	0 3 1 3 1 5
31	17	0.0	5	2 2 0 2 7 4
32	9	0.0	5	4 0 2 1 0 2
33	12	0.0	5	1 1 2 3 2 3
34	10	0.0	5	2 0 0 4 1 3
35	11	0.0	5	0 2 4 0 0 5
36	46	0.0	5	4 6 3 9 12 12
37	44	0.0	5	3 3 9 15 8 6
38	61	0.0	5	4 9 7 13 8 20
39	191	0.0	5	34 40 41 26 28 22
40	532	0.0	5	68 97 92 96 96 83
41	1083	0.0	5	142 213 220 216 158 134
42	528	0.0	5	51 92 101 108 93 83
43	1554	0.0	5	152 328 372 316 244 142
44	12	0.0	5	3 3 2 3 1
45	3	0.0	5	1 1 0 1
47	3	0.0	5	0 0 0 3
