This is cutadapt 4.6 with Python 3.9.18
Command line parameters: -Z --cores 5 -g GTCTAGAatcgccgaaagtaattcaactccattaa...TCTAGATGCTTACTAGTTACCGCGGCCA -e 0.2 -o HL_5O2_t2_R1.trim.fastq.gz HL_5O2_t2_R1_trimmed.fq.gz
Processing single-end reads on 5 cores ...
Finished in 0.668 s (7.695 µs/read; 7.80 M reads/minute).

=== Summary ===

Total reads processed:                  86,857
Reads with adapters:                    83,272 (95.9%)
Reads written (passing filters):        86,857 (100.0%)

Total basepairs processed:     7,472,810 bp
Total written (filtered):      1,992,044 bp (26.7%)

=== Adapter 1 ===

Sequence: GTCTAGAATCGCCGAAAGTAATTCAACTCCATTAA...TCTAGATGCTTACTAGTTACCGCGGCCA; Type: linked; Length: 35+28; 5' trimmed: 83272 times; 3' trimmed: 83272 times

Minimum overlap: 3+3
No. of allowed errors:
1-4 bp: 0; 5-9 bp: 1; 10-14 bp: 2; 15-19 bp: 3; 20-24 bp: 4; 25-29 bp: 5; 30-34 bp: 6; 35 bp: 7

No. of allowed errors:
1-4 bp: 0; 5-9 bp: 1; 10-14 bp: 2; 15-19 bp: 3; 20-24 bp: 4; 25-28 bp: 5

Overview of removed sequences at 5' end
length	count	expect	max.err	error counts
3	4	1357.1	0	4
5	1	84.8	1	0 1
25	4	0.0	5	0 0 0 0 0 4
26	169	0.0	5	3 12 12 46 47 49
27	1	0.0	5	0 0 0 1
32	2	0.0	6	0 0 0 0 0 0 1 1
33	3	0.0	6	0 0 0 0 0 0 0 3
34	2	0.0	6	0 0 0 0 1 0 1
35	336	0.0	7	1 9 20 22 45 95 57 87
36	21731	0.0	7	520 2232 3532 4755 4695 3179 2044 774
37	32206	0.0	7	102 619 1912 5469 8947 8566 4608 1983
38	28757	0.0	7	662 4846 11650 6261 3080 1480 555 223
39	56	0.0	7	1 1 20 12 10 7 3 2



Overview of removed sequences at 3' end
length	count	expect	max.err	error counts
3	4	1357.1	0	4
4	5	339.3	0	3 2
5	23	84.8	1	0 23
6	7	21.2	1	0 7
7	7	5.3	1	1 6
9	4	0.3	1	0 1 3
11	2	0.0	2	0 2
13	1	0.0	2	0 1
15	10	0.0	3	1 3 5 1
16	12	0.0	3	0 4 3 5
18	4	0.0	3	1 1 0 2
19	11	0.0	3	4 3 2 2
20	10	0.0	4	3 1 2 1 3
21	10	0.0	4	4 5 1
22	11	0.0	4	1 2 3 3 2
23	13	0.0	4	2 0 5 6
24	57	0.0	4	13 16 19 6 3
25	193	0.0	5	39 49 54 28 12 11
26	243	0.0	5	44 69 68 35 21 6
27	10470	0.0	5	7053 2291 739 277 89 21
28	66311	0.0	5	39729 20112 4397 1281 560 232
29	157	0.0	5	13 90 30 15 8 1
30	19	0.0	5	2 3 1 4 2 7
31	23	0.0	5	0 0 2 8 7 6
32	31	0.0	5	7 1 7 6 5 5
33	13	0.0	5	0 0 1 2 4 6
34	14	0.0	5	0 1 4 5 3 1
35	10	0.0	5	1 1 1 1 5 1
36	53	0.0	5	6 9 12 7 10 9
37	65	0.0	5	3 7 12 17 10 16
38	80	0.0	5	2 12 13 16 22 15
39	267	0.0	5	39 60 58 47 34 29
40	686	0.0	5	95 123 122 132 123 91
41	1457	0.0	5	232 311 348 244 185 137
42	833	0.0	5	118 149 179 176 113 98
43	1902	0.0	5	232 495 463 332 234 146
44	86	0.0	5	27 25 17 8 4 5
45	2	0.0	5	0 0 0 2
46	8	0.0	5	0 0 0 8
47	144	0.0	5	0 0 1 131 11 1
51	1	0.0	5	0 0 0 0 1
53	4	0.0	5	0 0 0 3 1
54	9	0.0	5	0 0 1 5 2 1
