This is cutadapt 4.6 with Python 3.9.18
Command line parameters: -Z --cores 5 -g GTCTAGAatcgccgaaagtaattcaactccattaa...TCTAGATGCTTACTAGTTACCGCGGCCA -e 0.2 -o HL_5O2_t5_R3.trim.fastq.gz HL_5O2_t5_R3_trimmed.fq.gz
Processing single-end reads on 5 cores ...
Finished in 0.836 s (7.478 µs/read; 8.02 M reads/minute).

=== Summary ===

Total reads processed:                 111,792
Reads with adapters:                   108,154 (96.7%)
Reads written (passing filters):       111,792 (100.0%)

Total basepairs processed:     9,606,162 bp
Total written (filtered):      2,496,950 bp (26.0%)

=== Adapter 1 ===

Sequence: GTCTAGAATCGCCGAAAGTAATTCAACTCCATTAA...TCTAGATGCTTACTAGTTACCGCGGCCA; Type: linked; Length: 35+28; 5' trimmed: 108154 times; 3' trimmed: 108154 times

Minimum overlap: 3+3
No. of allowed errors:
1-4 bp: 0; 5-9 bp: 1; 10-14 bp: 2; 15-19 bp: 3; 20-24 bp: 4; 25-29 bp: 5; 30-34 bp: 6; 35 bp: 7

No. of allowed errors:
1-4 bp: 0; 5-9 bp: 1; 10-14 bp: 2; 15-19 bp: 3; 20-24 bp: 4; 25-28 bp: 5

Overview of removed sequences at 5' end
length	count	expect	max.err	error counts
3	1	1746.8	0	1
26	1	0.0	5	0 0 0 0 1
32	1	0.0	6	0 0 0 1
34	6	0.0	6	0 0 0 0 2 0 1 3
35	380	0.0	7	0 9 18 26 41 118 92 76
36	28222	0.0	7	503 2220 3772 6077 6656 4698 3231 1065
37	42871	0.0	7	100 708 2413 6762 11741 12130 6374 2643
38	36586	0.0	7	739 5516 15237 8123 4030 1954 710 277
39	86	0.0	7	1 6 21 23 20 6 7 2



Overview of removed sequences at 3' end
length	count	expect	max.err	error counts
3	2	1746.8	0	2
4	3	436.7	0	1 2
5	29	109.2	1	0 29
6	8	27.3	1	0 8
7	4	6.8	1	1 3
9	2	0.4	1	1 1
12	1	0.0	2	0 1
13	1	0.0	2	0 1
14	1	0.0	2	0 1
15	9	0.0	3	5 2 2
16	4	0.0	3	1 0 1 2
18	4	0.0	3	1 1 2
19	11	0.0	3	2 7 2
20	2	0.0	4	0 0 1 1
21	6	0.0	4	1 2 2 1
22	4	0.0	4	2 0 1 1
23	15	0.0	4	2 3 5 2 3
24	57	0.0	4	15 22 13 1 6
25	205	0.0	5	48 56 48 29 16 8
26	291	0.0	5	53 88 75 40 31 4
27	13341	0.0	5	9044 2855 874 401 129 38
28	87398	0.0	5	51671 27188 5857 1727 694 261
29	195	0.0	5	21 89 49 20 11 5
30	19	0.0	5	2 2 2 6 3 4
31	24	0.0	5	1 1 5 8 6 3
32	28	0.0	5	1 6 6 7 3 5
33	23	0.0	5	1 3 7 2 5 5
34	24	0.0	5	1 5 6 3 3 6
35	18	0.0	5	0 3 2 5 3 5
36	58	0.0	5	4 10 15 11 12 6
37	57	0.0	5	3 6 4 10 16 18
38	120	0.0	5	7 17 18 27 24 27
39	338	0.0	5	68 81 65 58 38 28
40	810	0.0	5	115 145 165 142 135 108
41	1705	0.0	5	247 372 381 293 247 165
42	829	0.0	5	98 151 165 163 148 104
43	2473	0.0	5	329 596 612 457 288 191
44	28	0.0	5	8 8 4 2 4 2
45	5	0.0	5	1 1 3
46	1	0.0	5	0 1
47	1	0.0	5	0 0 0 1
