This is cutadapt 4.6 with Python 3.9.18
Command line parameters: -Z --cores 5 -g GTCTAGAatcgccgaaagtaattcaactccattaa...TCTAGATGCTTACTAGTTACCGCGGCCA -e 0.2 -o HL_5O2_t4_R4.trim.fastq.gz HL_5O2_t4_R4_trimmed.fq.gz
Processing single-end reads on 5 cores ...
Finished in 0.400 s (11.719 µs/read; 5.12 M reads/minute).

=== Summary ===

Total reads processed:                  34,158
Reads with adapters:                    32,110 (94.0%)
Reads written (passing filters):        34,158 (100.0%)

Total basepairs processed:     2,934,667 bp
Total written (filtered):        820,605 bp (28.0%)

=== Adapter 1 ===

Sequence: GTCTAGAATCGCCGAAAGTAATTCAACTCCATTAA...TCTAGATGCTTACTAGTTACCGCGGCCA; Type: linked; Length: 35+28; 5' trimmed: 32110 times; 3' trimmed: 32110 times

Minimum overlap: 3+3
No. of allowed errors:
1-4 bp: 0; 5-9 bp: 1; 10-14 bp: 2; 15-19 bp: 3; 20-24 bp: 4; 25-29 bp: 5; 30-34 bp: 6; 35 bp: 7

No. of allowed errors:
1-4 bp: 0; 5-9 bp: 1; 10-14 bp: 2; 15-19 bp: 3; 20-24 bp: 4; 25-28 bp: 5

Overview of removed sequences at 5' end
length	count	expect	max.err	error counts
25	2	0.0	5	0 0 0 0 0 2
26	72	0.0	5	1 2 9 15 25 20
35	141	0.0	7	0 4 7 9 19 51 24 27
36	8471	0.0	7	127 511 1041 1887 2103 1491 999 312
37	12953	0.0	7	23 140 594 1743 3251 3999 2273 930
38	10445	0.0	7	162 1241 4296 2479 1267 635 243 122
39	26	0.0	7	1 3 5 6 5 5 1



Overview of removed sequences at 3' end
length	count	expect	max.err	error counts
3	1	533.7	0	1
4	2	133.4	0	0 2
5	9	33.4	1	0 9
6	1	8.3	1	0 1
9	2	0.1	1	0 0 2
15	6	0.0	3	1 4 1
16	2	0.0	3	0 0 0 2
18	2	0.0	3	0 0 0 2
21	1	0.0	4	1
22	7	0.0	4	2 0 0 3 2
23	5	0.0	4	0 1 0 1 3
24	16	0.0	4	4 6 5 1
25	78	0.0	5	10 22 12 19 11 4
26	105	0.0	5	24 28 30 15 2 6
27	4141	0.0	5	2983 817 239 71 21 10
28	25378	0.0	5	15589 7704 1438 410 178 59
29	50	0.0	5	4 26 11 4 4 1
30	4	0.0	5	0 0 3 1
31	13	0.0	5	1 2 3 1 2 4
32	12	0.0	5	1 6 4 1
33	3	0.0	5	0 1 1 0 1
34	9	0.0	5	2 1 2 1 2 1
35	6	0.0	5	0 1 1 2 1 1
36	16	0.0	5	0 3 3 3 5 2
37	18	0.0	5	0 4 2 1 6 5
38	44	0.0	5	4 6 6 11 10 7
39	98	0.0	5	16 20 18 21 14 9
40	298	0.0	5	42 57 52 63 45 39
41	610	0.0	5	92 126 134 111 92 55
42	306	0.0	5	32 58 82 62 40 32
43	787	0.0	5	109 204 190 136 83 65
44	8	0.0	5	3 1 1 0 3
45	3	0.0	5	0 0 0 3
46	4	0.0	5	0 0 0 4
47	61	0.0	5	0 0 0 53 8
51	1	0.0	5	0 0 0 0 0 1
53	1	0.0	5	0 0 0 1
54	2	0.0	5	0 0 0 0 1 1
