This is cutadapt 4.6 with Python 3.9.18
Command line parameters: -Z --cores 5 -g GTCTAGAatcgccgaaagtaattcaactccattaa...TCTAGATGCTTACTAGTTACCGCGGCCA -e 0.2 -o HL_5O2_t2_R2.trim.fastq.gz HL_5O2_t2_R2_trimmed.fq.gz
Processing single-end reads on 5 cores ...
Finished in 0.851 s (7.284 µs/read; 8.24 M reads/minute).

=== Summary ===

Total reads processed:                 116,828
Reads with adapters:                   110,750 (94.8%)
Reads written (passing filters):       116,828 (100.0%)

Total basepairs processed:    10,057,626 bp
Total written (filtered):      2,761,762 bp (27.5%)

=== Adapter 1 ===

Sequence: GTCTAGAATCGCCGAAAGTAATTCAACTCCATTAA...TCTAGATGCTTACTAGTTACCGCGGCCA; Type: linked; Length: 35+28; 5' trimmed: 110750 times; 3' trimmed: 110750 times

Minimum overlap: 3+3
No. of allowed errors:
1-4 bp: 0; 5-9 bp: 1; 10-14 bp: 2; 15-19 bp: 3; 20-24 bp: 4; 25-29 bp: 5; 30-34 bp: 6; 35 bp: 7

No. of allowed errors:
1-4 bp: 0; 5-9 bp: 1; 10-14 bp: 2; 15-19 bp: 3; 20-24 bp: 4; 25-28 bp: 5

Overview of removed sequences at 5' end
length	count	expect	max.err	error counts
3	3	1825.4	0	3
25	6	0.0	5	0 0 0 0 1 5
26	170	0.0	5	4 8 11 41 53 53
31	1	0.0	6	0 0 1
32	3	0.0	6	0 0 0 0 1 0 1 1
34	3	0.0	6	0 0 0 1 0 0 2
35	420	0.0	7	0 13 21 24 44 126 92 100
36	28719	0.0	7	552 2485 4175 6083 6653 4667 3090 1014
37	43457	0.0	7	73 618 2022 5997 11140 13036 7274 3297
38	37872	0.0	7	633 5082 15752 8533 4489 2150 889 344
39	96	0.0	7	0 6 23 21 16 14 9 7



Overview of removed sequences at 3' end
length	count	expect	max.err	error counts
3	6	1825.4	0	6
4	12	456.4	0	1 11
5	54	114.1	1	0 54
6	7	28.5	1	0 7
7	2	7.1	1	1 1
8	3	1.8	1	0 3
9	6	0.4	1	0 2 4
11	1	0.0	2	0 0 1
12	4	0.0	2	2 2
13	3	0.0	2	0 0 3
14	1	0.0	2	0 0 1
15	10	0.0	3	1 5 4
16	13	0.0	3	0 3 6 4
17	1	0.0	3	0 0 1
18	3	0.0	3	0 1 1 1
19	16	0.0	3	8 4 3 1
20	16	0.0	4	3 2 7 2 2
21	11	0.0	4	4 2 3 0 2
22	10	0.0	4	0 3 5 1 1
23	20	0.0	4	1 5 8 5 1
24	72	0.0	4	13 28 17 7 7
25	263	0.0	5	55 64 69 49 17 9
26	368	0.0	5	72 119 99 38 25 15
27	14004	0.0	5	9114 3197 1061 415 142 75
28	87507	0.0	5	49523 28369 6516 1936 826 337
29	189	0.0	5	20 85 54 11 15 4
30	29	0.0	5	3 3 6 3 6 8
31	36	0.0	5	0 6 6 6 9 9
32	49	0.0	5	4 9 16 8 4 8
33	22	0.0	5	3 3 2 5 4 5
34	31	0.0	5	0 4 7 4 6 10
35	35	0.0	5	1 1 5 5 7 16
36	89	0.0	5	3 13 21 14 14 24
37	80	0.0	5	3 7 9 18 18 25
38	142	0.0	5	5 14 34 33 29 27
39	374	0.0	5	60 105 64 56 56 33
40	1000	0.0	5	104 165 215 194 174 148
41	2107	0.0	5	281 487 457 374 301 207
42	1069	0.0	5	112 192 213 231 188 133
43	2869	0.0	5	339 626 701 533 412 258
44	41	0.0	5	12 11 3 8 4 3
45	9	0.0	5	0 0 1 5 3
46	12	0.0	5	0 1 0 9 1 1
47	135	0.0	5	0 0 1 121 11 2
51	1	0.0	5	0 0 0 0 1
53	5	0.0	5	0 0 0 3 1 1
54	13	0.0	5	0 0 0 7 5 1
