This is cutadapt 4.6 with Python 3.9.18
Command line parameters: -Z --cores 5 -g GTCTAGAatcgccgaaagtaattcaactccattaa...TCTAGATGCTTACTAGTTACCGCGGCCA -e 0.2 -o HL_5O2_t0_R4.trim.fastq.gz HL_5O2_t0_R4_trimmed.fq.gz
Processing single-end reads on 5 cores ...
Finished in 1.515 s (6.855 µs/read; 8.75 M reads/minute).

=== Summary ===

Total reads processed:                 221,039
Reads with adapters:                   212,727 (96.2%)
Reads written (passing filters):       221,039 (100.0%)

Total basepairs processed:    19,054,001 bp
Total written (filtered):      5,032,125 bp (26.4%)

=== Adapter 1 ===

Sequence: GTCTAGAATCGCCGAAAGTAATTCAACTCCATTAA...TCTAGATGCTTACTAGTTACCGCGGCCA; Type: linked; Length: 35+28; 5' trimmed: 212727 times; 3' trimmed: 212727 times

Minimum overlap: 3+3
No. of allowed errors:
1-4 bp: 0; 5-9 bp: 1; 10-14 bp: 2; 15-19 bp: 3; 20-24 bp: 4; 25-29 bp: 5; 30-34 bp: 6; 35 bp: 7

No. of allowed errors:
1-4 bp: 0; 5-9 bp: 1; 10-14 bp: 2; 15-19 bp: 3; 20-24 bp: 4; 25-28 bp: 5

Overview of removed sequences at 5' end
length	count	expect	max.err	error counts
3	3	3453.7	0	3
5	1	215.9	1	0 1
25	1	0.0	5	0 0 0 0 0 1
26	24	0.0	5	0 3 1 4 6 10
29	1	0.0	5	0 0 1
32	3	0.0	6	0 0 0 1 0 0 1 1
33	1	0.0	6	0 0 0 0 0 0 0 1
34	6	0.0	6	0 0 0 0 0 1 3 2
35	859	0.0	7	3 19 45 61 97 252 173 209
36	55331	0.0	7	1308 5111 8419 11410 12349 8858 6024 1852
37	84501	0.0	7	236 1290 4138 12290 22084 24925 13550 5988
38	71836	0.0	7	1402 10505 29507 16298 8041 3951 1544 588
39	160	0.0	7	0 16 33 32 37 24 13 5



Overview of removed sequences at 3' end
length	count	expect	max.err	error counts
3	9	3453.7	0	9
4	18	863.4	0	5 13
5	99	215.9	1	0 99
6	21	54.0	1	0 21
7	10	13.5	1	2 8
8	2	3.4	1	1 1
9	11	0.8	1	0 4 7
11	4	0.1	2	0 3 1
12	4	0.0	2	1 0 3
13	2	0.0	2	1 0 1
14	4	0.0	2	2 1 1
15	26	0.0	3	1 11 11 3
16	18	0.0	3	1 3 7 7
17	2	0.0	3	1 0 1
18	5	0.0	3	0 0 1 4
19	22	0.0	3	4 3 2 13
20	17	0.0	4	5 4 4 1 3
21	8	0.0	4	1 5 0 2
22	21	0.0	4	3 5 5 6 2
23	40	0.0	4	5 14 10 7 4
24	143	0.0	4	39 38 35 14 17
25	554	0.0	5	149 183 113 68 29 12
26	704	0.0	5	191 231 172 67 31 12
27	28392	0.0	5	20551 5572 1500 539 162 68
28	165863	0.0	5	119449 35018 7578 2379 995 444
29	377	0.0	5	40 217 63 30 13 14
30	64	0.0	5	5 9 12 10 10 18
31	58	0.0	5	1 4 12 14 11 16
32	89	0.0	5	9 16 21 21 12 10
33	49	0.0	5	2 5 7 9 12 14
34	55	0.0	5	4 10 9 12 6 14
35	33	0.0	5	1 3 2 8 10 9
36	142	0.0	5	13 16 28 25 29 31
37	190	0.0	5	7 28 34 37 40 44
38	353	0.0	5	23 51 76 67 66 70
39	863	0.0	5	148 223 177 133 98 84
40	2180	0.0	5	335 421 420 374 323 307
41	4295	0.0	5	736 963 972 718 555 351
42	2177	0.0	5	321 457 485 432 270 212
43	5705	0.0	5	1100 1401 1292 907 637 368
44	66	0.0	5	15 19 13 7 6 6
45	8	0.0	5	2 2 0 1 1 2
46	1	0.0	5	0 0 0 1
47	21	0.0	5	0 0 0 17 3 1
53	1	0.0	5	0 0 0 1
54	1	0.0	5	0 1
