This is cutadapt 4.6 with Python 3.9.18
Command line parameters: -Z --cores 5 -g GTCTAGAatcgccgaaagtaattcaactccattaa...TCTAGATGCTTACTAGTTACCGCGGCCA -e 0.2 -o HL_5N2_t3_R4.trim.fastq.gz HL_5N2_t3_R4_trimmed.fq.gz
Processing single-end reads on 5 cores ...
Finished in 1.117 s (6.800 µs/read; 8.82 M reads/minute).

=== Summary ===

Total reads processed:                 164,299
Reads with adapters:                   157,325 (95.8%)
Reads written (passing filters):       164,299 (100.0%)

Total basepairs processed:    14,124,786 bp
Total written (filtered):      3,780,335 bp (26.8%)

=== Adapter 1 ===

Sequence: GTCTAGAATCGCCGAAAGTAATTCAACTCCATTAA...TCTAGATGCTTACTAGTTACCGCGGCCA; Type: linked; Length: 35+28; 5' trimmed: 157325 times; 3' trimmed: 157325 times

Minimum overlap: 3+3
No. of allowed errors:
1-4 bp: 0; 5-9 bp: 1; 10-14 bp: 2; 15-19 bp: 3; 20-24 bp: 4; 25-29 bp: 5; 30-34 bp: 6; 35 bp: 7

No. of allowed errors:
1-4 bp: 0; 5-9 bp: 1; 10-14 bp: 2; 15-19 bp: 3; 20-24 bp: 4; 25-28 bp: 5

Overview of removed sequences at 5' end
length	count	expect	max.err	error counts
3	4	2567.2	0	4
5	2	160.4	1	0 2
26	2	0.0	5	0 0 0 1 1
32	1	0.0	6	0 0 0 0 0 0 0 1
33	1	0.0	6	0 0 0 0 1
34	6	0.0	6	0 0 0 0 1 4 1
35	585	0.0	7	1 10 35 38 56 168 140 137
36	39817	0.0	7	779 3256 5457 7734 9139 7191 4851 1410
37	62874	0.0	7	128 834 2739 8363 16908 19462 10162 4278
38	53912	0.0	7	824 7245 23293 12381 5844 2854 1072 399
39	119	0.0	7	0 8 26 31 32 12 8 2
47	2	0.0	7	0 1 0 1



Overview of removed sequences at 3' end
length	count	expect	max.err	error counts
3	2	2567.2	0	2
4	17	641.8	0	1 16
5	52	160.4	1	1 51
6	11	40.1	1	0 11
7	7	10.0	1	1 6
8	1	2.5	1	0 1
9	6	0.6	1	0 1 5
10	2	0.2	2	1 1
11	2	0.0	2	0 1 1
12	1	0.0	2	0 1
13	1	0.0	2	0 1
14	4	0.0	2	1 3
15	18	0.0	3	5 7 6
16	13	0.0	3	0 3 7 3
17	3	0.0	3	1 0 1 1
18	6	0.0	3	1 3 1 1
19	12	0.0	3	3 2 2 5
20	9	0.0	4	0 2 4 2 1
21	14	0.0	4	3 5 5 1
22	12	0.0	4	0 2 2 6 2
23	28	0.0	4	1 2 12 8 5
24	99	0.0	4	22 32 18 19 8
25	316	0.0	5	51 72 78 53 45 17
26	450	0.0	5	78 126 118 65 43 20
27	18090	0.0	5	11356 4334 1504 558 244 94
28	128180	0.0	5	69985 43395 10024 3049 1215 512
29	292	0.0	5	24 140 73 30 13 12
30	36	0.0	5	2 3 7 8 6 10
31	33	0.0	5	1 4 8 8 6 6
32	47	0.0	5	3 10 6 10 9 9
33	23	0.0	5	0 2 0 8 5 8
34	26	0.0	5	0 6 6 5 3 6
35	31	0.0	5	2 4 7 7 7 4
36	99	0.0	5	7 15 15 19 24 19
37	107	0.0	5	5 17 20 22 23 20
38	142	0.0	5	2 28 23 29 36 24
39	468	0.0	5	82 111 91 84 55 45
40	1288	0.0	5	159 234 240 267 199 189
41	2614	0.0	5	380 492 585 492 389 276
42	1340	0.0	5	106 250 308 277 230 169
43	3399	0.0	5	370 723 820 674 497 315
44	20	0.0	5	4 6 5 1 1 3
45	4	0.0	5	0 2 2
