This is cutadapt 4.6 with Python 3.9.18
Command line parameters: -Z --cores 5 -g GTCTAGAatcgccgaaagtaattcaactccattaa...TCTAGATGCTTACTAGTTACCGCGGCCA -e 0.2 -o HL_5N2_t6_R3.trim.fastq.gz HL_5N2_t6_R3_trimmed.fq.gz
Processing single-end reads on 5 cores ...
Finished in 0.518 s (7.329 µs/read; 8.19 M reads/minute).

=== Summary ===

Total reads processed:                  70,630
Reads with adapters:                    68,718 (97.3%)
Reads written (passing filters):        70,630 (100.0%)

Total basepairs processed:     6,058,399 bp
Total written (filtered):      1,552,488 bp (25.6%)

=== Adapter 1 ===

Sequence: GTCTAGAATCGCCGAAAGTAATTCAACTCCATTAA...TCTAGATGCTTACTAGTTACCGCGGCCA; Type: linked; Length: 35+28; 5' trimmed: 68718 times; 3' trimmed: 68718 times

Minimum overlap: 3+3
No. of allowed errors:
1-4 bp: 0; 5-9 bp: 1; 10-14 bp: 2; 15-19 bp: 3; 20-24 bp: 4; 25-29 bp: 5; 30-34 bp: 6; 35 bp: 7

No. of allowed errors:
1-4 bp: 0; 5-9 bp: 1; 10-14 bp: 2; 15-19 bp: 3; 20-24 bp: 4; 25-28 bp: 5

Overview of removed sequences at 5' end
length	count	expect	max.err	error counts
3	2	1103.6	0	2
5	1	69.0	1	0 1
26	1	0.0	5	0 0 0 0 1
33	1	0.0	6	0 0 0 0 0 0 1
34	1	0.0	6	0 0 0 0 0 1
35	224	0.0	7	0 3 14 6 26 74 53 48
36	18209	0.0	7	457 1728 2773 3951 4089 2698 1907 606
37	26791	0.0	7	95 546 1614 4650 7235 7196 3799 1656
38	23421	0.0	7	547 3934 9742 4990 2503 1110 418 177
39	67	0.0	7	0 6 26 20 1 8 4 2



Overview of removed sequences at 3' end
length	count	expect	max.err	error counts
3	1	1103.6	0	1
4	5	275.9	0	0 5
5	17	69.0	1	0 17
6	1	17.2	1	0 1
9	1	0.3	1	0 1
11	1	0.0	2	0 1
14	1	0.0	2	0 1
15	5	0.0	3	2 2 1
16	5	0.0	3	1 2 1 1
17	1	0.0	3	0 0 1
18	4	0.0	3	1 0 2 1
19	5	0.0	3	1 1 2 1
20	3	0.0	4	1 0 2
21	8	0.0	4	2 3 1 0 2
22	3	0.0	4	1 1 1
23	22	0.0	4	3 6 6 5 2
24	32	0.0	4	6 7 9 8 1 1
25	202	0.0	5	64 58 36 32 8 4
26	335	0.0	5	95 104 75 41 15 5
27	11949	0.0	5	8871 2245 600 171 45 17
28	52371	0.0	5	33962 14773 2515 731 282 108
29	107	0.0	5	11 61 23 4 5 3
30	16	0.0	5	1 5 2 2 1 5
31	9	0.0	5	0 2 1 4 2
32	17	0.0	5	3 6 4 2 1 1
33	11	0.0	5	1 2 0 2 1 5
34	15	0.0	5	3 3 1 3 0 5
35	6	0.0	5	0 1 1 2 1 1
36	41	0.0	5	6 7 10 9 6 3
37	29	0.0	5	2 5 1 4 11 6
38	67	0.0	5	4 9 16 11 15 12
39	151	0.0	5	32 37 32 22 16 12
40	431	0.0	5	76 61 98 66 77 53
41	939	0.0	5	161 237 220 145 102 74
42	496	0.0	5	65 89 123 102 63 54
43	1393	0.0	5	234 372 323 234 149 81
44	16	0.0	5	4 5 3 2 0 2
45	1	0.0	5	0 0 1
47	1	0.0	5	0 0 0 1
