This is cutadapt 4.6 with Python 3.9.18
Command line parameters: -Z --cores 5 -g GTCTAGAatcgccgaaagtaattcaactccattaa...TCTAGATGCTTACTAGTTACCGCGGCCA -e 0.2 -o HL_5O2_t1_R1.trim.fastq.gz HL_5O2_t1_R1_trimmed.fq.gz
Processing single-end reads on 5 cores ...
Finished in 0.616 s (7.586 µs/read; 7.91 M reads/minute).

=== Summary ===

Total reads processed:                  81,186
Reads with adapters:                    77,252 (95.2%)
Reads written (passing filters):        81,186 (100.0%)

Total basepairs processed:     6,999,017 bp
Total written (filtered):      1,903,781 bp (27.2%)

=== Adapter 1 ===

Sequence: GTCTAGAATCGCCGAAAGTAATTCAACTCCATTAA...TCTAGATGCTTACTAGTTACCGCGGCCA; Type: linked; Length: 35+28; 5' trimmed: 77252 times; 3' trimmed: 77252 times

Minimum overlap: 3+3
No. of allowed errors:
1-4 bp: 0; 5-9 bp: 1; 10-14 bp: 2; 15-19 bp: 3; 20-24 bp: 4; 25-29 bp: 5; 30-34 bp: 6; 35 bp: 7

No. of allowed errors:
1-4 bp: 0; 5-9 bp: 1; 10-14 bp: 2; 15-19 bp: 3; 20-24 bp: 4; 25-28 bp: 5

Overview of removed sequences at 5' end
length	count	expect	max.err	error counts
3	4	1268.5	0	4
25	4	0.0	5	0 0 0 0 2 2
26	200	0.0	5	4 14 22 48 56 56
33	2	0.0	6	0 0 0 0 0 0 0 2
34	2	0.0	6	0 0 0 0 1 1
35	336	0.0	7	0 6 12 21 42 104 80 71
36	19430	0.0	7	439 1818 2973 4014 4126 3241 2138 681
37	30326	0.0	7	72 419 1467 4447 7963 8943 4856 2159
38	26888	0.0	7	507 3752 11291 6151 2978 1413 552 244
39	60	0.0	7	1 8 12 13 16 6 4



Overview of removed sequences at 3' end
length	count	expect	max.err	error counts
3	6	1268.5	0	6
4	14	317.1	0	1 13
5	37	79.3	1	0 37
6	7	19.8	1	0 7
7	2	5.0	1	1 1
8	1	1.2	1	1
9	5	0.3	1	0 0 5
11	2	0.0	2	1 0 1
12	1	0.0	2	0 1
14	2	0.0	2	2
15	7	0.0	3	2 1 2 2
16	10	0.0	3	0 2 2 6
18	2	0.0	3	1 1
19	6	0.0	3	2 2 1 1
20	4	0.0	4	0 1 0 0 3
21	5	0.0	4	0 2 0 1 2
22	7	0.0	4	0 2 3 2
23	14	0.0	4	2 1 3 5 3
24	48	0.0	4	15 14 13 5 1
25	173	0.0	5	35 44 45 25 18 6
26	195	0.0	5	38 81 33 22 9 12
27	8888	0.0	5	5978 1959 604 229 88 30
28	61671	0.0	5	36267 19325 4111 1224 513 231
29	143	0.0	5	17 71 31 11 9 4
30	24	0.0	5	4 1 3 2 5 9
31	16	0.0	5	0 2 2 5 3 4
32	21	0.0	5	1 3 5 5 2 5
33	19	0.0	5	1 2 3 6 3 4
34	18	0.0	5	2 4 1 4 3 4
35	21	0.0	5	1 1 3 6 6 4
36	70	0.0	5	7 8 10 17 15 13
37	51	0.0	5	3 9 8 10 10 11
38	107	0.0	5	3 9 22 27 23 23
39	249	0.0	5	46 51 37 51 41 23
40	700	0.0	5	87 128 126 124 122 113
41	1501	0.0	5	248 338 300 255 196 164
42	894	0.0	5	122 184 169 207 134 78
43	2038	0.0	5	273 464 499 361 269 172
44	73	0.0	5	30 19 11 6 7
45	3	0.0	5	0 0 0 2 0 1
46	15	0.0	5	0 0 1 14
47	169	0.0	5	0 0 3 146 17 3
50	1	0.0	5	0 0 0 0 1
51	1	0.0	5	0 0 0 0 1
52	1	0.0	5	0 0 0 1
53	2	0.0	5	0 0 0 0 2
54	8	0.0	5	0 0 0 3 2 3
