This is cutadapt 4.6 with Python 3.9.18
Command line parameters: -Z --cores 5 -g GTCTAGAatcgccgaaagtaattcaactccattaa...TCTAGATGCTTACTAGTTACCGCGGCCA -e 0.2 -o HL_5N2_t7_R1.trim.fastq.gz HL_5N2_t7_R1_trimmed.fq.gz
Processing single-end reads on 5 cores ...
Finished in 0.487 s (7.347 µs/read; 8.17 M reads/minute).

=== Summary ===

Total reads processed:                  66,315
Reads with adapters:                    63,141 (95.2%)
Reads written (passing filters):        66,315 (100.0%)

Total basepairs processed:     5,692,209 bp
Total written (filtered):      1,541,159 bp (27.1%)

=== Adapter 1 ===

Sequence: GTCTAGAATCGCCGAAAGTAATTCAACTCCATTAA...TCTAGATGCTTACTAGTTACCGCGGCCA; Type: linked; Length: 35+28; 5' trimmed: 63141 times; 3' trimmed: 63141 times

Minimum overlap: 3+3
No. of allowed errors:
1-4 bp: 0; 5-9 bp: 1; 10-14 bp: 2; 15-19 bp: 3; 20-24 bp: 4; 25-29 bp: 5; 30-34 bp: 6; 35 bp: 7

No. of allowed errors:
1-4 bp: 0; 5-9 bp: 1; 10-14 bp: 2; 15-19 bp: 3; 20-24 bp: 4; 25-28 bp: 5

Overview of removed sequences at 5' end
length	count	expect	max.err	error counts
3	1	1036.2	0	1
25	2	0.0	5	0 0 0 0 2
26	73	0.0	5	2 4 6 18 26 17
32	1	0.0	6	0 0 0 0 0 0 1
33	1	0.0	6	0 0 0 0 0 0 0 1
34	1	0.0	6	0 0 0 0 0 1
35	234	0.0	7	1 8 15 17 34 69 37 53
36	16782	0.0	7	342 1501 2668 3777 3875 2384 1629 606
37	24814	0.0	7	56 376 1294 4031 6579 6773 4042 1663
38	21181	0.0	7	441 3196 8821 4552 2333 1159 488 191
39	50	0.0	7	1 5 10 16 6 5 5 2
52	1	0.0	7	1



Overview of removed sequences at 3' end
length	count	expect	max.err	error counts
4	7	259.0	0	1 6
5	12	64.8	1	0 12
6	5	16.2	1	0 5
7	4	4.0	1	2 2
8	2	1.0	1	0 0 2
9	3	0.3	1	1 0 2
14	2	0.0	2	0 2
15	9	0.0	3	4 1 3 1
16	6	0.0	3	0 0 2 4
18	3	0.0	3	1 1 1
19	3	0.0	3	0 0 3
20	4	0.0	4	1 0 2 1
21	6	0.0	4	2 2 1 1
22	6	0.0	4	0 1 1 2 2
23	10	0.0	4	2 2 1 5
24	45	0.0	4	19 13 6 3 4
25	154	0.0	5	40 46 37 22 8 1
26	159	0.0	5	42 45 33 25 9 5
27	8267	0.0	5	6087 1493 437 173 60 17
28	50322	0.0	5	32561 14103 2534 727 286 111
29	92	0.0	5	9 43 25 9 4 2
30	13	0.0	5	0 2 3 1 3 4
31	20	0.0	5	1 4 3 4 2 6
32	18	0.0	5	1 6 2 3 3 3
33	6	0.0	5	0 0 2 2 2
34	7	0.0	5	0 0 3 1 2 1
35	11	0.0	5	0 3 0 0 4 4
36	61	0.0	5	8 11 12 12 10 8
37	50	0.0	5	2 7 5 14 13 9
38	77	0.0	5	7 6 14 19 17 14
39	177	0.0	5	35 58 37 25 13 9
40	521	0.0	5	74 87 109 86 86 79
41	940	0.0	5	180 235 213 133 89 90
42	541	0.0	5	63 104 131 109 76 58
43	1485	0.0	5	241 384 338 258 155 109
44	18	0.0	5	5 5 3 2 2 1
45	6	0.0	5	1 0 0 3 0 2
46	5	0.0	5	0 0 0 5
47	58	0.0	5	0 0 0 53 3 2
51	1	0.0	5	0 0 0 1
53	2	0.0	5	0 0 0 1 1
54	3	0.0	5	0 0 0 3
