This is cutadapt 4.6 with Python 3.9.18
Command line parameters: -Z --cores 5 -g GTCTAGAatcgccgaaagtaattcaactccattaa...TCTAGATGCTTACTAGTTACCGCGGCCA -e 0.2 -o HL_5O2_t0_R1.trim.fastq.gz HL_5O2_t0_R1_trimmed.fq.gz
Processing single-end reads on 5 cores ...
Finished in 0.428 s (10.572 µs/read; 5.68 M reads/minute).

=== Summary ===

Total reads processed:                  40,501
Reads with adapters:                    38,945 (96.2%)
Reads written (passing filters):        40,501 (100.0%)

Total basepairs processed:     3,485,644 bp
Total written (filtered):        921,394 bp (26.4%)

=== Adapter 1 ===

Sequence: GTCTAGAATCGCCGAAAGTAATTCAACTCCATTAA...TCTAGATGCTTACTAGTTACCGCGGCCA; Type: linked; Length: 35+28; 5' trimmed: 38945 times; 3' trimmed: 38945 times

Minimum overlap: 3+3
No. of allowed errors:
1-4 bp: 0; 5-9 bp: 1; 10-14 bp: 2; 15-19 bp: 3; 20-24 bp: 4; 25-29 bp: 5; 30-34 bp: 6; 35 bp: 7

No. of allowed errors:
1-4 bp: 0; 5-9 bp: 1; 10-14 bp: 2; 15-19 bp: 3; 20-24 bp: 4; 25-28 bp: 5

Overview of removed sequences at 5' end
length	count	expect	max.err	error counts
3	1	632.8	0	1
26	52	0.0	5	0 2 8 12 12 18
32	1	0.0	6	0 0 0 0 0 0 1
35	152	0.0	7	1 5 6 12 21 51 14 42
36	9892	0.0	7	228 934 1478 2073 2208 1583 1029 359
37	15234	0.0	7	49 264 897 2468 4169 4227 2194 966
38	13584	0.0	7	279 2172 5610 2987 1498 664 269 105
39	29	0.0	7	1 1 3 7 9 6 1 1



Overview of removed sequences at 3' end
length	count	expect	max.err	error counts
3	1	632.8	0	1
4	5	158.2	0	1 4
5	17	39.6	1	0 17
6	1	9.9	1	0 1
7	1	2.5	1	1
9	2	0.2	1	0 0 2
11	1	0.0	2	1
12	1	0.0	2	0 1
14	1	0.0	2	0 1
15	4	0.0	3	0 4
16	2	0.0	3	0 0 2
17	1	0.0	3	0 0 0 1
18	1	0.0	3	1
19	4	0.0	3	1 1 1 1
20	2	0.0	4	0 2
21	2	0.0	4	0 1 0 1
22	2	0.0	4	0 0 1 0 1
23	5	0.0	4	2 2 0 0 0 1
24	28	0.0	4	5 8 7 2 6
25	75	0.0	5	12 24 17 14 4 4
26	124	0.0	5	17 35 37 18 10 7
27	4489	0.0	5	2750 1077 386 182 64 30
28	31460	0.0	5	17367 10385 2423 804 341 140
29	71	0.0	5	8 31 18 7 4 3
30	12	0.0	5	1 1 3 5 1 1
31	6	0.0	5	0 1 1 1 3
32	8	0.0	5	0 2 2 4
33	5	0.0	5	0 0 1 1 0 3
34	6	0.0	5	1 1 0 0 1 3
35	5	0.0	5	1 1 0 1 0 2
36	27	0.0	5	4 6 5 2 5 5
37	20	0.0	5	0 1 3 4 8 4
38	36	0.0	5	2 5 8 6 7 8
39	120	0.0	5	21 29 24 19 14 13
40	300	0.0	5	33 49 59 54 47 58
41	685	0.0	5	113 158 143 125 86 60
42	388	0.0	5	45 70 85 74 68 46
43	927	0.0	5	85 192 237 182 145 86
44	50	0.0	5	18 9 11 8 2 2
45	2	0.0	5	0 1 0 0 1
46	3	0.0	5	0 0 0 3
47	41	0.0	5	0 0 0 38 2 1
53	2	0.0	5	0 0 0 0 1 1
54	2	0.0	5	0 0 0 0 2
