This is cutadapt 4.6 with Python 3.9.18
Command line parameters: -Z --cores 5 -g GTCTAGAatcgccgaaagtaattcaactccattaa...TCTAGATGCTTACTAGTTACCGCGGCCA -e 0.2 -o HL_5O2_t6_R3.trim.fastq.gz HL_5O2_t6_R3_trimmed.fq.gz
Processing single-end reads on 5 cores ...
Finished in 0.600 s (7.875 µs/read; 7.62 M reads/minute).

=== Summary ===

Total reads processed:                  76,212
Reads with adapters:                    73,033 (95.8%)
Reads written (passing filters):        76,212 (100.0%)

Total basepairs processed:     6,559,782 bp
Total written (filtered):      1,752,510 bp (26.7%)

=== Adapter 1 ===

Sequence: GTCTAGAATCGCCGAAAGTAATTCAACTCCATTAA...TCTAGATGCTTACTAGTTACCGCGGCCA; Type: linked; Length: 35+28; 5' trimmed: 73033 times; 3' trimmed: 73033 times

Minimum overlap: 3+3
No. of allowed errors:
1-4 bp: 0; 5-9 bp: 1; 10-14 bp: 2; 15-19 bp: 3; 20-24 bp: 4; 25-29 bp: 5; 30-34 bp: 6; 35 bp: 7

No. of allowed errors:
1-4 bp: 0; 5-9 bp: 1; 10-14 bp: 2; 15-19 bp: 3; 20-24 bp: 4; 25-28 bp: 5

Overview of removed sequences at 5' end
length	count	expect	max.err	error counts
3	1	1190.8	0	1
25	8	0.0	5	0 0 0 0 0 8
26	602	0.0	5	6 42 80 155 174 145
33	2	0.0	6	0 0 0 0 0 0 0 2
34	2	0.0	6	0 0 0 0 0 2
35	234	0.0	7	0 5 13 14 24 75 53 50
36	18431	0.0	7	318 1155 2162 4000 4502 3258 2317 719
37	29201	0.0	7	64 444 1467 4424 7887 8592 4531 1792
38	24493	0.0	7	441 3494 10251 5527 2805 1286 505 184
39	59	0.0	7	2 2 13 13 14 11 1 3



Overview of removed sequences at 3' end
length	count	expect	max.err	error counts
3	2	1190.8	0	2
4	9	297.7	0	1 8
5	38	74.4	1	0 38
6	7	18.6	1	0 7
7	2	4.7	1	1 1
8	1	1.2	1	0 0 1
9	5	0.3	1	0 1 4
11	1	0.0	2	1
12	1	0.0	2	0 0 1
13	1	0.0	2	0 1
14	2	0.0	2	1 0 1
15	5	0.0	3	2 2 1
16	4	0.0	3	0 2 1 1
17	3	0.0	3	1 1 1
18	2	0.0	3	0 0 1 1
19	9	0.0	3	3 6
20	4	0.0	4	0 0 2 2
21	4	0.0	4	1 1 0 1 1
22	5	0.0	4	1 0 1 0 3
23	10	0.0	4	0 1 3 3 3
24	42	0.0	4	13 10 12 6 1
25	155	0.0	5	28 43 36 19 14 15
26	186	0.0	5	30 49 56 35 12 4
27	8376	0.0	5	5378 1864 703 294 94 43
28	58873	0.0	5	32979 19194 4478 1379 609 234
29	117	0.0	5	7 63 23 9 6 9
30	20	0.0	5	2 1 3 2 7 5
31	16	0.0	5	0 0 1 4 6 5
32	24	0.0	5	3 4 6 4 3 4
33	15	0.0	5	0 1 1 3 4 6
34	21	0.0	5	0 6 7 3 3 2
35	12	0.0	5	1 1 2 1 6 1
36	51	0.0	5	5 3 11 9 13 10
37	43	0.0	5	2 4 9 6 13 9
38	86	0.0	5	1 9 13 26 18 19
39	201	0.0	5	30 44 46 40 21 20
40	580	0.0	5	67 79 121 113 104 96
41	1233	0.0	5	191 269 271 194 177 131
42	602	0.0	5	52 115 125 137 98 75
43	1667	0.0	5	188 379 394 314 248 144
44	25	0.0	5	4 6 2 7 3 3
45	12	0.0	5	0 0 1 6 3 2
46	19	0.0	5	0 0 1 16 2
47	485	0.0	5	0 0 3 439 39 4
48	1	0.0	5	0 0 0 1
50	1	0.0	5	0 0 0 0 0 1
51	5	0.0	5	0 0 0 3 1 1
52	2	0.0	5	0 0 0 1 1
53	12	0.0	5	0 0 1 5 5 1
54	36	0.0	5	1 0 3 17 11 4
