This is cutadapt 4.6 with Python 3.9.18
Command line parameters: -Z --cores 5 -g GTCTAGAatcgccgaaagtaattcaactccattaa...TCTAGATGCTTACTAGTTACCGCGGCCA -e 0.2 -o HL_5N2_t2_R3.trim.fastq.gz HL_5N2_t2_R3_trimmed.fq.gz
Processing single-end reads on 5 cores ...
Finished in 0.883 s (7.327 µs/read; 8.19 M reads/minute).

=== Summary ===

Total reads processed:                 120,520
Reads with adapters:                   116,790 (96.9%)
Reads written (passing filters):       120,520 (100.0%)

Total basepairs processed:    10,353,472 bp
Total written (filtered):      2,680,482 bp (25.9%)

=== Adapter 1 ===

Sequence: GTCTAGAATCGCCGAAAGTAATTCAACTCCATTAA...TCTAGATGCTTACTAGTTACCGCGGCCA; Type: linked; Length: 35+28; 5' trimmed: 116790 times; 3' trimmed: 116790 times

Minimum overlap: 3+3
No. of allowed errors:
1-4 bp: 0; 5-9 bp: 1; 10-14 bp: 2; 15-19 bp: 3; 20-24 bp: 4; 25-29 bp: 5; 30-34 bp: 6; 35 bp: 7

No. of allowed errors:
1-4 bp: 0; 5-9 bp: 1; 10-14 bp: 2; 15-19 bp: 3; 20-24 bp: 4; 25-28 bp: 5

Overview of removed sequences at 5' end
length	count	expect	max.err	error counts
3	4	1883.1	0	4
6	1	29.4	1	0 1
26	1	0.0	5	0 0 0 0 1
32	1	0.0	6	0 0 0 0 0 0 0 1
34	4	0.0	6	0 0 1 1 0 1 0 1
35	433	0.0	7	2 5 12 21 51 124 111 107
36	30462	0.0	7	569 2359 4043 6522 7302 5138 3428 1101
37	46485	0.0	7	123 763 2597 7327 12385 12972 7237 3081
38	39326	0.0	7	827 5987 15748 8921 4538 2109 867 329
39	73	0.0	7	0 7 15 18 12 12 5 4



Overview of removed sequences at 3' end
length	count	expect	max.err	error counts
3	3	1883.1	0	3
4	9	470.8	0	4 5
5	26	117.7	1	1 25
6	5	29.4	1	0 5
7	1	7.4	1	1
8	1	1.8	1	0 0 1
9	3	0.5	1	0 1 2
10	1	0.1	2	0 1
11	1	0.0	2	0 0 1
12	2	0.0	2	0 1 1
13	1	0.0	2	0 1
14	1	0.0	2	0 1
15	7	0.0	3	3 2 1 1
16	9	0.0	3	0 3 4 2
17	1	0.0	3	0 0 0 1
19	7	0.0	3	1 2 3 1
20	12	0.0	4	4 2 6
21	15	0.0	4	3 6 3 2 1
22	8	0.0	4	1 3 2 2
23	18	0.0	4	3 3 2 6 4
24	82	0.0	4	19 25 25 9 4
25	231	0.0	5	59 70 37 30 21 14
26	277	0.0	5	61 88 63 42 16 7
27	13696	0.0	5	9321 2929 944 329 132 41
28	95352	0.0	5	58730 28377 5613 1686 645 301
29	212	0.0	5	24 115 44 13 13 3
30	26	0.0	5	5 1 6 6 6 2
31	41	0.0	5	0 12 6 10 8 5
32	26	0.0	5	4 9 4 1 4 4
33	16	0.0	5	1 1 2 3 5 4
34	24	0.0	5	2 5 6 1 8 2
35	22	0.0	5	0 4 2 2 8 6
36	68	0.0	5	10 12 9 13 11 13
37	68	0.0	5	1 8 12 23 11 13
38	99	0.0	5	3 16 21 22 18 19
39	320	0.0	5	71 85 72 42 26 24
40	913	0.0	5	132 169 176 166 150 120
41	1820	0.0	5	319 411 380 310 243 157
42	894	0.0	5	102 176 204 190 125 97
43	2453	0.0	5	356 624 582 412 291 188
44	18	0.0	5	4 3 1 8 1 1
45	1	0.0	5	0 1
