This is cutadapt 4.6 with Python 3.9.18
Command line parameters: -Z --cores 5 -g GTCTAGAatcgccgaaagtaattcaactccattaa...TCTAGATGCTTACTAGTTACCGCGGCCA -e 0.2 -o HL_5O2_t7_R4.trim.fastq.gz HL_5O2_t7_R4_trimmed.fq.gz
Processing single-end reads on 5 cores ...
Finished in 0.823 s (7.872 µs/read; 7.62 M reads/minute).

=== Summary ===

Total reads processed:                 104,509
Reads with adapters:                   101,023 (96.7%)
Reads written (passing filters):       104,509 (100.0%)

Total basepairs processed:     8,990,420 bp
Total written (filtered):      2,339,706 bp (26.0%)

=== Adapter 1 ===

Sequence: GTCTAGAATCGCCGAAAGTAATTCAACTCCATTAA...TCTAGATGCTTACTAGTTACCGCGGCCA; Type: linked; Length: 35+28; 5' trimmed: 101023 times; 3' trimmed: 101023 times

Minimum overlap: 3+3
No. of allowed errors:
1-4 bp: 0; 5-9 bp: 1; 10-14 bp: 2; 15-19 bp: 3; 20-24 bp: 4; 25-29 bp: 5; 30-34 bp: 6; 35 bp: 7

No. of allowed errors:
1-4 bp: 0; 5-9 bp: 1; 10-14 bp: 2; 15-19 bp: 3; 20-24 bp: 4; 25-28 bp: 5

Overview of removed sequences at 5' end
length	count	expect	max.err	error counts
3	7	1633.0	0	7
6	1	25.5	1	0 1
31	1	0.0	6	0 0 1
32	1	0.0	6	0 0 0 0 0 0 0 1
33	1	0.0	6	0 0 0 0 0 0 0 1
34	2	0.0	6	0 0 0 0 2
35	377	0.0	7	0 5 14 21 48 124 80 85
36	26270	0.0	7	427 1535 3297 5789 6530 4640 3100 952
37	39516	0.0	7	83 427 1769 5373 10109 11955 6854 2946
38	34751	0.0	7	591 4589 14320 7902 4153 2062 822 312
39	96	0.0	7	1 3 22 20 25 13 7 5



Overview of removed sequences at 3' end
length	count	expect	max.err	error counts
3	7	1633.0	0	7
4	6	408.2	0	1 5
5	37	102.1	1	0 37
6	13	25.5	1	1 12
7	3	6.4	1	0 3
8	3	1.6	1	0 2 1
9	4	0.4	1	2 1 1
12	2	0.0	2	1 0 1
13	2	0.0	2	0 0 2
15	11	0.0	3	7 3 1
16	4	0.0	3	0 0 3 1
19	12	0.0	3	1 2 5 4
20	8	0.0	4	0 2 5 1
21	6	0.0	4	2 1 1 2
22	4	0.0	4	1 1 2
23	8	0.0	4	1 3 2 2
24	65	0.0	4	28 18 9 8 2
25	208	0.0	5	52 68 37 20 21 10
26	282	0.0	5	71 84 69 38 15 5
27	13255	0.0	5	9806 2355 732 256 84 22
28	79874	0.0	5	54134 19830 4130 1170 445 165
29	196	0.0	5	25 106 35 15 7 8
30	14	0.0	5	2 4 2 0 4 2
31	28	0.0	5	1 2 7 9 3 6
32	32	0.0	5	2 9 6 6 5 4
33	21	0.0	5	2 2 3 7 5 2
34	30	0.0	5	3 2 4 6 10 5
35	20	0.0	5	3 1 1 4 6 5
36	75	0.0	5	1 13 13 11 20 17
37	70	0.0	5	5 10 14 14 18 9
38	133	0.0	5	5 17 29 29 28 25
39	335	0.0	5	76 80 71 35 45 28
40	960	0.0	5	167 202 185 173 137 96
41	1840	0.0	5	287 436 420 312 232 153
42	939	0.0	5	158 191 208 179 135 68
43	2473	0.0	5	428 640 569 409 273 154
44	39	0.0	5	15 12 4 4 2 2
45	4	0.0	5	1 2 0 1
