This is cutadapt 4.6 with Python 3.9.18
Command line parameters: -Z --cores 5 -g GTCTAGAatcgccgaaagtaattcaactccattaa...TCTAGATGCTTACTAGTTACCGCGGCCA -e 0.2 -o HL_5N2_t0_R1.trim.fastq.gz HL_5N2_t0_R1_trimmed.fq.gz
Processing single-end reads on 5 cores ...
Finished in 0.474 s (8.723 µs/read; 6.88 M reads/minute).

=== Summary ===

Total reads processed:                  54,295
Reads with adapters:                    51,922 (95.6%)
Reads written (passing filters):        54,295 (100.0%)

Total basepairs processed:     4,668,630 bp
Total written (filtered):      1,252,361 bp (26.8%)

=== Adapter 1 ===

Sequence: GTCTAGAATCGCCGAAAGTAATTCAACTCCATTAA...TCTAGATGCTTACTAGTTACCGCGGCCA; Type: linked; Length: 35+28; 5' trimmed: 51922 times; 3' trimmed: 51922 times

Minimum overlap: 3+3
No. of allowed errors:
1-4 bp: 0; 5-9 bp: 1; 10-14 bp: 2; 15-19 bp: 3; 20-24 bp: 4; 25-29 bp: 5; 30-34 bp: 6; 35 bp: 7

No. of allowed errors:
1-4 bp: 0; 5-9 bp: 1; 10-14 bp: 2; 15-19 bp: 3; 20-24 bp: 4; 25-28 bp: 5

Overview of removed sequences at 5' end
length	count	expect	max.err	error counts
25	3	0.0	5	0 0 0 0 0 3
26	100	0.0	5	1 6 16 23 32 22
32	1	0.0	6	0 0 0 0 0 0 0 1
34	1	0.0	6	0 0 0 0 0 0 0 1
35	215	0.0	7	0 4 13 13 28 62 40 55
36	13464	0.0	7	348 1361 2314 2929 2892 1960 1247 413
37	20050	0.0	7	85 373 1234 3426 5491 5239 2940 1262
38	18043	0.0	7	423 3213 7299 3904 1883 868 319 134
39	45	0.0	7	0 3 13 15 7 2 3 2



Overview of removed sequences at 3' end
length	count	expect	max.err	error counts
3	1	848.4	0	1
4	1	212.1	0	0 1
5	21	53.0	1	0 21
6	3	13.3	1	0 3
7	2	3.3	1	1 1
8	1	0.8	1	1
9	5	0.2	1	0 1 4
10	2	0.1	2	0 1 1
15	2	0.0	3	1 0 0 1
16	4	0.0	3	0 0 2 2
17	1	0.0	3	0 0 0 1
18	1	0.0	3	0 0 0 1
19	8	0.0	3	2 3 3
20	6	0.0	4	1 2 2 1
21	5	0.0	4	0 1 1 3
22	5	0.0	4	0 0 2 3
23	5	0.0	4	0 0 2 0 3
24	26	0.0	4	9 5 4 7 1
25	112	0.0	5	29 37 22 12 9 3
26	154	0.0	5	36 48 28 25 14 3
27	6514	0.0	5	4342 1395 503 179 67 28
28	41497	0.0	5	24944 12633 2656 806 315 143
29	94	0.0	5	6 51 22 11 2 2
30	17	0.0	5	1 2 4 1 4 5
31	15	0.0	5	1 1 3 7 2 1
32	14	0.0	5	0 4 3 3 1 3
33	10	0.0	5	0 1 1 4 3 1
34	11	0.0	5	0 2 0 1 3 5
35	8	0.0	5	0 0 4 2 2
36	37	0.0	5	5 5 4 14 6 3
37	34	0.0	5	3 7 7 5 9 3
38	63	0.0	5	3 10 17 10 6 17
39	152	0.0	5	23 40 33 24 22 10
40	404	0.0	5	44 73 90 84 68 45
41	919	0.0	5	163 193 181 163 138 81
42	513	0.0	5	60 97 113 111 76 56
43	1102	0.0	5	152 262 266 197 140 85
44	50	0.0	5	23 12 9 2 3 1
45	3	0.0	5	2 0 0 1
46	6	0.0	5	0 0 0 6
47	87	0.0	5	0 0 0 80 5 2
51	1	0.0	5	0 0 0 0 1
53	1	0.0	5	0 0 0 1
54	5	0.0	5	0 0 0 2 1 2
