This is cutadapt 4.6 with Python 3.9.18
Command line parameters: -Z --cores 5 -g GTCTAGAatcgccgaaagtaattcaactccattaa...TCTAGATGCTTACTAGTTACCGCGGCCA -e 0.2 -o HL_5O2_t5_R4.trim.fastq.gz HL_5O2_t5_R4_trimmed.fq.gz
Processing single-end reads on 5 cores ...
Finished in 0.416 s (9.817 µs/read; 6.11 M reads/minute).

=== Summary ===

Total reads processed:                  42,330
Reads with adapters:                    40,431 (95.5%)
Reads written (passing filters):        42,330 (100.0%)

Total basepairs processed:     3,631,168 bp
Total written (filtered):        972,669 bp (26.8%)

=== Adapter 1 ===

Sequence: GTCTAGAATCGCCGAAAGTAATTCAACTCCATTAA...TCTAGATGCTTACTAGTTACCGCGGCCA; Type: linked; Length: 35+28; 5' trimmed: 40431 times; 3' trimmed: 40431 times

Minimum overlap: 3+3
No. of allowed errors:
1-4 bp: 0; 5-9 bp: 1; 10-14 bp: 2; 15-19 bp: 3; 20-24 bp: 4; 25-29 bp: 5; 30-34 bp: 6; 35 bp: 7

No. of allowed errors:
1-4 bp: 0; 5-9 bp: 1; 10-14 bp: 2; 15-19 bp: 3; 20-24 bp: 4; 25-28 bp: 5

Overview of removed sequences at 5' end
length	count	expect	max.err	error counts
3	1	661.4	0	1
25	1	0.0	5	0 0 0 0 0 1
26	5	0.0	5	0 1 0 1 3
34	1	0.0	6	0 0 0 0 1
35	157	0.0	7	0 7 7 9 17 42 41 34
36	10646	0.0	7	274 977 1572 2254 2330 1702 1166 371
37	15458	0.0	7	50 243 837 2512 4002 4336 2413 1065
38	14135	0.0	7	289 2116 6055 3023 1550 732 257 113
39	27	0.0	7	0 1 4 9 6 3 2 2



Overview of removed sequences at 3' end
length	count	expect	max.err	error counts
3	1	661.4	0	1
4	5	165.4	0	0 5
5	13	41.3	1	0 13
6	2	10.3	1	0 2
7	1	2.6	1	0 1
9	1	0.2	1	0 0 1
13	1	0.0	2	0 1
15	2	0.0	3	1 0 1
16	2	0.0	3	1 1
18	1	0.0	3	0 0 1
19	5	0.0	3	3 0 1 1
20	2	0.0	4	0 1 0 0 1
21	5	0.0	4	2 2 0 1
22	3	0.0	4	1 1 0 1
23	2	0.0	4	0 0 1 0 1
24	18	0.0	4	4 3 8 3
25	101	0.0	5	27 26 26 14 7 1
26	104	0.0	5	38 37 12 8 7 2
27	5510	0.0	5	4220 897 263 97 26 7
28	32036	0.0	5	22767 7212 1363 443 187 64
29	59	0.0	5	6 32 11 7 2 1
30	8	0.0	5	3 0 2 1 0 2
31	10	0.0	5	0 0 1 4 3 2
32	12	0.0	5	3 2 2 1 3 1
33	9	0.0	5	0 2 1 2 1 3
34	8	0.0	5	1 1 3 1 2
35	5	0.0	5	0 3 1 0 0 1
36	24	0.0	5	0 5 2 8 3 6
37	23	0.0	5	1 3 8 3 6 2
38	34	0.0	5	5 5 5 8 5 6
39	118	0.0	5	21 26 24 16 13 18
40	331	0.0	5	57 74 53 63 52 32
41	731	0.0	5	126 172 154 119 88 72
42	317	0.0	5	49 77 60 59 41 31
43	901	0.0	5	177 240 194 144 90 56
44	18	0.0	5	5 7 3 2 0 1
45	3	0.0	5	1 0 0 2
46	1	0.0	5	0 0 1
47	4	0.0	5	0 0 0 3 1
