This is cutadapt 4.6 with Python 3.9.18
Command line parameters: -Z --cores 5 -g GTCTAGAatcgccgaaagtaattcaactccattaa...TCTAGATGCTTACTAGTTACCGCGGCCA -e 0.2 -o HL_5O2_t3_R2.trim.fastq.gz HL_5O2_t3_R2_trimmed.fq.gz
Processing single-end reads on 5 cores ...
Finished in 0.495 s (7.724 µs/read; 7.77 M reads/minute).

=== Summary ===

Total reads processed:                  64,071
Reads with adapters:                    61,038 (95.3%)
Reads written (passing filters):        64,071 (100.0%)

Total basepairs processed:     5,512,014 bp
Total written (filtered):      1,494,233 bp (27.1%)

=== Adapter 1 ===

Sequence: GTCTAGAATCGCCGAAAGTAATTCAACTCCATTAA...TCTAGATGCTTACTAGTTACCGCGGCCA; Type: linked; Length: 35+28; 5' trimmed: 61038 times; 3' trimmed: 61038 times

Minimum overlap: 3+3
No. of allowed errors:
1-4 bp: 0; 5-9 bp: 1; 10-14 bp: 2; 15-19 bp: 3; 20-24 bp: 4; 25-29 bp: 5; 30-34 bp: 6; 35 bp: 7

No. of allowed errors:
1-4 bp: 0; 5-9 bp: 1; 10-14 bp: 2; 15-19 bp: 3; 20-24 bp: 4; 25-28 bp: 5

Overview of removed sequences at 5' end
length	count	expect	max.err	error counts
3	2	1001.1	0	2
26	98	0.0	5	0 3 10 26 35 24
33	1	0.0	6	0 0 0 0 0 0 0 1
35	261	0.0	7	0 5 13 18 31 82 52 60
36	15587	0.0	7	314 1385 2306 3327 3414 2511 1748 582
37	24144	0.0	7	59 341 1169 3477 6369 7396 3729 1604
38	20892	0.0	7	380 2879 8733 4772 2387 1152 420 169
39	53	0.0	7	1 4 12 8 15 8 4 1



Overview of removed sequences at 3' end
length	count	expect	max.err	error counts
4	6	250.3	0	1 5
5	20	62.6	1	0 20
6	6	15.6	1	0 6
7	1	3.9	1	1
8	1	1.0	1	0 0 1
9	2	0.2	1	1 0 1
10	1	0.1	2	0 1
11	1	0.0	2	0 1
13	3	0.0	2	0 2 1
14	2	0.0	2	1 1
15	21	0.0	3	4 10 5 2
16	5	0.0	3	0 1 2 2
18	2	0.0	3	0 1 1
19	6	0.0	3	1 0 3 2
20	8	0.0	4	2 3 1 1 1
21	3	0.0	4	0 1 1 1
22	3	0.0	4	1 1 0 0 1
23	5	0.0	4	1 1 1 2
24	39	0.0	4	13 11 9 4 2
25	131	0.0	5	24 36 38 19 7 7
26	171	0.0	5	25 57 45 25 13 6
27	7403	0.0	5	4800 1664 584 239 82 34
28	48909	0.0	5	27739 15874 3569 1088 452 187
29	117	0.0	5	10 55 33 12 6 1
30	17	0.0	5	1 1 2 5 6 2
31	20	0.0	5	0 0 3 6 7 4
32	14	0.0	5	1 5 4 1 2 1
33	12	0.0	5	2 1 2 0 4 3
34	16	0.0	5	3 3 1 2 3 4
35	7	0.0	5	0 0 2 2 2 1
36	53	0.0	5	6 9 8 14 12 4
37	40	0.0	5	1 6 2 7 12 12
38	66	0.0	5	7 5 10 16 13 15
39	185	0.0	5	33 47 31 27 21 26
40	519	0.0	5	63 92 118 78 99 69
41	1053	0.0	5	147 215 229 191 162 109
42	538	0.0	5	43 100 119 119 96 61
43	1518	0.0	5	162 366 370 311 182 127
44	14	0.0	5	4 6 1 1 0 2
45	3	0.0	5	0 2 1
46	5	0.0	5	0 0 0 2 3
47	85	0.0	5	0 0 0 74 7 4
48	1	0.0	5	0 0 0 1
52	1	0.0	5	0 0 0 0 0 1
54	5	0.0	5	0 0 0 5
