This is cutadapt 4.6 with Python 3.9.18
Command line parameters: -Z --cores 5 -g GTCTAGAatcgccgaaagtaattcaactccattaa...TCTAGATGCTTACTAGTTACCGCGGCCA -e 0.2 -o LD_N2_t3_R1.trim.fastq.gz LD_N2_t3_R1_trimmed.fq.gz
Processing single-end reads on 5 cores ...
Finished in 0.512 s (13.750 µs/read; 4.36 M reads/minute).

=== Summary ===

Total reads processed:                  37,208
Reads with adapters:                    36,175 (97.2%)
Reads written (passing filters):        37,208 (100.0%)

Total basepairs processed:     3,201,090 bp
Total written (filtered):        820,444 bp (25.6%)

=== Adapter 1 ===

Sequence: GTCTAGAATCGCCGAAAGTAATTCAACTCCATTAA...TCTAGATGCTTACTAGTTACCGCGGCCA; Type: linked; Length: 35+28; 5' trimmed: 36175 times; 3' trimmed: 36175 times

Minimum overlap: 3+3
No. of allowed errors:
1-4 bp: 0; 5-9 bp: 1; 10-14 bp: 2; 15-19 bp: 3; 20-24 bp: 4; 25-29 bp: 5; 30-34 bp: 6; 35 bp: 7

No. of allowed errors:
1-4 bp: 0; 5-9 bp: 1; 10-14 bp: 2; 15-19 bp: 3; 20-24 bp: 4; 25-28 bp: 5

Overview of removed sequences at 5' end
length	count	expect	max.err	error counts
3	1	581.4	0	1
34	1	0.0	6	0 0 0 0 0 1
35	72	0.0	7	0 1 8 3 9 18 14 19
36	4370	0.0	7	133 431 662 925 986 651 429 153
37	15382	0.0	7	54 315 905 2615 4365 4120 2105 903
38	16316	0.0	7	367 2656 7032 3434 1721 705 287 114
39	33	0.0	7	0 0 9 8 8 4 2 2



Overview of removed sequences at 3' end
length	count	expect	max.err	error counts
3	2	581.4	0	2
4	1	145.3	0	0 1
5	10	36.3	1	0 10
6	2	9.1	1	0 2
9	3	0.1	1	0 2 1
12	1	0.0	2	0 0 1
15	1	0.0	3	1
16	6	0.0	3	0 0 5 1
18	2	0.0	3	0 0 1 1
19	4	0.0	3	3 1
20	3	0.0	4	1 1 1
21	3	0.0	4	0 3
22	2	0.0	4	0 0 0 2
23	6	0.0	4	1 0 0 3 2
24	12	0.0	4	4 5 1 0 2
25	82	0.0	5	23 19 21 10 6 3
26	99	0.0	5	21 37 25 11 3 2
27	5844	0.0	5	4189 1165 316 121 42 11
28	28167	0.0	5	18300 7657 1463 484 194 69
29	54	0.0	5	3 30 9 6 4 2
30	6	0.0	5	2 0 1 1 2
31	12	0.0	5	1 1 2 3 2 3
32	9	0.0	5	1 1 3 2 0 2
33	9	0.0	5	0 0 3 4 1 1
34	6	0.0	5	0 1 0 0 5
35	7	0.0	5	1 1 1 2 1 1
36	18	0.0	5	3 2 4 4 4 1
37	28	0.0	5	0 4 4 5 10 5
38	44	0.0	5	3 6 12 5 12 6
39	132	0.0	5	17 40 24 32 11 8
40	243	0.0	5	32 40 53 48 33 37
41	606	0.0	5	105 144 114 108 83 52
42	193	0.0	5	30 45 37 35 31 15
43	555	0.0	5	67 139 130 111 61 47
44	3	0.0	5	2 1
