This is cutadapt 4.6 with Python 3.9.18
Command line parameters: -Z --cores 5 -g GTCTAGAatcgccgaaagtaattcaactccattaa...TCTAGATGCTTACTAGTTACCGCGGCCA -e 0.2 -o LD_N2_t4_R1.trim.fastq.gz LD_N2_t4_R1_trimmed.fq.gz
Processing single-end reads on 5 cores ...
Finished in 0.815 s (8.525 µs/read; 7.04 M reads/minute).

=== Summary ===

Total reads processed:                  95,639
Reads with adapters:                    92,744 (97.0%)
Reads written (passing filters):        95,639 (100.0%)

Total basepairs processed:     8,232,470 bp
Total written (filtered):      2,128,692 bp (25.9%)

=== Adapter 1 ===

Sequence: GTCTAGAATCGCCGAAAGTAATTCAACTCCATTAA...TCTAGATGCTTACTAGTTACCGCGGCCA; Type: linked; Length: 35+28; 5' trimmed: 92744 times; 3' trimmed: 92744 times

Minimum overlap: 3+3
No. of allowed errors:
1-4 bp: 0; 5-9 bp: 1; 10-14 bp: 2; 15-19 bp: 3; 20-24 bp: 4; 25-29 bp: 5; 30-34 bp: 6; 35 bp: 7

No. of allowed errors:
1-4 bp: 0; 5-9 bp: 1; 10-14 bp: 2; 15-19 bp: 3; 20-24 bp: 4; 25-28 bp: 5

Overview of removed sequences at 5' end
length	count	expect	max.err	error counts
3	8	1494.4	0	8
5	1	93.4	1	0 1
25	4	0.0	5	0 0 0 0 1 3
26	55	0.0	5	2 2 4 17 19 11
33	2	0.0	6	0 0 0 0 1 0 0 1
34	3	0.0	6	0 0 0 1 0 1 0 1
35	152	0.0	7	0 2 3 13 15 40 30 49
36	11177	0.0	7	265 1063 1683 2347 2535 1792 1148 344
37	38967	0.0	7	107 695 2216 6605 10760 10780 5509 2295
38	42284	0.0	7	807 6423 18507 9374 4366 1891 645 271
39	90	0.0	7	0 4 24 27 22 9 4
41	1	0.0	7	0 0 0 0 0 0 0 1



Overview of removed sequences at 3' end
length	count	expect	max.err	error counts
3	4	1494.4	0	4
4	8	373.6	0	0 8
5	29	93.4	1	2 27
6	9	23.3	1	0 9
7	2	5.8	1	0 2
9	5	0.4	1	1 1 3
11	2	0.0	2	1 1
12	1	0.0	2	0 1
14	2	0.0	2	0 1 1
15	13	0.0	3	4 5 3 1
16	10	0.0	3	1 2 2 5
18	1	0.0	3	0 1
19	7	0.0	3	0 0 4 3
20	9	0.0	4	2 3 3 0 1
21	5	0.0	4	2 1 1 0 1
22	6	0.0	4	0 3 2 1
23	12	0.0	4	1 4 2 3 2
24	35	0.0	4	12 12 6 4 1
25	164	0.0	5	30 57 40 16 13 8
26	246	0.0	5	60 92 58 24 6 6
27	14331	0.0	5	9852 3118 934 305 85 37
28	72877	0.0	5	45522 21244 4206 1205 487 213
29	154	0.0	5	7 96 23 9 15 4
30	20	0.0	5	3 1 4 4 1 7
31	26	0.0	5	0 2 6 5 7 6
32	42	0.0	5	3 8 9 12 6 4
33	14	0.0	5	2 1 0 3 5 3
34	21	0.0	5	1 1 5 1 10 3
35	9	0.0	5	0 1 2 4 0 2
36	57	0.0	5	6 10 7 15 10 9
37	69	0.0	5	5 5 8 18 19 14
38	105	0.0	5	7 16 22 25 18 17
39	276	0.0	5	52 78 61 45 26 14
40	768	0.0	5	120 155 163 127 107 96
41	1537	0.0	5	235 328 309 303 209 153
42	525	0.0	5	64 108 122 102 83 46
43	1277	0.0	5	170 295 323 245 145 99
44	9	0.0	5	2 2 2 2 1
45	2	0.0	5	0 0 0 1 1
46	4	0.0	5	0 0 1 2 0 1
47	49	0.0	5	0 0 1 45 2 1
54	2	0.0	5	0 0 0 2
