This is cutadapt 4.6 with Python 3.9.18
Command line parameters: -Z --cores 5 -g GTCTAGAatcgccgaaagtaattcaactccattaa...TCTAGATGCTTACTAGTTACCGCGGCCA -e 0.2 -o pool_t1_R2.trim.fastq.gz pool_t1_R2_trimmed.fq.gz
Processing single-end reads on 5 cores ...
Finished in 3.875 s (6.111 µs/read; 9.82 M reads/minute).

=== Summary ===

Total reads processed:                 634,008
Reads with adapters:                   611,606 (96.5%)
Reads written (passing filters):       634,008 (100.0%)

Total basepairs processed:    54,652,173 bp
Total written (filtered):     14,317,096 bp (26.2%)

=== Adapter 1 ===

Sequence: GTCTAGAATCGCCGAAAGTAATTCAACTCCATTAA...TCTAGATGCTTACTAGTTACCGCGGCCA; Type: linked; Length: 35+28; 5' trimmed: 611606 times; 3' trimmed: 611606 times

Minimum overlap: 3+3
No. of allowed errors:
1-4 bp: 0; 5-9 bp: 1; 10-14 bp: 2; 15-19 bp: 3; 20-24 bp: 4; 25-29 bp: 5; 30-34 bp: 6; 35 bp: 7

No. of allowed errors:
1-4 bp: 0; 5-9 bp: 1; 10-14 bp: 2; 15-19 bp: 3; 20-24 bp: 4; 25-28 bp: 5

Overview of removed sequences at 5' end
length	count	expect	max.err	error counts
3	17	9906.4	0	17
4	1	2476.6	0	1
5	2	619.1	1	0 2
25	1	0.0	5	0 0 0 0 0 1
26	26	0.0	5	0 3 2 4 10 7
31	1	0.0	6	0 0 0 0 0 0 0 1
32	2	0.0	6	0 0 0 0 0 0 1 1
33	7	0.0	6	0 0 0 0 0 1 0 6
34	8	0.0	6	0 0 1 0 1 2 3 1
35	1138	0.0	7	1 28 53 69 136 394 212 245
36	72303	0.0	7	1596 6343 10837 14801 16250 12200 8036 2240
37	255846	0.0	7	590 3492 12048 37480 68128 76201 39922 17985
38	281628	0.0	7	4763 40142 122232 63105 30434 13871 5028 2053
39	625	0.0	7	7 56 167 151 131 68 35 10
40	1	0.0	7	0 0 0 0 0 1



Overview of removed sequences at 3' end
length	count	expect	max.err	error counts
3	28	9906.4	0	28
4	67	2476.6	0	4 63
5	200	619.1	1	7 193
6	35	154.8	1	1 34
7	19	38.7	1	5 14
8	7	9.7	1	1 6
9	24	2.4	1	2 6 16
10	4	0.6	2	1 1 2
11	5	0.2	2	3 1 1
12	8	0.0	2	2 3 3
13	1	0.0	2	1
14	4	0.0	2	2 2
15	80	0.0	3	39 26 10 5
16	55	0.0	3	1 10 24 20
17	15	0.0	3	2 3 6 4
18	13	0.0	3	2 4 5 2
19	96	0.0	3	17 29 27 23
20	57	0.0	4	11 19 11 8 8
21	44	0.0	4	13 8 11 8 4
22	38	0.0	4	5 4 14 8 7
23	76	0.0	4	7 11 23 25 10
24	431	0.0	4	124 120 98 62 26 1
25	1435	0.0	5	240 368 388 221 152 66
26	1596	0.0	5	264 484 400 245 135 68
27	81994	0.0	5	52927 18835 6508 2436 913 375
28	487417	0.0	5	267128 161963 39093 12149 4900 2184
29	1285	0.0	5	120 587 349 124 66 39
30	137	0.0	5	15 14 25 23 28 32
31	165	0.0	5	10 20 26 38 28 43
32	190	0.0	5	18 33 41 46 32 20
33	135	0.0	5	8 17 16 29 34 31
34	151	0.0	5	9 24 16 37 31 34
35	137	0.0	5	5 16 25 17 32 42
36	520	0.0	5	45 62 92 117 100 104
37	469	0.0	5	25 58 81 107 94 104
38	705	0.0	5	34 72 151 140 147 161
39	2126	0.0	5	353 559 436 345 243 190
40	5344	0.0	5	688 913 1048 987 871 837
41	11855	0.0	5	1805 2516 2562 2113 1654 1205
42	4317	0.0	5	504 861 938 813 709 492
43	10190	0.0	5	1082 2156 2501 2113 1395 943
44	97	0.0	5	26 22 18 11 10 10
45	5	0.0	5	0 1 1 1 0 2
46	3	0.0	5	0 1 0 2
47	24	0.0	5	0 0 0 22 2
54	2	0.0	5	0 0 0 1 1
