This is cutadapt 4.6 with Python 3.9.18
Command line parameters: -Z --cores 5 -g GTCTAGAatcgccgaaagtaattcaactccattaa...TCTAGATGCTTACTAGTTACCGCGGCCA -e 0.2 -o pool_t1_R3.trim.fastq.gz pool_t1_R3_trimmed.fq.gz
Processing single-end reads on 5 cores ...
Finished in 2.952 s (6.097 µs/read; 9.84 M reads/minute).

=== Summary ===

Total reads processed:                 484,251
Reads with adapters:                   468,373 (96.7%)
Reads written (passing filters):       484,251 (100.0%)

Total basepairs processed:    41,754,356 bp
Total written (filtered):     10,846,923 bp (26.0%)

=== Adapter 1 ===

Sequence: GTCTAGAATCGCCGAAAGTAATTCAACTCCATTAA...TCTAGATGCTTACTAGTTACCGCGGCCA; Type: linked; Length: 35+28; 5' trimmed: 468373 times; 3' trimmed: 468373 times

Minimum overlap: 3+3
No. of allowed errors:
1-4 bp: 0; 5-9 bp: 1; 10-14 bp: 2; 15-19 bp: 3; 20-24 bp: 4; 25-29 bp: 5; 30-34 bp: 6; 35 bp: 7

No. of allowed errors:
1-4 bp: 0; 5-9 bp: 1; 10-14 bp: 2; 15-19 bp: 3; 20-24 bp: 4; 25-28 bp: 5

Overview of removed sequences at 5' end
length	count	expect	max.err	error counts
3	9	7566.4	0	9
4	1	1891.6	0	1
5	2	472.9	1	0 2
6	1	118.2	1	0 1
25	2	0.0	5	0 0 0 0 1 1
26	80	0.0	5	2 5 10 24 26 13
32	1	0.0	6	0 0 0 0 0 0 0 1
33	3	0.0	6	0 0 0 0 0 0 0 3
34	4	0.0	6	0 0 0 1 0 0 2 1
35	769	0.0	7	3 22 30 48 79 234 168 185
36	57299	0.0	7	1677 6389 9855 12289 12104 8130 5204 1651
37	191987	0.0	7	718 4117 12499 33993 51767 49515 27042 12336
38	217803	0.0	7	5436 39257 90769 45072 22518 9796 3540 1415
39	408	0.0	7	7 35 102 113 84 40 18 9
40	3	0.0	7	0 0 0 0 2 0 1
41	1	0.0	7	0 0 0 0 1



Overview of removed sequences at 3' end
length	count	expect	max.err	error counts
3	13	7566.4	0	13
4	36	1891.6	0	2 34
5	128	472.9	1	4 124
6	16	118.2	1	1 15
7	18	29.6	1	2 16
8	3	7.4	1	0 3
9	19	1.8	1	1 6 12
10	4	0.5	2	1 2 1
11	2	0.1	2	1 1
12	6	0.0	2	1 3 2
13	6	0.0	2	4 1 1
14	5	0.0	2	2 1 2
15	74	0.0	3	25 22 21 6
16	38	0.0	3	2 8 13 15
17	7	0.0	3	0 2 3 1 1
18	5	0.0	3	0 3 2
19	53	0.0	3	6 23 15 9
20	37	0.0	4	10 10 6 5 6
21	40	0.0	4	10 16 7 6 1
22	36	0.0	4	4 6 13 5 8
23	79	0.0	4	7 21 22 21 8
24	300	0.0	4	90 93 55 40 22
25	1120	0.0	5	230 320 262 167 86 55
26	1438	0.0	5	286 437 360 209 98 48
27	72143	0.0	5	50095 14811 4569 1781 642 245
28	361963	0.0	5	213717 111569 24624 7712 3033 1308
29	920	0.0	5	94 431 239 76 43 37
30	96	0.0	5	7 8 25 23 20 13
31	123	0.0	5	2 5 20 29 30 37
32	179	0.0	5	13 45 45 28 31 17
33	77	0.0	5	7 4 15 14 19 18
34	107	0.0	5	6 21 18 20 21 21
35	91	0.0	5	5 7 16 21 25 17
36	398	0.0	5	40 63 79 62 82 72
37	346	0.0	5	22 42 55 60 84 83
38	468	0.0	5	23 68 92 96 103 86
39	1586	0.0	5	317 388 319 242 185 135
40	4243	0.0	5	604 777 881 754 692 535
41	9388	0.0	5	1702 2113 1942 1631 1141 859
42	4083	0.0	5	673 899 826 768 547 370
43	8377	0.0	5	1078 2032 1982 1579 1024 682
44	212	0.0	5	76 50 30 28 17 11
45	11	0.0	5	5 1 1 2 1 1
46	5	0.0	5	0 0 0 4 1
47	65	0.0	5	0 0 1 57 5 2
51	1	0.0	5	0 0 0 0 1
52	1	0.0	5	0 0 0 0 1
53	1	0.0	5	0 0 1
54	6	0.0	5	0 0 0 5 1
