This is cutadapt 4.6 with Python 3.9.18
Command line parameters: -Z --cores 5 -g GTCTAGAatcgccgaaagtaattcaactccattaa...TCTAGATGCTTACTAGTTACCGCGGCCA -e 0.2 -o pool_t0_R1.trim.fastq.gz pool_t0_R1_trimmed.fq.gz
Processing single-end reads on 5 cores ...
Finished in 0.484 s (12.844 µs/read; 4.67 M reads/minute).

=== Summary ===

Total reads processed:                  37,703
Reads with adapters:                    36,593 (97.1%)
Reads written (passing filters):        37,703 (100.0%)

Total basepairs processed:     3,248,327 bp
Total written (filtered):        834,550 bp (25.7%)

=== Adapter 1 ===

Sequence: GTCTAGAATCGCCGAAAGTAATTCAACTCCATTAA...TCTAGATGCTTACTAGTTACCGCGGCCA; Type: linked; Length: 35+28; 5' trimmed: 36593 times; 3' trimmed: 36593 times

Minimum overlap: 3+3
No. of allowed errors:
1-4 bp: 0; 5-9 bp: 1; 10-14 bp: 2; 15-19 bp: 3; 20-24 bp: 4; 25-29 bp: 5; 30-34 bp: 6; 35 bp: 7

No. of allowed errors:
1-4 bp: 0; 5-9 bp: 1; 10-14 bp: 2; 15-19 bp: 3; 20-24 bp: 4; 25-28 bp: 5

Overview of removed sequences at 5' end
length	count	expect	max.err	error counts
3	2	589.1	0	2
26	80	0.0	5	1 6 9 26 14 24
34	1	0.0	6	0 0 0 0 0 0 1
35	66	0.0	7	0 1 6 4 2 26 14 13
36	4469	0.0	7	103 432 711 944 997 694 454 134
37	15465	0.0	7	40 216 726 2398 4147 4543 2368 1027
38	16478	0.0	7	302 2351 7290 3572 1758 794 294 117
39	31	0.0	7	0 1 11 5 5 4 4 1
46	1	0.0	7	1



Overview of removed sequences at 3' end
length	count	expect	max.err	error counts
3	1	589.1	0	1
4	3	147.3	0	0 3
5	12	36.8	1	0 12
8	2	0.6	1	1 1
9	2	0.1	1	0 1 1
15	3	0.0	3	1 1 1
16	1	0.0	3	0 0 0 1
18	1	0.0	3	0 0 0 1
19	2	0.0	3	0 1 0 1
20	5	0.0	4	1 0 3 1
21	4	0.0	4	0 3 1
22	2	0.0	4	0 2
23	4	0.0	4	0 1 0 2 1
24	25	0.0	4	9 8 4 2 2
25	90	0.0	5	27 21 22 13 4 3
26	97	0.0	5	19 32 24 14 5 3
27	5316	0.0	5	3847 1020 302 111 29 7
28	28647	0.0	5	17451 8773 1665 487 197 74
29	69	0.0	5	8 38 16 5 2
30	10	0.0	5	3 3 2 1 0 1
31	11	0.0	5	1 1 1 2 3 3
32	12	0.0	5	1 1 5 1 3 1
33	10	0.0	5	0 3 3 2 1 1
34	10	0.0	5	1 5 1 1 2
35	6	0.0	5	0 1 1 2 2
36	23	0.0	5	2 5 5 3 3 5
37	37	0.0	5	2 7 6 5 8 9
38	36	0.0	5	3 9 7 7 6 4
39	127	0.0	5	27 41 26 12 10 11
40	331	0.0	5	58 65 65 53 53 37
41	647	0.0	5	113 162 134 106 76 56
42	286	0.0	5	30 48 56 74 47 31
43	674	0.0	5	100 178 154 113 80 49
44	9	0.0	5	2 2 2 1 2
45	2	0.0	5	0 0 0 1 1
46	1	0.0	5	0 0 0 1
47	70	0.0	5	0 0 1 65 4
51	1	0.0	5	0 0 0 0 1
53	1	0.0	5	0 0 0 0 1
54	3	0.0	5	0 0 0 1 1 1
