This is cutadapt 4.6 with Python 3.9.18
Command line parameters: -Z --cores 5 -g GTCTAGAatcgccgaaagtaattcaactccattaa...TCTAGATGCTTACTAGTTACCGCGGCCA -e 0.2 -o pool_t1_R1.trim.fastq.gz pool_t1_R1_trimmed.fq.gz
Processing single-end reads on 5 cores ...
Finished in 3.416 s (6.324 µs/read; 9.49 M reads/minute).

=== Summary ===

Total reads processed:                 540,090
Reads with adapters:                   519,629 (96.2%)
Reads written (passing filters):       540,090 (100.0%)

Total basepairs processed:    46,637,589 bp
Total written (filtered):     12,302,513 bp (26.4%)

=== Adapter 1 ===

Sequence: GTCTAGAATCGCCGAAAGTAATTCAACTCCATTAA...TCTAGATGCTTACTAGTTACCGCGGCCA; Type: linked; Length: 35+28; 5' trimmed: 519629 times; 3' trimmed: 519629 times

Minimum overlap: 3+3
No. of allowed errors:
1-4 bp: 0; 5-9 bp: 1; 10-14 bp: 2; 15-19 bp: 3; 20-24 bp: 4; 25-29 bp: 5; 30-34 bp: 6; 35 bp: 7

No. of allowed errors:
1-4 bp: 0; 5-9 bp: 1; 10-14 bp: 2; 15-19 bp: 3; 20-24 bp: 4; 25-28 bp: 5

Overview of removed sequences at 5' end
length	count	expect	max.err	error counts
3	27	8438.9	0	27
5	3	527.4	1	0 3
25	1	0.0	5	0 0 0 0 0 1
26	135	0.0	5	4 12 23 28 35 33
32	4	0.0	6	0 0 0 0 0 0 1 3
33	4	0.0	6	0 0 0 0 0 0 0 4
34	8	0.0	6	0 0 0 0 2 2 3 1
35	878	0.0	7	2 19 47 61 95 287 182 185
36	60970	0.0	7	1438 5877 9628 12215 13475 10024 6381 1932
37	215157	0.0	7	542 3064 10529 31823 56583 62845 34258 15513
38	241928	0.0	7	4371 34585 104381 53864 26615 11927 4392 1793
39	508	0.0	7	5 32 137 133 99 51 32 19
40	6	0.0	7	0 0 0 1 3 0 1 1



Overview of removed sequences at 3' end
length	count	expect	max.err	error counts
3	18	8438.9	0	18
4	79	2109.7	0	9 70
5	189	527.4	1	3 186
6	36	131.9	1	0 36
7	16	33.0	1	1 15
8	5	8.2	1	2 3
9	25	2.1	1	2 3 20
10	3	0.5	2	0 3
11	4	0.1	2	1 3
12	4	0.0	2	1 2 1
13	3	0.0	2	0 0 3
14	10	0.0	2	3 4 3
15	72	0.0	3	23 29 10 10
16	38	0.0	3	1 12 12 13
17	2	0.0	3	0 1 1
18	12	0.0	3	1 5 3 3
19	49	0.0	3	10 19 13 7
20	59	0.0	4	14 18 21 4 2
21	63	0.0	4	19 17 12 9 6
22	42	0.0	4	0 13 7 7 15
23	74	0.0	4	4 16 16 22 16
24	377	0.0	4	90 113 91 50 33
25	1233	0.0	5	273 332 279 193 101 55
26	1531	0.0	5	298 465 371 235 125 37
27	73313	0.0	5	50022 15325 5062 1966 690 248
28	405124	0.0	5	233108 129688 28209 8761 3739 1619
29	1095	0.0	5	111 555 270 88 39 32
30	130	0.0	5	14 13 23 26 29 25
31	176	0.0	5	4 20 36 37 34 45
32	210	0.0	5	19 43 44 46 33 25
33	91	0.0	5	6 15 5 20 24 21
34	141	0.0	5	10 17 23 19 38 34
35	126	0.0	5	2 14 17 30 34 29
36	511	0.0	5	49 82 86 94 100 100
37	409	0.0	5	20 45 55 87 100 102
38	617	0.0	5	28 73 117 128 129 142
39	1962	0.0	5	380 468 379 332 224 179
40	4982	0.0	5	658 910 951 912 823 728
41	11506	0.0	5	2009 2559 2356 1980 1558 1044
42	4605	0.0	5	691 948 903 914 668 481
43	10328	0.0	5	1263 2471 2521 1887 1331 855
44	213	0.0	5	69 58 36 26 14 10
45	13	0.0	5	3 3 1 4 2
46	10	0.0	5	1 0 0 8 0 1
47	113	0.0	5	0 0 2 98 13
51	2	0.0	5	0 0 0 1 0 1
52	1	0.0	5	0 0 0 1
53	2	0.0	5	0 0 0 1 1
54	5	0.0	5	0 0 0 3 0 2
