This is cutadapt 4.6 with Python 3.9.18
Command line parameters: -Z --cores 5 -g GTCTAGAatcgccgaaagtaattcaactccattaa...TCTAGATGCTTACTAGTTACCGCGGCCA -e 0.2 -o pool_t0_R3.trim.fastq.gz pool_t0_R3_trimmed.fq.gz
Processing single-end reads on 5 cores ...
Finished in 0.256 s (33.944 µs/read; 1.77 M reads/minute).

=== Summary ===

Total reads processed:                   7,537
Reads with adapters:                     7,270 (96.5%)
Reads written (passing filters):         7,537 (100.0%)

Total basepairs processed:       650,095 bp
Total written (filtered):        169,932 bp (26.1%)

=== Adapter 1 ===

Sequence: GTCTAGAATCGCCGAAAGTAATTCAACTCCATTAA...TCTAGATGCTTACTAGTTACCGCGGCCA; Type: linked; Length: 35+28; 5' trimmed: 7270 times; 3' trimmed: 7270 times

Minimum overlap: 3+3
No. of allowed errors:
1-4 bp: 0; 5-9 bp: 1; 10-14 bp: 2; 15-19 bp: 3; 20-24 bp: 4; 25-29 bp: 5; 30-34 bp: 6; 35 bp: 7

No. of allowed errors:
1-4 bp: 0; 5-9 bp: 1; 10-14 bp: 2; 15-19 bp: 3; 20-24 bp: 4; 25-28 bp: 5

Overview of removed sequences at 5' end
length	count	expect	max.err	error counts
25	2	0.0	5	0 0 0 0 0 2
26	40	0.0	5	1 2 5 12 9 11
35	10	0.0	7	0 0 1 0 2 3 3 1
36	858	0.0	7	30 91 127 187 191 127 79 26
37	3010	0.0	7	6 46 157 479 815 837 472 198
38	3338	0.0	7	74 542 1403 719 347 172 59 22
39	12	0.0	7	0 1 2 2 4 1 2



Overview of removed sequences at 3' end
length	count	expect	max.err	error counts
4	2	29.4	0	0 2
5	2	7.4	1	0 2
6	1	1.8	1	0 1
9	1	0.0	1	0 0 1
15	1	0.0	3	0 1
16	1	0.0	3	0 0 0 1
20	1	0.0	4	0 0 0 0 1
21	1	0.0	4	0 1
23	1	0.0	4	0 0 0 1
24	8	0.0	4	3 4 1
25	15	0.0	5	2 6 3 1 1 2
26	14	0.0	5	3 2 3 4 2
27	979	0.0	5	609 244 71 40 8 7
28	5735	0.0	5	3109 1925 450 153 67 31
29	8	0.0	5	0 3 2 1 2
30	3	0.0	5	0 0 0 2 1
31	2	0.0	5	0 1 1
32	1	0.0	5	0 0 1
35	2	0.0	5	0 1 0 0 0 1
36	2	0.0	5	0 0 1 0 1
37	7	0.0	5	0 0 1 3 2 1
38	7	0.0	5	0 3 0 3 0 1
39	26	0.0	5	5 2 10 4 5
40	63	0.0	5	8 12 9 10 13 11
41	154	0.0	5	23 28 27 33 23 20
42	55	0.0	5	10 8 8 16 9 4
43	135	0.0	5	11 25 33 32 22 12
44	1	0.0	5	0 0 0 1
45	2	0.0	5	0 0 1 1
46	2	0.0	5	0 0 0 1 1
47	34	0.0	5	0 0 0 33 1
50	1	0.0	5	0 0 0 0 0 1
53	1	0.0	5	0 0 0 1
54	2	0.0	5	0 0 0 1 1
