This is cutadapt 4.6 with Python 3.9.18
Command line parameters: -Z --cores 5 -g GTCTAGAatcgccgaaagtaattcaactccattaa...TCTAGATGCTTACTAGTTACCGCGGCCA -e 0.2 -o pool_t0_R2.trim.fastq.gz pool_t0_R2_trimmed.fq.gz
Processing single-end reads on 5 cores ...
Finished in 0.329 s (25.107 µs/read; 2.39 M reads/minute).

=== Summary ===

Total reads processed:                  13,094
Reads with adapters:                    12,758 (97.4%)
Reads written (passing filters):        13,094 (100.0%)

Total basepairs processed:     1,127,922 bp
Total written (filtered):        286,418 bp (25.4%)

=== Adapter 1 ===

Sequence: GTCTAGAATCGCCGAAAGTAATTCAACTCCATTAA...TCTAGATGCTTACTAGTTACCGCGGCCA; Type: linked; Length: 35+28; 5' trimmed: 12758 times; 3' trimmed: 12758 times

Minimum overlap: 3+3
No. of allowed errors:
1-4 bp: 0; 5-9 bp: 1; 10-14 bp: 2; 15-19 bp: 3; 20-24 bp: 4; 25-29 bp: 5; 30-34 bp: 6; 35 bp: 7

No. of allowed errors:
1-4 bp: 0; 5-9 bp: 1; 10-14 bp: 2; 15-19 bp: 3; 20-24 bp: 4; 25-28 bp: 5

Overview of removed sequences at 5' end
length	count	expect	max.err	error counts
3	1	204.6	0	1
25	3	0.0	5	0 0 1 0 1 1
26	86	0.0	5	0 3 18 20 29 16
35	15	0.0	7	0 0 1 2 1 5 2 4
36	1533	0.0	7	49 185 272 318 315 219 131 44
37	5154	0.0	7	18 102 331 873 1457 1338 709 326
38	5948	0.0	7	142 1086 2554 1197 578 261 95 35
39	18	0.0	7	0 1 4 4 4 3 2



Overview of removed sequences at 3' end
length	count	expect	max.err	error counts
5	2	12.8	1	0 2
8	1	0.2	1	1
9	1	0.0	1	0 0 1
15	1	0.0	3	1
17	1	0.0	3	0 0 1
19	2	0.0	3	0 1 1
20	1	0.0	4	0 0 1
21	2	0.0	4	1 0 1
22	1	0.0	4	1
23	1	0.0	4	0 1
24	6	0.0	4	1 3 1 1
25	27	0.0	5	7 9 7 2 1 1
26	33	0.0	5	12 13 7 0 1
27	2070	0.0	5	1571 382 88 17 9 3
28	9771	0.0	5	7124 2033 426 116 48 24
29	27	0.0	5	6 15 4 2
30	5	0.0	5	3 0 1 1
31	5	0.0	5	1 1 0 0 2 1
32	2	0.0	5	0 1 1
33	2	0.0	5	0 1 0 1
34	5	0.0	5	0 2 3
36	3	0.0	5	0 2 0 1
37	10	0.0	5	1 1 1 0 4 3
38	12	0.0	5	1 2 5 1 2 1
39	46	0.0	5	11 10 6 10 7 2
40	78	0.0	5	11 11 17 17 12 10
41	222	0.0	5	41 59 43 37 28 14
42	127	0.0	5	28 18 24 35 16 6
43	196	0.0	5	42 58 36 32 17 11
44	11	0.0	5	6 2 0 2 1
45	3	0.0	5	0 0 0 2 1
46	5	0.0	5	0 0 0 5
47	74	0.0	5	0 0 0 69 5
52	1	0.0	5	0 0 0 0 0 1
53	1	0.0	5	0 0 0 0 1
54	3	0.0	5	0 0 0 1 2
